# Testing 1296 configurations 
# Reading [4] trace.out files from [../parrot-traces/polybench-subset-normal/]
# -> Parrot_l1_2mm.latency_trace.out
# -> Parrot_l1_deriche.latency_trace.out
# -> Parrot_l1_correlation.latency_trace.out
# -> Parrot_l1_adi.latency_trace.out
# Done loading files.
pct acc threshold phase_length stable_min window_start summarize proj_dist proj_delta p_j
0.645445 4.40519 0.5 50000 3 50 1500 5 1 4
0.75798 9.90547 0.65 50000 3 25 1500 5 1 4
0.76803 9.90016 0.65 10000 3 20 1000 5 1 8
0.720808 8.68107 0.6 100000 3 50 1000 10 0.5 4
0.757924 9.65834 0.65 100000 3 20 1000 5 1 4
0.776083 10.0366 0.65 10000 3 25 1500 10 1 4
0.708303 15.3049 0.6 10000 3 20 1000 5 0.5 10
0.765258 9.54012 0.65 100000 3 50 1000 5 2 4
0.779456 13.1878 0.65 10000 3 50 1500 5 2 4
0.680707 4.56384 0.5 100000 3 50 1000 10 1 4
0.733094 8.56171 0.6 50000 3 20 1500 10 1 4
0.757023 6.36936 0.5 50000 3 50 1000 5 2 4
0.886024 6.40637 0.5 100000 3 20 1500 5 2 4
0.704077 4.13849 0.5 10000 3 20 1000 10 2 6
0.750603 9.80565 0.65 100000 3 20 1500 10 2 4
0.569787 0.252323 0.5 100000 3 50 1500 10 0.5 4
0.731732 15.1266 0.6 10000 3 25 1000 10 1 8
0.670218 4.77382 0.5 100000 3 25 1500 5 0.5 4
0.734099 8.55772 0.6 50000 3 50 1500 10 2 4
0.727334 9.9485 0.65 100000 3 25 1000 10 1 4
0.703261 15.2074 0.6 10000 3 50 1000 10 0.5 4
0.709372 4.3826 0.5 50000 3 20 1000 5 1 4
0.624915 5.72455 0.5 10000 3 50 1500 5 1 8
0.679231 4.47584 0.5 50000 3 25 1000 10 1 4
0.677236 4.71874 0.5 10000 3 20 1000 5 0.5 4
0.742754 9.81311 0.65 50000 3 50 1000 5 0.5 4
0.774853 10.1073 0.65 10000 3 25 1000 10 2 4
0.635329 7.70529 0.65 100000 3 25 1500 10 0.5 4
0.734509 8.42772 0.6 100000 3 20 1500 5 1 4
0.678858 4.8925 0.5 10000 3 20 1500 10 1 8
0.701225 18.0698 0.6 10000 3 50 1500 5 2 6
0.746169 10.0963 0.65 10000 3 50 1000 10 0.5 4
0.745054 8.33381 0.6 50000 3 50 1000 5 1 4
0.681613 4.51907 0.5 50000 3 20 1500 5 0.5 4
0.648636 9.58853 0.6 50000 3 50 1500 5 0.5 4
0.639996 4.2272 0.5 50000 3 25 1500 10 0.5 4
0.70756 8.78337 0.6 100000 3 25 1000 5 0.5 4
0.854678 8.03986 0.5 10000 3 50 1000 5 2 6
0.733546 14.994 0.6 10000 3 20 1500 10 2 6
0.690289 4.35684 0.5 100000 3 25 1000 5 1 4
0.635025 16.2612 0.6 10000 3 25 1500 10 0.5 10
0.75608 6.00483 0.5 50000 3 20 1500 10 2 4
0.731834 8.69855 0.6 50000 3 20 1000 10 2 4
0.750601 9.94948 0.65 50000 3 20 1000 10 1 4
0.710978 8.82793 0.6 100000 3 25 1500 10 1 4
0.698528 4.54906 0.5 10000 3 25 1500 10 0.5 4
0.604148 3.90995 0.5 10000 3 25 1000 10 0.5 10
0.864631 14.9975 0.6 50000 3 25 1500 5 2 4
0.774523 9.98377 0.65 10000 3 25 1000 5 0.5 4
0.929967 14.5478 0.6 100000 3 20 1000 5 2 4
0.688701 4.53093 0.5 100000 3 25 1500 10 2 4
0.647313 4.14034 0.5 50000 3 50 1500 5 1 6
0.753744 10.0571 0.65 10000 3 20 1500 5 0.5 10
0.712679 15.1386 0.6 10000 3 20 1500 5 0.5 4
0.969354 14.6133 0.65 50000 3 25 1000 5 2 4
0.708072 8.60039 0.6 50000 3 25 1000 10 0.5 4
0.727103 8.52142 0.6 100000 3 25 1000 10 2 4
0.736051 9.82283 0.65 50000 3 20 1500 10 0.5 4
0.730882 8.71136 0.6 50000 3 20 1000 5 0.5 4
0.732422 10.0833 0.65 100000 3 20 1500 5 0.5 4
0.753073 9.83515 0.65 50000 3 50 1000 10 2 4
0.67977 11.5149 0.65 100000 3 50 1500 5 1 4
0.797661 16.9415 0.6 100000 3 50 1500 5 2 4
0.687145 4.71882 0.5 100000 3 20 1000 10 0.5 4
0.564322 4.51741 0.6 100000 3 50 1000 10 0.5 6
0.751041 9.82415 0.65 50000 3 25 1500 5 1 6
0.743355 14.7134 0.6 10000 3 20 1000 5 1 4
0.733211 9.96132 0.65 50000 3 50 1500 10 1 4
0.686123 14.6845 0.65 10000 3 50 1500 5 2 6
0.776237 10.0631 0.65 10000 3 25 1500 10 1 6
0.609886 6.11431 0.5 100000 3 50 1000 10 1 6
0.87673 13.5749 0.65 100000 3 50 1000 5 2 6
0.757385 9.62734 0.65 100000 3 20 1000 5 1 6
0.718263 9.02733 0.6 50000 3 20 1500 10 1 6
0.691495 4.47543 0.5 10000 3 20 1000 10 2 8
0.596791 14.6174 0.6 10000 3 50 1000 10 0.5 6
0.695384 3.71239 0.5 50000 3 50 1000 5 2 6
0.734099 8.55772 0.6 50000 3 50 1500 10 2 6
0.76803 9.90016 0.65 10000 3 20 1000 5 1 10
0.731732 15.1266 0.6 10000 3 25 1000 10 1 10
0.670461 11.4864 0.65 50000 3 50 1000 5 0.5 6
0.678517 4.50824 0.5 50000 3 25 1000 10 1 6
0.624915 5.72455 0.5 10000 3 50 1500 5 1 10
0.774618 10.0972 0.65 10000 3 25 1000 10 2 6
0.612382 5.98835 0.5 50000 3 50 1500 5 1 8
0.749972 9.77768 0.65 100000 3 20 1500 10 2 6
0.730829 3.59233 0.5 100000 3 20 1500 5 2 6
0.678622 4.84914 0.5 10000 3 20 1500 10 1 10
0.555978 0.510602 0.5 100000 3 50 1500 10 0.5 6
0.671415 4.85344 0.5 100000 3 25 1500 5 0.5 6
0.702466 8.82421 0.6 100000 3 25 1000 5 0.5 6
0.68163 4.59833 0.5 100000 3 25 1000 5 1 6
0.731834 8.69855 0.6 50000 3 20 1000 10 2 6
0.729795 8.69918 0.6 50000 3 20 1000 5 0.5 6
0.721464 10.0319 0.65 100000 3 25 1000 10 1 6
0.818707 11.1729 0.6 100000 3 20 1000 5 2 6
0.665192 18.687 0.6 10000 3 50 1500 5 2 8
0.77349 10.045 0.65 10000 3 25 1000 5 0.5 6
0.715224 3.97638 0.5 100000 3 25 1500 10 2 6
0.677038 4.71142 0.5 10000 3 20 1000 5 0.5 6
0.749876 9.87619 0.65 50000 3 20 1000 10 1 6
0.649631 9.67582 0.6 50000 3 50 1500 5 0.5 6
0.727154 15.0011 0.6 10000 3 20 1000 5 1 6
0.654604 8.57549 0.65 10000 3 50 1000 10 0.5 6
0.660321 8.79108 0.6 50000 3 25 1000 10 0.5 6
0.693516 4.5116 0.5 50000 3 20 1000 5 1 6
0.661739 3.95997 0.5 10000 3 50 1000 5 2 8
0.564322 4.51741 0.6 100000 3 50 1000 10 0.5 8
0.751041 9.82415 0.65 50000 3 25 1500 5 1 8
0.734936 15.1692 0.6 10000 3 25 1500 10 1 4
0.773243 9.90702 0.65 10000 3 20 1500 5 1 4
0.64372 5.31564 0.5 50000 3 20 1500 5 0.5 6
0.64453 7.75713 0.65 50000 3 20 1500 10 0.5 6
0.698681 4.54962 0.5 10000 3 25 1500 10 0.5 6
0.67977 11.5149 0.65 100000 3 50 1500 5 1 6
0.732422 10.0833 0.65 100000 3 20 1500 5 0.5 6
0.763083 11.4304 0.6 50000 3 25 1500 5 2 6
0.712505 8.88709 0.6 100000 3 25 1500 10 1 6
0.565006 4.84027 0.5 100000 3 20 1000 10 0.5 6
0.685826 14.3087 0.65 10000 3 50 1500 5 2 8
0.728531 15.0461 0.6 10000 3 20 1500 10 2 8
0.696541 4.62884 0.5 10000 3 25 1000 10 1 4
0.671153 8.95845 0.6 50000 3 50 1000 5 1 6
0.68291 11.6389 0.65 10000 3 25 1500 10 1 8
0.726935 8.58379 0.6 100000 3 20 1500 5 1 6
0.704526 4.11223 0.5 50000 3 20 1500 10 2 6
0.76327 13.1913 0.65 50000 3 25 1000 5 2 6
0.722031 8.58715 0.6 100000 3 25 1000 10 2 6
0.712679 15.1386 0.6 10000 3 20 1500 5 0.5 6
0.781979 17.2892 0.6 100000 3 50 1500 5 2 6
0.635329 7.70529 0.65 100000 3 25 1500 10 0.5 6
0.609886 6.11431 0.5 100000 3 50 1000 10 1 8
0.602471 4.10312 0.5 50000 3 25 1500 10 0.5 6
0.676393 11.5072 0.65 50000 3 50 1000 10 2 6
0.74178 9.85561 0.65 50000 3 50 1500 10 1 6
0.545463 10.7283 0.6 10000 3 50 1000 10 0.5 8
0.684053 11.0576 0.65 100000 3 50 1000 5 2 8
0.644835 9.73685 0.6 50000 3 20 1500 10 1 8
0.74847 9.91234 0.65 100000 3 20 1000 5 1 8
0.677269 4.60737 0.5 50000 3 25 1000 10 1 8
0.612382 5.98835 0.5 50000 3 50 1500 5 1 10
0.745202 14.9942 0.6 10000 3 25 1000 10 2 4
0.662473 9.57316 0.6 50000 3 50 1500 10 2 8
0.670461 11.4864 0.65 50000 3 50 1000 5 0.5 8
0.77438 9.97879 0.65 10000 3 25 1000 10 2 8
0.663947 4.29388 0.5 50000 3 50 1000 5 2 8
0.691495 4.47543 0.5 10000 3 20 1000 10 2 10
0.954219 13.9254 0.65 10000 3 20 1000 5 2 4
0.709901 6.65307 0.5 10000 3 20 1500 10 2 4
0.715614 4.0952 0.5 100000 3 20 1500 5 2 8
0.702466 8.82421 0.6 100000 3 25 1000 5 0.5 8
0.761348 6.7258 0.5 10000 3 50 1500 5 2 4
0.555978 0.510602 0.5 100000 3 50 1500 10 0.5 8
0.658406 7.74432 0.6 50000 3 20 1000 5 0.5 8
0.565684 0.526682 0.5 100000 3 25 1500 5 0.5 8
0.746709 9.75845 0.65 100000 3 20 1500 10 2 8
0.665192 18.687 0.6 10000 3 50 1500 5 2 10
0.630631 7.85731 0.65 100000 3 25 1000 10 1 8
0.754408 10.2733 0.65 10000 3 25 1000 5 0.5 8
0.68163 4.59833 0.5 100000 3 25 1000 5 1 8
0.73112 8.60759 0.6 50000 3 20 1000 10 2 8
0.743749 8.49695 0.6 100000 3 20 1000 5 2 8
0.616926 5.90026 0.5 100000 3 25 1500 10 2 8
0.727154 15.0011 0.6 10000 3 20 1000 5 1 8
0.545756 4.39851 0.65 10000 3 50 1000 10 0.5 8
0.657388 3.78859 0.5 10000 3 50 1000 5 2 10
0.56999 0.22646 0.5 50000 3 20 1500 5 0.5 8
0.749876 9.87619 0.65 50000 3 20 1000 10 1 8
0.604937 6.19164 0.5 10000 3 25 1500 10 0.5 8
0.588611 7.77771 0.6 50000 3 25 1000 10 0.5 8
0.73509 15.1632 0.6 10000 3 25 1500 10 1 6
0.620868 5.92891 0.5 50000 3 20 1500 10 2 8
0.773243 9.90702 0.65 10000 3 20 1500 5 1 6
0.751041 9.82415 0.65 50000 3 25 1500 5 1 10
0.562483 4.47042 0.6 100000 3 50 1000 10 0.5 10
0.693516 4.5116 0.5 50000 3 20 1000 5 1 8
0.571585 4.38504 0.65 50000 3 20 1500 10 0.5 8
0.657974 9.61859 0.6 50000 3 50 1000 5 1 8
0.732059 10.1571 0.65 100000 3 20 1500 5 0.5 8
0.68291 11.6389 0.65 10000 3 25 1500 10 1 10
0.685826 14.3087 0.65 10000 3 50 1500 5 2 10
0.560905 4.81299 0.5 100000 3 20 1000 10 0.5 8
0.722031 8.58715 0.6 100000 3 25 1000 10 2 8
0.695677 4.57203 0.5 10000 3 25 1000 10 1 6
0.758467 13.3201 0.65 50000 3 25 1000 5 2 8
0.67977 11.5149 0.65 100000 3 50 1500 5 1 8
0.563199 4.4086 0.65 100000 3 25 1500 10 0.5 8
0.726935 8.58379 0.6 100000 3 20 1500 5 1 8
0.609886 6.11431 0.5 100000 3 50 1000 10 1 10
0.728531 15.0461 0.6 10000 3 20 1500 10 2 10
0.565074 0.270015 0.5 50000 3 25 1500 10 0.5 8
0.649631 9.67582 0.6 50000 3 50 1500 5 0.5 8
0.521683 10.8534 0.6 10000 3 50 1000 10 0.5 10
0.738378 11.8041 0.6 50000 3 25 1500 5 2 8
0.606799 6.14091 0.5 50000 3 25 1000 10 1 10
0.640375 9.87844 0.6 100000 3 25 1500 10 1 8
0.676393 11.5072 0.65 50000 3 50 1000 10 2 8
0.712679 15.1386 0.6 10000 3 20 1500 5 0.5 8
0.670154 11.5715 0.65 50000 3 50 1500 10 1 8
0.662149 13.22 0.6 100000 3 50 1500 5 2 8
0.678613 11.6864 0.65 100000 3 50 1000 5 2 10
0.644253 9.68875 0.6 50000 3 20 1500 10 1 10
0.677195 4.709 0.5 10000 3 20 1000 5 0.5 8
0.889182 6.61495 0.5 50000 3 50 1500 5 2 4
0.733705 15.1966 0.6 10000 3 25 1000 10 2 6
0.74847 9.91234 0.65 100000 3 20 1000 5 1 10
0.773798 9.94399 0.65 10000 3 25 1000 10 2 10
0.663947 4.29388 0.5 50000 3 50 1000 5 2 10
0.676902 4.56646 0.5 10000 3 20 1500 5 0.5 4
0.662473 9.57316 0.6 50000 3 50 1500 10 2 10
0.670461 11.4864 0.65 50000 3 50 1000 5 0.5 10
0.714966 4.02824 0.5 10000 3 20 1500 10 2 6
0.690574 6.53402 0.5 10000 3 50 1500 5 2 6
0.780961 11.8473 0.65 10000 3 20 1000 5 2 6
0.658406 7.74432 0.6 50000 3 20 1000 5 0.5 10
0.630429 9.78383 0.6 100000 3 25 1000 5 0.5 10
0.534803 0.464941 0.5 100000 3 50 1500 10 0.5 10
0.655543 5.17496 0.5 100000 3 20 1500 5 2 10
0.565684 0.526682 0.5 100000 3 25 1500 5 0.5 10
0.731174 10.1144 0.65 10000 3 25 1000 5 0.5 10
0.670531 15.5353 0.6 10000 3 50 1500 10 0.5 4
0.73112 8.60759 0.6 50000 3 20 1000 10 2 10
0.727154 15.0011 0.6 10000 3 20 1000 5 1 10
0.674579 11.4551 0.65 100000 3 20 1500 10 2 10
0.521976 4.55207 0.65 10000 3 50 1000 10 0.5 10
0.625984 7.76887 0.65 100000 3 25 1000 10 1 10
0.64515 4.87894 0.5 100000 3 25 1000 5 1 10
0.616926 5.90026 0.5 100000 3 25 1500 10 2 10
0.598654 6.21502 0.5 10000 3 25 1500 10 0.5 10
0.56999 0.22646 0.5 50000 3 20 1500 5 0.5 10
0.666235 4.68793 0.5 10000 3 50 1000 10 0.5 4
0.620868 5.92891 0.5 50000 3 20 1500 10 2 10
0.735071 8.68259 0.6 100000 3 20 1000 5 2 10
0.66227 16.0401 0.6 10000 3 25 1500 10 1 8
0.692231 4.51086 0.5 50000 3 20 1000 5 1 10
0.770228 9.96179 0.65 10000 3 20 1500 5 1 8
0.516637 4.51781 0.6 50000 3 25 1000 10 0.5 10
0.749876 9.87619 0.65 50000 3 20 1000 10 1 10
0.746872 10.0975 0.65 10000 3 50 1500 10 0.5 4
0.721544 8.6897 0.6 100000 3 50 1000 10 1 4
0.695677 4.57203 0.5 10000 3 25 1000 10 1 8
0.657974 9.61859 0.6 50000 3 50 1000 5 1 10
0.571585 4.38504 0.65 50000 3 20 1500 10 0.5 10
0.779758 9.98909 0.65 10000 3 25 1500 10 2 4
0.878067 16.3552 0.65 50000 3 25 1500 5 2 4
0.65993 11.9186 0.65 100000 3 20 1500 5 0.5 10
0.685504 15.0419 0.65 50000 3 25 1000 5 2 10
0.721702 8.58598 0.6 100000 3 25 1000 10 2 10
0.542766 4.36339 0.65 100000 3 25 1500 10 0.5 10
0.522034 3.9465 0.5 100000 3 20 1000 10 0.5 10
0.541642 0.251063 0.5 50000 3 25 1500 10 0.5 10
0.71768 15.1566 0.6 10000 3 50 1000 10 1 4
0.733515 15.0763 0.6 10000 3 25 1000 5 0.5 4
0.5776 4.3798 0.6 50000 3 50 1500 5 0.5 10
0.706483 4.06748 0.5 100000 3 50 1000 10 2 4
0.725452 8.6389 0.6 100000 3 20 1500 5 1 10
0.73719 3.55688 0.5 50000 3 25 1000 10 2 4
0.588131 4.2679 0.65 100000 3 50 1500 5 1 10
0.677452 15.487 0.6 10000 3 20 1500 5 0.5 10
0.738378 11.8041 0.6 50000 3 25 1500 5 2 10
0.763072 10.7696 0.6 50000 3 20 1500 10 2 4
0.676393 11.5072 0.65 50000 3 50 1000 10 2 10
0.640375 9.87844 0.6 100000 3 25 1500 10 1 10
0.670154 11.5715 0.65 50000 3 50 1500 10 1 10
0.705573 6.63196 0.5 50000 3 50 1500 5 2 6
0.740582 9.85791 0.65 100000 3 50 1000 10 0.5 4
0.733467 15.0781 0.6 10000 3 25 1000 10 2 8
0.672563 4.77781 0.5 10000 3 20 1000 5 0.5 10
0.682337 4.55894 0.5 50000 3 50 1000 10 0.5 4
0.776083 10.0366 0.65 10000 3 25 1500 5 0.5 4
0.676902 4.56646 0.5 10000 3 20 1500 5 0.5 6
0.662149 13.22 0.6 100000 3 50 1500 5 2 10
0.692755 4.48612 0.5 10000 3 20 1500 10 2 8
0.961851 16.8963 0.65 100000 3 20 1000 5 2 4
0.654541 6.66122 0.5 10000 3 50 1500 5 2 8
0.750839 9.88059 0.65 50000 3 20 1000 5 0.5 4
0.7804 12.3684 0.65 10000 3 20 1000 5 2 8
0.747126 8.58544 0.6 50000 3 20 1000 5 1 4
0.751832 9.79178 0.65 50000 3 50 1000 5 1 4
0.774988 9.91725 0.65 10000 3 25 1000 5 1 4
0.670926 4.8355 0.5 100000 3 20 1500 10 0.5 4
0.730668 8.47336 0.6 100000 3 25 1000 5 1 4
0.60694 6.08171 0.5 100000 3 50 1500 10 1 4
0.63157 16.1546 0.6 10000 3 50 1500 10 0.5 6
0.944841 18.5283 0.6 10000 3 20 1000 5 2 4
0.719477 8.6968 0.6 50000 3 20 1500 5 0.5 4
0.716312 3.97273 0.5 100000 3 25 1500 5 1 4
0.59525 4.22369 0.5 10000 3 50 1000 10 0.5 6
0.732541 6.40633 0.5 50000 3 20 1500 5 1 4
0.678305 4.63201 0.5 50000 3 25 1000 5 0.5 4
0.755946 10.1558 0.65 10000 3 50 1000 10 1 4
0.727334 9.9485 0.65 100000 3 25 1000 5 0.5 4
0.742432 9.78895 0.65 100000 3 25 1000 10 2 4
0.66227 16.0401 0.6 10000 3 25 1500 10 1 10
0.699132 4.53527 0.5 10000 3 25 1500 10 1 4
0.769166 6.44968 0.5 50000 3 20 1000 5 2 4
0.770228 9.96179 0.65 10000 3 20 1500 5 1 10
0.680707 4.56384 0.5 100000 3 50 1000 5 0.5 4
0.727674 8.80969 0.6 100000 3 20 1000 10 0.5 4
0.71704 8.58521 0.6 50000 3 25 1000 10 1 4
0.90073 4.80923 0.5 100000 3 25 1000 5 2 4
0.652205 11.7681 0.65 10000 3 50 1500 10 0.5 6
0.695109 4.52728 0.5 10000 3 25 1000 10 1 10
0.776528 10.0449 0.65 10000 3 25 1500 10 2 6
0.751791 9.87002 0.65 50000 3 20 1000 10 2 4
0.648889 9.76717 0.6 100000 3 50 1000 10 1 6
0.931911 14.7303 0.6 50000 3 50 1000 5 2 4
0.676884 4.94711 0.5 50000 3 25 1500 10 1 4
0.767181 12.7343 0.65 50000 3 25 1500 5 2 6
0.677884 15.6 0.6 10000 3 50 1000 10 1 6
0.753051 9.737 0.65 50000 3 20 1500 10 1 4
0.732578 15.1443 0.6 10000 3 25 1000 5 0.5 6
0.661468 9.59674 0.6 50000 3 50 1500 5 1 4
0.746709 9.75845 0.65 100000 3 20 1500 5 1 4
0.72803 9.7685 0.65 50000 3 25 1000 10 0.5 4
0.700456 4.18083 0.5 50000 3 25 1000 10 2 6
0.661526 4.20055 0.5 100000 3 50 1000 10 2 6
0.687474 4.71881 0.5 100000 3 20 1000 10 1 4
0.710978 8.82793 0.6 100000 3 25 1500 5 0.5 4
0.736449 14.8891 0.6 10000 3 20 1500 5 1 4
0.730752 9.99991 0.65 100000 3 25 1500 10 1 4
0.642382 8.12443 0.6 50000 3 25 1500 10 0.5 4
0.65637 4.78186 0.5 50000 3 50 1500 5 2 8
0.743312 8.40642 0.6 50000 3 20 1500 10 2 6
0.895215 19.1075 0.65 100000 3 50 1500 5 2 4
0.893934 11.0172 0.6 100000 3 20 1500 5 2 4
0.57534 0.257646 0.5 50000 3 50 1000 10 0.5 6
0.668594 11.4776 0.65 50000 3 50 1500 5 0.5 4
0.732885 15.0312 0.6 10000 3 25 1000 10 2 10
0.564322 4.51741 0.65 100000 3 50 1000 10 0.5 6
0.754056 9.74572 0.65 50000 3 50 1500 10 2 4
0.776237 10.0631 0.65 10000 3 25 1500 5 0.5 6
0.729461 8.56488 0.6 100000 3 25 1500 10 2 4
0.676902 4.56646 0.5 10000 3 20 1500 5 0.5 8
0.740301 3.73811 0.5 10000 3 20 1000 5 1 4
0.692639 4.468 0.5 10000 3 20 1500 10 2 10
0.654541 6.66122 0.5 10000 3 50 1500 5 2 10
0.574355 4.36957 0.6 100000 3 50 1500 10 0.5 4
0.915726 12.4567 0.65 100000 3 20 1000 5 2 6
0.7804 12.3684 0.65 10000 3 20 1000 5 2 10
0.749752 9.86811 0.65 50000 3 20 1000 5 0.5 6
0.774523 9.98377 0.65 10000 3 25 1000 5 1 6
0.73127 8.67021 0.6 50000 3 20 1000 5 1 6
0.677042 4.82801 0.5 50000 3 25 1000 5 0.5 6
0.614641 16.0353 0.6 10000 3 50 1500 10 0.5 8
0.634822 4.07082 0.5 100000 3 20 1500 10 0.5 6
0.756252 16.6545 0.6 10000 3 20 1000 5 2 6
0.543958 0.343505 0.5 10000 3 50 1000 10 0.5 8
0.658293 4.94498 0.5 50000 3 20 1500 5 1 6
0.755946 10.1558 0.65 10000 3 50 1000 10 1 6
0.603249 6.02111 0.5 100000 3 50 1500 10 1 6
0.722009 8.63847 0.6 100000 3 25 1000 5 1 6
0.717522 9.01385 0.6 50000 3 20 1500 5 0.5 6
0.687311 4.4887 0.5 100000 3 25 1500 5 1 6
0.699286 4.53583 0.5 10000 3 25 1500 10 1 6
0.753951 6.24957 0.5 50000 3 20 1000 5 2 6
0.758169 14.9516 0.6 10000 3 25 1500 10 2 4
0.609886 6.11431 0.5 100000 3 50 1000 5 0.5 6
0.741806 9.76115 0.65 100000 3 25 1000 10 2 6
0.72224 9.99845 0.65 100000 3 25 1000 5 0.5 6
0.858962 14.0722 0.65 10000 3 20 1500 5 2 4
0.635276 11.6488 0.65 10000 3 50 1500 10 0.5 8
0.605639 8.92043 0.6 100000 3 20 1000 10 0.5 6
0.716326 8.6429 0.6 50000 3 25 1000 10 1 6
0.839671 6.14951 0.5 10000 3 25 1000 10 2 4
0.683201 11.5977 0.65 10000 3 25 1500 10 2 8
0.677931 11.4994 0.65 50000 3 50 1000 5 1 6
0.64205 5.398 0.5 50000 3 25 1500 10 1 6
0.73188 3.52103 0.5 100000 3 25 1000 5 2 6
0.676013 9.07405 0.6 50000 3 50 1000 5 2 6
0.673413 15.5607 0.6 10000 3 50 1000 10 1 8
0.713496 15.3754 0.6 10000 3 25 1000 5 0.5 8
0.648889 9.76717 0.6 100000 3 50 1000 10 1 8
0.751791 9.87002 0.65 50000 3 20 1000 10 2 6
0.698603 4.17468 0.5 50000 3 25 1000 10 2 8
0.655843 9.78084 0.6 50000 3 50 1500 5 1 6
0.758335 12.9785 0.65 50000 3 25 1500 5 2 8
0.738221 10.1995 0.65 50000 3 20 1500 10 1 6
0.680279 9.95919 0.65 50000 3 25 1000 10 0.5 6
0.746709 9.75845 0.65 100000 3 20 1500 5 1 6
0.640639 4.83594 0.5 100000 3 50 1000 10 2 8
0.732178 14.9848 0.6 10000 3 20 1500 5 1 6
0.64795 5.36054 0.5 50000 3 50 1500 5 2 10
0.687266 4.6554 0.5 100000 3 20 1000 10 1 6
0.712027 8.90909 0.6 100000 3 25 1500 5 0.5 6
0.57534 0.257646 0.5 50000 3 50 1000 10 0.5 8
0.63969 7.77528 0.6 50000 3 25 1500 10 0.5 6
0.658073 9.68621 0.6 50000 3 20 1500 10 2 8
0.732279 10.0604 0.65 100000 3 25 1500 10 1 6
0.734936 15.1692 0.6 10000 3 25 1500 5 0.5 4
0.895215 19.1075 0.65 100000 3 50 1500 5 2 6
0.741524 8.31545 0.6 100000 3 20 1500 5 2 6
0.68291 11.6389 0.65 10000 3 25 1500 5 0.5 8
0.669588 11.5649 0.65 50000 3 50 1500 5 0.5 6
0.641439 4.9743 0.5 10000 3 20 1500 5 0.5 10
0.564322 4.51741 0.65 100000 3 50 1000 10 0.5 8
0.754056 9.74572 0.65 50000 3 50 1500 10 2 6
0.69746 4.56569 0.5 10000 3 25 1000 5 0.5 4
0.633134 5.07239 0.5 10000 3 50 1500 10 0.5 4
0.727923 8.52416 0.6 100000 3 25 1500 10 2 6
0.691257 4.498 0.5 10000 3 20 1000 5 1 6
0.648948 4.71359 0.5 50000 3 25 1000 5 0.5 8
0.748176 10.1749 0.65 10000 3 20 1000 10 0.5 4
0.774285 9.86532 0.65 10000 3 25 1000 5 1 8
0.562474 4.5577 0.6 100000 3 50 1500 10 0.5 6
0.75785 9.74378 0.65 100000 3 20 1000 5 2 8
0.73127 8.67021 0.6 50000 3 20 1000 5 1 8
0.658406 7.74432 0.65 50000 3 20 1000 5 0.5 8
0.614641 16.0353 0.6 10000 3 50 1500 10 0.5 10
0.520178 0.476588 0.5 10000 3 50 1000 10 0.5 10
0.620868 5.92891 0.5 50000 3 20 1500 5 1 8
0.749662 10.114 0.65 10000 3 50 1000 10 1 8
0.601026 4.27602 0.5 100000 3 20 1500 10 0.5 8
0.755691 17.1755 0.6 10000 3 20 1000 5 2 8
0.601019 6.47655 0.5 100000 3 50 1500 10 1 8
0.626502 5.98019 0.5 10000 3 25 1500 10 1 8
0.572568 4.36553 0.6 50000 3 20 1500 5 0.5 8
0.754939 15.0374 0.6 10000 3 25 1500 10 2 6
0.732398 3.81277 0.5 50000 3 20 1000 5 2 8
0.615251 5.91866 0.5 100000 3 25 1500 5 1 8
0.722009 8.63847 0.6 100000 3 25 1000 5 1 8
0.773853 9.89145 0.65 10000 3 20 1500 5 2 6
0.635276 11.6488 0.65 10000 3 50 1500 10 0.5 10
0.609886 6.11431 0.5 100000 3 50 1000 5 0.5 8
0.72224 9.99845 0.65 100000 3 25 1000 5 0.5 8
0.741806 9.76115 0.65 100000 3 25 1000 10 2 8
0.683201 11.5977 0.65 10000 3 25 1500 10 2 10
0.604654 6.35679 0.5 50000 3 25 1500 10 1 8
0.721885 4.10614 0.5 10000 3 25 1000 10 2 6
0.716037 8.75703 0.6 50000 3 25 1000 10 1 8
0.603701 8.95332 0.6 100000 3 20 1000 10 0.5 8
0.673006 15.5312 0.6 10000 3 50 1000 10 1 10
0.646399 4.87983 0.5 50000 3 25 1000 10 2 10
0.673706 8.96593 0.6 50000 3 50 1000 5 2 8
0.690261 15.2164 0.6 10000 3 25 1000 5 0.5 10
0.716432 3.92567 0.5 100000 3 25 1000 5 2 8
0.649916 9.66963 0.6 50000 3 50 1500 5 1 8
0.648889 9.76717 0.6 100000 3 50 1000 10 1 10
0.751077 9.77907 0.65 50000 3 20 1000 10 2 8
0.677931 11.4994 0.65 50000 3 50 1000 5 1 8
0.596601 6.15449 0.5 50000 3 50 1500 10 0.5 4
0.729163 15.0396 0.6 10000 3 20 1500 5 1 8
0.758335 12.9785 0.65 50000 3 25 1500 5 2 10
0.570891 0.30775 0.5 50000 3 50 1000 10 0.5 10
0.664793 11.6187 0.65 50000 3 20 1500 10 1 8
0.588611 7.77771 0.65 50000 3 25 1000 10 0.5 8
0.658073 9.68621 0.6 50000 3 20 1500 10 2 10
0.566773 4.41397 0.6 50000 3 25 1500 10 0.5 8
0.687266 4.6554 0.5 100000 3 20 1000 10 1 8
0.746709 9.75845 0.65 100000 3 20 1500 5 1 8
0.610073 5.89835 0.5 100000 3 50 1000 10 2 10
0.660149 11.7625 0.65 100000 3 25 1500 10 1 8
0.73509 15.1632 0.6 10000 3 25 1500 5 0.5 6
0.68291 11.6389 0.65 10000 3 25 1500 5 0.5 10
0.568665 4.60481 0.6 100000 3 25 1500 5 0.5 8
0.691414 4.49559 0.5 10000 3 20 1000 5 1 8
0.681923 15.0946 0.65 100000 3 50 1500 5 2 8
0.723751 3.8465 0.5 10000 3 20 1500 5 1 4
0.731697 8.7051 0.6 100000 3 20 1500 5 2 8
0.696523 4.59151 0.5 10000 3 25 1000 5 0.5 6
0.68243 11.4616 0.65 50000 3 50 1500 10 2 8
0.59421 6.14507 0.5 10000 3 50 1500 10 0.5 6
0.669588 11.5649 0.65 50000 3 50 1500 5 0.5 8
0.562483 4.47042 0.65 100000 3 50 1000 10 0.5 10
0.57749 6.04603 0.5 50000 3 25 1000 5 0.5 10
0.655794 9.49464 0.6 100000 3 25 1500 10 2 8
0.774285 9.86532 0.65 10000 3 25 1000 5 1 10
0.748333 10.1701 0.65 10000 3 20 1000 10 0.5 6
0.624439 6.07184 0.5 50000 3 20 1500 5 1 10
0.73127 8.67021 0.6 50000 3 20 1000 5 1 10
0.681643 4.59185 0.5 10000 3 50 1000 10 1 4
0.709669 15.0604 0.6 10000 3 50 1500 10 1 4
0.749256 10.1167 0.65 10000 3 50 1000 10 1 10
0.626057 6.02911 0.5 10000 3 25 1500 10 1 10
0.540576 0.362865 0.5 100000 3 20 1500 10 0.5 10
0.755691 17.1755 0.6 10000 3 20 1000 5 2 10
0.562474 4.5577 0.6 100000 3 50 1500 10 0.5 8
0.658406 7.74432 0.65 50000 3 20 1000 5 0.5 10
0.749173 9.97942 0.65 100000 3 20 1000 5 2 10
0.565041 0.623712 0.5 100000 3 50 1500 10 1 10
0.572568 4.36553 0.6 50000 3 20 1500 5 0.5 10
0.662561 15.9945 0.6 10000 3 25 1500 10 2 8
0.727539 3.88528 0.5 50000 3 20 1000 5 2 10
0.611082 6.04973 0.5 100000 3 25 1500 5 1 10
0.604654 6.35679 0.5 50000 3 25 1500 10 1 10
0.773853 9.89145 0.65 10000 3 20 1500 5 2 8
0.649643 9.64199 0.6 100000 3 25 1000 5 1 10
0.761741 9.8921 0.65 10000 3 50 1500 10 1 4
0.755675 10.0425 0.65 10000 3 50 1000 5 0.5 4
0.609886 6.11431 0.5 100000 3 50 1000 5 0.5 10
0.650204 11.6734 0.65 100000 3 25 1000 5 0.5 10
0.644063 9.84352 0.6 50000 3 25 1000 10 1 10
0.741476 9.75999 0.65 100000 3 25 1000 10 2 10
0.675945 4.9419 0.5 50000 3 25 1500 5 0.5 4
0.721647 3.9877 0.5 10000 3 25 1000 10 2 8
0.741332 14.7532 0.6 10000 3 50 1000 10 2 4
0.741835 14.8508 0.6 10000 3 25 1000 5 1 4
0.528944 7.7975 0.6 100000 3 20 1000 10 0.5 10
0.673706 8.96593 0.6 50000 3 50 1000 5 2 10
0.597233 6.06879 0.5 50000 3 50 1500 10 0.5 6
0.693875 4.55394 0.5 50000 3 50 1000 10 1 4
0.649916 9.66963 0.6 50000 3 50 1500 5 1 10
0.693936 15.3835 0.6 10000 3 20 1500 5 1 10
0.680594 4.06282 0.5 100000 3 25 1000 5 2 10
0.729967 8.53728 0.6 100000 3 50 1000 10 2 4
0.516637 4.51781 0.65 50000 3 25 1000 10 0.5 10
0.751077 9.77907 0.65 50000 3 20 1000 10 2 10
0.691414 4.49559 0.5 10000 3 20 1000 5 1 10
0.716114 8.77189 0.6 50000 3 25 1000 5 0.5 4
0.642382 8.12443 0.65 50000 3 25 1500 10 0.5 4
0.543341 4.39501 0.6 50000 3 25 1500 10 0.5 10
0.66421 11.5753 0.65 50000 3 20 1500 10 1 10
0.677931 11.4994 0.65 50000 3 50 1000 5 1 10
0.776621 10.0236 0.65 10000 3 25 1500 5 1 4
0.66227 16.0401 0.6 10000 3 25 1500 5 0.5 8
0.60694 6.08171 0.5 100000 3 50 1500 5 0.5 4
0.696402 4.42342 0.5 10000 3 20 1500 5 1 6
0.687266 4.6554 0.5 100000 3 20 1000 10 1 10
0.745226 9.81757 0.65 100000 3 20 1500 5 1 10
0.577281 6.02582 0.5 10000 3 50 1500 10 0.5 8
0.660149 11.7625 0.65 100000 3 25 1500 10 1 10
0.677441 4.8155 0.5 10000 3 25 1000 5 0.5 8
0.681923 15.0946 0.65 100000 3 50 1500 5 2 10
0.568665 4.60481 0.6 100000 3 25 1500 5 0.5 10
0.68243 11.4616 0.65 50000 3 50 1500 10 2 10
0.701803 4.17848 0.5 50000 3 25 1000 5 1 4
0.730214 8.76021 0.6 100000 3 20 1500 5 2 10
0.5776 4.3798 0.65 50000 3 50 1500 5 0.5 10
0.741319 9.86653 0.65 100000 3 50 1000 10 1 4
0.970932 18.403 0.65 10000 3 25 1000 5 2 4
0.656739 8.63834 0.65 10000 3 20 1000 10 0.5 8
0.655794 9.49464 0.6 100000 3 25 1500 10 2 10
0.773369 11.184 0.6 50000 3 20 1000 5 2 4
0.927251 6.41007 0.5 50000 3 20 1500 5 2 4
0.640859 5.20063 0.5 10000 3 50 1000 10 1 6
0.666345 18.95 0.6 10000 3 50 1500 10 1 6
0.742781 3.99368 0.5 10000 3 25 1500 10 2 4
0.77527 9.85022 0.65 10000 3 50 1000 10 2 4
0.707223 15.2812 0.6 10000 3 20 1000 10 0.5 4
0.672558 4.89511 0.5 100000 3 20 1500 10 1 4
0.662561 15.9945 0.6 10000 3 25 1500 10 2 10
0.641778 4.70778 0.5 50000 3 20 1000 10 0.5 4
0.659186 3.59767 0.5 100000 3 50 1500 10 2 4
0.747449 9.97621 0.65 100000 3 20 1000 10 0.5 4
0.751466 9.90319 0.65 50000 3 20 1000 5 1 4
0.541299 4.51204 0.6 100000 3 50 1500 10 0.5 10
0.742143 11.1429 0.6 50000 3 20 1500 5 1 4
0.74273 3.70234 0.5 50000 3 25 1500 10 2 4
0.773853 9.89145 0.65 10000 3 20 1500 5 2 10
0.68698 14.5717 0.65 10000 3 50 1500 10 1 6
0.794274 7.27426 0.5 100000 3 25 1500 5 2 4
0.64205 5.398 0.5 50000 3 25 1500 5 0.5 6
0.750278 9.93742 0.65 10000 3 50 1000 5 0.5 6
0.91083 9.32216 0.6 100000 3 25 1000 5 2 4
0.697127 4.56418 0.5 10000 3 25 1000 10 2 10
0.717084 3.83646 0.5 100000 3 50 1000 5 1 4
0.723646 15.0252 0.6 10000 3 50 1000 10 2 6
0.747209 8.24213 0.6 50000 3 25 1000 10 2 4
0.73361 15.071 0.6 10000 3 25 1000 5 1 6
0.597233 6.06879 0.5 50000 3 50 1500 10 0.5 8
0.750442 9.60851 0.65 100000 3 25 1000 5 1 4
0.730752 9.99991 0.65 100000 3 25 1500 5 0.5 4
0.722548 8.63432 0.6 50000 3 50 1000 10 0.5 4
0.613922 6.04446 0.5 50000 3 50 1000 10 1 6
0.846312 18.7186 0.6 10000 3 20 1500 5 2 4
0.728004 8.81283 0.6 100000 3 20 1000 10 1 4
0.770755 5.2076 0.5 10000 3 20 1000 5 2 4
0.625955 4.05523 0.5 100000 3 25 1000 10 0.5 4
0.766544 9.08688 0.6 50000 3 50 1500 5 2 4
0.652609 9.54563 0.6 100000 3 50 1000 10 2 6
0.71485 8.9679 0.6 50000 3 25 1000 5 0.5 6
0.736998 9.75747 0.65 50000 3 25 1000 10 1 4
0.693386 4.47819 0.5 10000 3 20 1500 5 1 8
0.739434 9.87208 0.65 50000 3 20 1500 5 0.5 4
0.66227 16.0401 0.6 10000 3 25 1500 5 0.5 10
0.776775 10.0501 0.65 10000 3 25 1500 5 1 6
0.714973 9.09323 0.6 50000 3 25 1500 10 1 4
0.345473 5.93524 0.5 10000 3 50 1500 10 0.5 10
0.63969 7.77528 0.65 50000 3 25 1500 10 0.5 6
0.770735 12.1282 0.65 50000 3 20 1500 10 2 4
0.602145 6.30625 0.5 100000 3 50 1500 5 0.5 6
0.653638 4.61182 0.5 10000 3 25 1000 5 0.5 10
0.688386 4.50688 0.5 50000 3 25 1000 5 1 6
0.574355 4.36957 0.65 100000 3 50 1500 10 0.5 4
0.738633 3.78575 0.5 100000 3 20 1000 10 2 4
0.947474 16.2162 0.65 50000 3 50 1000 5 2 4
0.925644 11.582 0.65 100000 3 20 1500 5 2 4
0.675742 4.74056 0.5 100000 3 20 1000 5 0.5 4
0.749236 9.73891 0.65 100000 3 25 1500 10 2 4
0.781045 13.5413 0.65 10000 3 25 1000 5 2 6
0.729461 8.56488 0.6 100000 3 25 1500 5 1 4
0.719135 4.41115 0.5 10000 3 25 1500 10 2 6
0.636387 5.15769 0.5 10000 3 50 1000 10 1 8
0.71328 8.94557 0.6 100000 3 20 1500 10 0.5 4
0.754174 5.92119 0.5 50000 3 20 1500 5 2 6
0.668663 11.634 0.65 100000 3 50 1000 10 1 6
0.77527 9.85022 0.65 10000 3 50 1000 10 2 6
0.681425 11.4852 0.65 50000 3 50 1500 5 1 4
0.656739 8.63834 0.65 10000 3 20 1000 10 0.5 10
0.641919 16.12 0.6 10000 3 50 1500 10 1 8
0.721544 8.6897 0.6 100000 3 50 1000 5 0.5 4
0.758154 11.0389 0.6 50000 3 20 1000 5 2 6
0.706842 15.2575 0.6 10000 3 20 1000 10 0.5 6
0.577552 3.98963 0.5 50000 3 20 1000 10 0.5 6
0.712767 15.1473 0.6 10000 3 50 1000 5 0.5 4
0.659671 4.95027 0.5 50000 3 25 1500 10 2 6
0.671926 4.87065 0.5 100000 3 20 1500 10 1 6
0.604654 6.35679 0.5 50000 3 25 1500 5 0.5 8
0.651139 3.89424 0.5 100000 3 50 1500 10 2 6
0.661369 8.52661 0.65 10000 3 20 1500 10 0.5 4
0.731018 8.68651 0.6 50000 3 20 1500 5 1 6
0.64622 9.742 0.6 100000 3 50 1500 10 1 4
0.662553 11.7251 0.65 10000 3 50 1500 10 1 8
0.625413 10.0957 0.65 100000 3 20 1000 10 0.5 6
0.751228 9.84197 0.65 50000 3 20 1000 5 1 6
0.656652 11.4224 0.65 10000 3 50 1000 5 0.5 8
0.72153 3.88033 0.5 100000 3 25 1500 5 2 6
0.699132 4.53527 0.5 10000 3 25 1500 5 0.5 4
0.755582 5.32629 0.5 10000 3 20 1000 5 2 6
0.48456 0.533022 0.5 50000 3 50 1500 10 0.5 10
0.69902 15.3029 0.6 10000 3 50 1000 10 2 8
0.733372 14.9526 0.6 10000 3 25 1000 5 1 8
0.618858 6.07982 0.5 100000 3 50 1000 5 1 6
0.738265 8.42412 0.6 50000 3 25 1000 10 2 6
0.613922 6.04446 0.5 50000 3 50 1000 10 1 8
0.743221 8.30465 0.6 100000 3 25 1000 5 2 6
0.757457 14.5951 0.6 10000 3 20 1500 5 2 6
0.578585 4.31599 0.6 50000 3 50 1000 10 0.5 6
0.741784 9.81368 0.65 100000 3 25 1000 5 1 6
0.731801 10.0811 0.65 100000 3 25 1500 5 0.5 6
0.727718 8.73572 0.6 100000 3 20 1000 10 1 6
0.747838 11.3752 0.6 50000 3 50 1500 5 2 6
0.658044 4.90816 0.5 10000 3 20 1500 5 1 10
0.683448 11.6029 0.65 10000 3 25 1500 5 1 8
0.687427 4.52591 0.5 50000 3 25 1000 5 1 8
0.743997 14.9573 0.6 10000 3 25 1500 5 1 4
0.672272 4.52899 0.5 10000 3 50 1500 10 1 4
0.649076 9.54579 0.6 100000 3 50 1000 10 2 8
0.736283 9.81341 0.65 50000 3 25 1000 10 1 6
0.687716 8.83505 0.6 50000 3 25 1000 5 0.5 8
0.714973 9.09323 0.6 50000 3 25 1500 10 1 6
0.713638 4.17424 0.5 10000 3 25 1000 5 1 4
0.566773 4.41397 0.65 50000 3 25 1500 10 0.5 8
0.737479 10.1833 0.65 50000 3 20 1500 5 0.5 6
0.601019 6.47655 0.5 100000 3 50 1500 5 0.5 8
0.750975 9.86033 0.65 50000 3 20 1500 10 2 6
0.562474 4.5577 0.65 100000 3 50 1500 10 0.5 6
0.625328 4.01236 0.5 100000 3 25 1000 10 0.5 6
0.699683 4.36766 0.5 100000 3 20 1000 10 2 6
0.781045 13.5413 0.65 10000 3 25 1000 5 2 8
0.682238 11.6466 0.65 50000 3 50 1000 5 2 6
0.749148 9.78709 0.65 100000 3 20 1500 5 2 6
0.626793 5.93554 0.5 10000 3 25 1500 10 2 8
0.641814 7.20829 0.5 50000 3 20 1500 5 2 8
0.635981 5.13639 0.5 10000 3 50 1000 10 1 10
0.727923 8.52416 0.6 100000 3 25 1500 5 1 6
0.686683 4.59537 0.5 100000 3 20 1000 5 0.5 6
0.640619 7.92394 0.6 100000 3 20 1500 10 0.5 6
0.747698 9.69818 0.65 100000 3 25 1500 10 2 6
0.77527 9.85022 0.65 10000 3 50 1000 10 2 8
0.753654 10.1334 0.65 10000 3 20 1000 10 1 4
0.6758 11.6705 0.65 50000 3 50 1500 5 1 6
0.635498 14.4229 0.6 10000 3 20 1000 10 0.5 8
0.641331 16.2256 0.6 10000 3 50 1500 10 1 10
0.668663 11.634 0.65 100000 3 50 1000 10 1 8
0.736602 8.66158 0.6 50000 3 20 1000 5 2 8
0.648889 9.76717 0.6 100000 3 50 1000 5 0.5 6
0.622274 5.93091 0.5 50000 3 25 1500 10 2 8
0.553453 3.96669 0.5 50000 3 20 1000 10 0.5 8
0.604654 6.35679 0.5 50000 3 25 1500 5 0.5 10
0.661369 8.52661 0.65 10000 3 20 1500 10 0.5 6
0.672215 15.3897 0.6 10000 3 50 1000 5 0.5 6
0.661966 11.8306 0.65 10000 3 50 1500 10 1 10
0.637977 5.3146 0.5 100000 3 20 1500 10 1 8
0.620716 5.98004 0.5 100000 3 50 1500 10 2 8
0.658073 9.68621 0.6 50000 3 20 1500 5 1 8
0.755179 5.84489 0.5 10000 3 20 1000 5 2 8
0.656839 11.443 0.65 10000 3 50 1000 5 0.5 10
0.642528 9.68141 0.6 100000 3 50 1500 10 1 6
0.623476 10.1286 0.65 100000 3 20 1000 10 0.5 8
0.751228 9.84197 0.65 50000 3 20 1000 5 1 8
0.639343 5.1133 0.5 50000 3 50 1500 10 1 4
0.699286 4.53583 0.5 10000 3 25 1500 5 0.5 6
0.694102 15.2899 0.6 10000 3 50 1000 10 2 10
0.628465 5.10194 0.5 100000 3 25 1500 5 2 8
0.733372 14.9526 0.6 10000 3 25 1000 5 1 10
0.613922 6.04446 0.5 50000 3 50 1000 10 1 10
0.732788 14.9692 0.6 10000 3 20 1500 5 2 8
0.737371 8.39029 0.6 50000 3 25 1000 10 2 8
0.578585 4.31599 0.6 50000 3 50 1000 10 0.5 8
0.609886 6.11431 0.5 100000 3 50 1000 5 1 8
0.725961 8.5869 0.6 100000 3 25 1000 5 2 8
0.741784 9.81368 0.65 100000 3 25 1000 5 1 8
0.866224 6.80531 0.5 10000 3 20 1500 5 2 4
0.568665 4.60481 0.65 100000 3 25 1500 5 0.5 8
0.663115 10.5499 0.6 50000 3 50 1500 5 2 8
0.727718 8.73572 0.6 100000 3 20 1000 10 1 8
0.615969 5.9977 0.5 50000 3 25 1000 5 1 10
0.628985 8.94233 0.5 10000 3 50 1500 10 1 6
0.735628 15.1473 0.6 10000 3 25 1500 5 1 6
0.683448 11.6029 0.65 10000 3 25 1500 5 1 10
0.697852 4.60396 0.5 10000 3 25 1000 5 1 6
0.614753 9.74301 0.6 50000 3 25 1000 5 0.5 10
0.642056 10.0664 0.6 50000 3 25 1500 10 1 8
0.649076 9.54579 0.6 100000 3 50 1000 10 2 10
0.735994 9.94253 0.65 50000 3 25 1000 10 1 8
0.543341 4.39501 0.65 50000 3 25 1500 10 0.5 10
0.562474 4.5577 0.65 100000 3 50 1500 10 0.5 8
0.572568 4.36553 0.65 50000 3 20 1500 5 0.5 8
0.780056 12.5982 0.65 10000 3 25 1000 5 2 10
0.565041 0.623712 0.5 100000 3 50 1500 5 0.5 10
0.626502 5.96625 0.5 10000 3 25 1500 10 2 10
0.641814 7.20829 0.5 50000 3 20 1500 5 2 10
0.67803 11.5683 0.65 50000 3 20 1500 10 2 8
0.68743 4.63674 0.5 100000 3 20 1000 10 2 8
0.705295 4.16146 0.5 10000 3 50 1000 10 2 4
0.654118 9.51304 0.6 100000 3 25 1500 5 1 8
0.753811 10.1285 0.65 10000 3 20 1000 10 1 6
0.770352 9.86561 0.65 10000 3 50 1000 10 2 10
0.679931 11.5384 0.65 50000 3 50 1000 5 2 8
0.686683 4.59537 0.5 100000 3 20 1000 5 0.5 8
0.640619 7.92394 0.6 100000 3 20 1500 10 0.5 8
0.751471 9.87975 0.65 100000 3 20 1500 5 2 8
0.635498 14.4229 0.6 10000 3 20 1000 10 0.5 10
0.480494 4.16488 0.5 50000 3 20 1000 10 0.5 10
0.675568 11.3823 0.65 100000 3 25 1500 10 2 8
0.60796 4.05406 0.5 100000 3 25 1000 10 0.5 8
0.731569 3.88109 0.5 50000 3 25 1500 5 1 4
0.72796 18.0976 0.6 10000 3 50 1500 10 2 4
0.622274 5.93091 0.5 50000 3 25 1500 10 2 10
0.669873 11.5593 0.65 50000 3 50 1500 5 1 8
0.732164 8.75671 0.6 50000 3 20 1000 5 2 10
0.737455 6.33794 0.5 10000 3 20 1000 5 2 10
0.636109 15.8198 0.6 10000 3 50 1000 5 0.5 8
0.668663 11.634 0.65 100000 3 50 1000 10 1 10
0.661369 8.52661 0.65 10000 3 20 1500 10 0.5 8
0.648889 9.76717 0.6 100000 3 50 1000 5 0.5 8
0.780032 12.9293 0.65 10000 3 50 1500 10 2 4
0.620716 5.98004 0.5 100000 3 50 1500 10 2 10
0.601733 6.29788 0.5 100000 3 20 1500 10 1 10
0.773589 9.83917 0.65 10000 3 50 1000 5 1 4
0.661643 9.82914 0.6 50000 3 20 1500 5 1 10
0.676915 4.0255 0.5 50000 3 50 1500 10 1 6
0.626502 5.98019 0.5 10000 3 25 1500 5 0.5 8
0.722152 3.94296 0.5 50000 3 50 1000 10 2 4
0.528944 7.7975 0.65 100000 3 20 1000 10 0.5 10
0.682681 15.2837 0.6 10000 3 50 1500 5 0.5 4
0.953945 22.9661 0.6 10000 3 25 1000 5 2 4
0.751228 9.84197 0.65 50000 3 20 1000 5 1 10
0.697561 15.3132 0.6 10000 3 20 1500 5 2 10
0.640298 10.1368 0.6 100000 3 50 1500 10 1 8
0.620639 5.96617 0.5 100000 3 25 1500 5 2 10
0.578585 4.31599 0.6 50000 3 50 1000 10 0.5 10
0.653232 9.69954 0.6 50000 3 25 1000 10 2 10
0.609886 6.11431 0.5 100000 3 50 1000 5 1 10
0.604558 6.10864 0.5 10000 3 50 1500 10 1 8
0.852942 4.08302 0.5 10000 3 20 1500 5 2 6
0.923518 12.0435 0.5 50000 3 25 1000 5 2 4
0.656048 10.01 0.6 100000 3 25 1000 5 2 10
0.663115 10.5499 0.6 50000 3 50 1500 5 2 10
0.669418 11.5228 0.65 100000 3 25 1000 5 1 10
0.89217 13.5177 0.65 10000 3 25 1500 5 2 4
0.662808 15.9997 0.6 10000 3 25 1500 5 1 8
0.568665 4.60481 0.65 100000 3 25 1500 5 0.5 10
0.727718 8.73572 0.6 100000 3 20 1000 10 1 10
0.697614 4.48552 0.5 10000 3 25 1000 5 1 8
0.737342 8.46745 0.6 50000 3 25 1000 5 1 4
0.642056 10.0664 0.6 50000 3 25 1500 10 1 10
0.679878 8.46769 0.65 10000 3 25 1000 10 0.5 4
0.541299 4.51204 0.65 100000 3 50 1500 10 0.5 10
0.66402 11.7191 0.65 50000 3 25 1000 10 1 10
0.67673 4.61191 0.5 10000 3 50 1000 5 0.5 4
0.64622 9.742 0.6 100000 3 50 1500 5 0.5 4
0.676379 4.52381 0.5 50000 3 20 1500 10 0.5 4
0.686621 4.53227 0.5 10000 3 50 1000 10 2 6
0.73493 10.2668 0.65 50000 3 25 1500 10 1 4
0.572568 4.36553 0.65 50000 3 20 1500 5 0.5 10
0.759022 9.86566 0.65 10000 3 50 1500 5 0.5 4
0.753811 10.1285 0.65 10000 3 20 1000 10 1 8
0.628937 4.8989 0.5 100000 3 50 1500 5 1 4
0.649949 9.64411 0.6 100000 3 25 1500 5 1 10
0.68743 4.63674 0.5 100000 3 20 1000 10 2 10
0.67803 11.5683 0.65 50000 3 20 1500 10 2 10
0.671325 4.76646 0.5 10000 3 20 1000 10 0.5 4
0.686222 4.6553 0.5 100000 3 20 1000 5 0.5 10
0.725441 14.961 0.6 10000 3 20 1000 10 1 4
0.679931 11.5384 0.65 50000 3 50 1000 5 2 10
0.692813 4.59853 0.5 50000 3 20 1000 10 1 4
0.675449 4.35529 0.5 50000 3 25 1500 5 1 6
0.683556 4.5374 0.5 50000 3 50 1000 5 0.5 4
0.666345 18.95 0.6 10000 3 50 1500 10 2 6
0.749988 9.93888 0.65 100000 3 20 1500 5 2 10
0.544282 4.50089 0.6 100000 3 20 1500 10 0.5 10
0.636296 15.8119 0.6 10000 3 50 1000 5 0.5 10
0.661369 8.52661 0.65 10000 3 20 1500 10 0.5 10
0.669873 11.5593 0.65 50000 3 50 1500 5 1 10
0.68698 14.5717 0.65 10000 3 50 1500 10 2 6
0.675568 11.3823 0.65 100000 3 25 1500 10 2 10
0.679609 8.86797 0.6 50000 3 20 1000 10 0.5 4
0.648889 9.76717 0.6 100000 3 50 1000 5 0.5 10
0.749741 9.71321 0.65 100000 3 50 1000 10 2 4
0.60796 4.05406 0.5 100000 3 25 1000 10 0.5 10
0.611805 5.99925 0.5 50000 3 50 1500 10 1 8
0.773589 9.83917 0.65 10000 3 50 1000 5 1 6
0.626057 6.02911 0.5 10000 3 25 1500 5 0.5 10
0.647362 4.05949 0.5 50000 3 50 1000 10 2 6
0.957674 15.413 0.6 50000 3 20 1500 5 2 4
0.642199 15.9488 0.6 10000 3 50 1500 5 0.5 6
0.701367 4.27064 0.5 100000 3 20 1500 10 2 4
0.716271 8.81164 0.6 100000 3 20 1000 5 0.5 4
0.640439 14.3117 0.6 10000 3 20 1500 10 0.5 4
0.740132 18.6406 0.6 10000 3 25 1000 5 2 6
0.568434 4.76442 0.6 100000 3 50 1500 10 1 10
0.747778 9.97935 0.65 100000 3 20 1000 10 1 4
0.777709 12.3676 0.65 50000 3 20 1000 5 2 4
0.601004 6.30669 0.5 10000 3 50 1500 10 1 10
0.733116 8.66013 0.6 50000 3 50 1000 10 1 4
0.724458 7.38158 0.5 50000 3 25 1000 5 2 6
0.630455 3.91506 0.5 100000 3 25 1500 10 0.5 4
0.72716 3.83619 0.5 10000 3 20 1500 5 2 8
0.714973 9.09323 0.6 50000 3 25 1500 5 0.5 4
0.795964 5.89448 0.5 100000 3 50 1000 5 2 4
0.662808 15.9997 0.6 10000 3 25 1500 5 1 10
0.634992 9.83812 0.6 50000 3 50 1500 10 0.5 4
0.630755 7.88488 0.6 100000 3 25 1000 10 0.5 4
0.697614 4.48552 0.5 10000 3 25 1000 5 1 10
0.889853 10.575 0.65 10000 3 25 1500 5 2 6
0.749236 9.73891 0.65 100000 3 25 1500 5 1 4
0.633987 8.50643 0.65 10000 3 25 1000 10 0.5 6
0.726195 8.68259 0.6 50000 3 25 1000 5 1 6
0.975813 10.1393 0.65 100000 3 25 1000 5 2 4
0.751428 8.3963 0.6 100000 3 20 1000 10 2 4
0.63519 4.98165 0.5 10000 3 50 1000 5 0.5 6
0.748454 8.45059 0.6 50000 3 25 1500 10 2 4
0.639436 3.86827 0.5 50000 3 20 1500 10 0.5 6
0.662833 11.5705 0.65 10000 3 50 1500 5 0.5 6
0.755001 9.59904 0.65 50000 3 25 1000 10 2 4
0.661995 4.89676 0.5 10000 3 50 1000 10 2 8
0.641424 9.96654 0.6 100000 3 50 1500 5 0.5 6
0.753811 10.1285 0.65 10000 3 20 1000 10 1 10
0.670945 4.75875 0.5 10000 3 20 1000 10 0.5 6
0.665994 11.6166 0.65 100000 3 50 1500 10 1 4
0.658161 4.95476 0.5 50000 3 25 1500 5 1 8
0.662275 15.7322 0.6 10000 3 50 1500 10 2 8
0.628937 4.8989 0.5 100000 3 50 1500 5 1 6
0.73493 10.2668 0.65 50000 3 25 1500 10 1 6
0.7621 12.3013 0.65 50000 3 20 1500 5 1 4
0.802425 11.8589 0.6 100000 3 25 1500 5 2 4
0.712935 15.2361 0.6 10000 3 20 1000 10 1 6
0.715332 4.07154 0.5 100000 3 20 1000 5 1 4
0.692088 4.52524 0.5 50000 3 20 1000 10 1 6
0.672173 4.86956 0.5 100000 3 20 1500 5 0.5 4
0.640745 4.91938 0.5 50000 3 50 1000 5 0.5 6
0.736071 9.94378 0.65 50000 3 25 1000 5 0.5 4
0.756726 10.3813 0.65 10000 3 20 1500 10 1 4
0.742505 9.80317 0.65 50000 3 50 1000 10 0.5 4
0.68291 11.354 0.65 10000 3 50 1500 10 2 8
0.57968 7.8937 0.6 50000 3 20 1000 10 0.5 6
0.753562 14.532 0.6 10000 3 50 1000 5 1 4
0.733054 10.1113 0.65 100000 3 20 1500 10 0.5 4
0.71328 8.94557 0.6 100000 3 20 1500 10 1 4
0.770751 10.3522 0.65 50000 3 50 1500 5 2 4
0.741319 9.86653 0.65 100000 3 50 1000 5 0.5 4
0.604423 6.09222 0.5 50000 3 50 1500 10 1 10
0.737858 3.67507 0.5 10000 3 25 1500 5 1 4
0.678664 11.4095 0.65 10000 3 50 1000 5 1 8
0.619085 5.97194 0.5 50000 3 50 1000 10 2 8
0.672384 11.4336 0.65 100000 3 50 1000 10 2 6
0.74137 8.39478 0.6 100000 3 50 1000 5 1 4
0.66718 4.74728 0.5 100000 3 25 1000 10 1 4
0.642199 15.9488 0.6 10000 3 50 1500 5 0.5 8
0.760936 10.6924 0.6 50000 3 20 1500 5 2 6
0.640439 14.3117 0.6 10000 3 20 1500 10 0.5 6
0.740132 18.6406 0.6 10000 3 25 1000 5 2 8
0.689475 4.56501 0.5 100000 3 20 1500 10 2 6
0.727136 8.65272 0.6 100000 3 20 1000 5 0.5 6
0.725589 6.73261 0.5 10000 3 50 1500 10 2 4
0.710445 7.68115 0.5 50000 3 25 1000 5 2 8
0.668042 9.20238 0.6 100000 3 50 1500 10 2 4
0.651273 9.69895 0.6 50000 3 50 1000 10 1 6
0.691125 3.76217 0.5 10000 3 20 1500 5 2 10
0.747492 9.91095 0.65 100000 3 20 1000 10 1 6
0.714973 9.09323 0.6 50000 3 25 1500 5 0.5 6
0.630603 3.91431 0.5 100000 3 25 1500 10 0.5 6
0.773673 12.222 0.65 50000 3 20 1000 5 2 6
0.860302 11.3276 0.5 10000 3 25 1000 5 2 4
0.869875 18.2078 0.6 10000 3 25 1500 5 2 4
0.770099 5.86702 0.5 100000 3 50 1000 5 2 6
0.794098 12.156 0.65 10000 3 25 1500 5 2 8
0.635624 9.75242 0.6 50000 3 50 1500 10 0.5 6
0.633987 8.50643 0.65 10000 3 25 1000 10 0.5 8
0.59912 5.86366 0.5 10000 3 50 1000 5 0.5 8
0.568073 0.272497 0.5 50000 3 20 1500 10 0.5 8
0.630129 7.80368 0.6 100000 3 25 1000 10 0.5 6
0.635241 4.05128 0.5 10000 3 20 1000 10 0.5 8
0.662833 11.5705 0.65 10000 3 50 1500 5 0.5 8
0.732594 8.64523 0.6 50000 3 25 1500 10 2 6
0.740136 8.51774 0.6 100000 3 20 1000 10 2 6
0.754793 9.59693 0.65 100000 3 25 1000 5 2 6
0.747698 9.69818 0.65 100000 3 25 1500 5 1 6
0.657077 4.89167 0.5 10000 3 50 1000 10 2 10
0.726195 8.68259 0.6 50000 3 25 1000 5 1 8
0.771839 9.85402 0.65 10000 3 20 1000 10 2 4
0.658161 4.95476 0.5 50000 3 25 1500 5 1 10
0.662302 11.556 0.65 100000 3 50 1500 10 1 6
0.691341 4.52403 0.5 50000 3 20 1000 10 1 8
0.662275 15.7322 0.6 10000 3 50 1500 10 2 10
0.613153 5.94352 0.5 50000 3 50 1000 5 0.5 8
0.712935 15.2361 0.6 10000 3 20 1000 10 1 8
0.620716 5.98004 0.5 100000 3 50 1500 5 1 8
0.738217 8.35838 0.6 100000 3 25 1500 5 2 6
0.750975 9.86033 0.65 50000 3 20 1500 5 1 6
0.662013 11.9548 0.65 50000 3 25 1500 10 1 8
0.756331 10.3642 0.65 10000 3 20 1500 10 1 6
0.68291 11.354 0.65 10000 3 50 1500 10 2 10
0.672173 4.86956 0.5 100000 3 20 1500 5 0.5 6
0.697158 4.3633 0.5 100000 3 20 1000 5 1 6
0.556328 7.91873 0.6 50000 3 20 1000 10 0.5 8
0.640298 10.1368 0.6 100000 3 50 1500 5 0.5 8
0.729258 14.8499 0.6 10000 3 50 1000 5 1 6
0.746057 9.84576 0.65 50000 3 25 1000 10 2 6
0.734808 10.1398 0.65 50000 3 25 1000 5 0.5 6
0.660188 4.89771 0.5 50000 3 50 1500 10 2 4
0.619085 5.97194 0.5 50000 3 50 1000 10 2 10
0.640619 7.92394 0.65 100000 3 20 1500 10 0.5 6
0.578585 4.31599 0.65 50000 3 50 1000 10 0.5 6
0.729489 3.83176 0.5 10000 3 25 1500 5 1 6
0.67416 11.4958 0.65 10000 3 50 1000 5 1 10
0.756495 12.7873 0.65 50000 3 50 1500 5 2 6
0.668663 11.634 0.65 100000 3 50 1000 5 0.5 6
0.642199 15.9488 0.6 10000 3 50 1500 5 0.5 10
0.712648 8.90867 0.6 100000 3 20 1500 10 1 6
0.605327 14.5422 0.6 10000 3 20 1500 10 0.5 8
0.66885 11.4337 0.65 100000 3 50 1000 10 2 8
0.679019 11.5109 0.6 50000 3 20 1500 5 2 8
0.657861 9.73268 0.6 100000 3 50 1000 5 1 6
0.664011 6.80461 0.5 10000 3 50 1500 10 2 6
0.739143 17.6975 0.6 10000 3 25 1000 5 2 10
0.669418 7.83717 0.5 50000 3 25 1000 5 2 10
0.683867 4.56825 0.5 100000 3 20 1500 10 2 8
0.66131 4.81455 0.5 100000 3 25 1000 10 1 6
0.640146 3.86739 0.5 10000 3 20 1500 10 0.5 4
0.727136 8.65272 0.6 100000 3 20 1000 5 0.5 8
0.651273 9.69895 0.6 50000 3 50 1000 10 1 8
0.642056 10.0664 0.6 50000 3 25 1500 5 0.5 8
0.659996 9.64033 0.6 100000 3 50 1500 10 2 6
0.635241 4.05128 0.5 10000 3 20 1000 10 0.5 10
0.867557 15.2329 0.6 10000 3 25 1500 5 2 6
0.560218 0.330464 0.5 100000 3 25 1500 10 0.5 8
0.747492 9.91095 0.65 100000 3 20 1000 10 1 8
0.794098 12.156 0.65 10000 3 25 1500 5 2 10
0.728312 7.55022 0.5 10000 3 25 1000 5 2 6
0.752121 9.93015 0.65 50000 3 20 1000 5 2 8
0.626817 8.5634 0.65 10000 3 25 1000 10 0.5 10
0.635624 9.75242 0.6 50000 3 50 1500 10 0.5 8
0.599307 5.86375 0.5 10000 3 50 1000 5 0.5 10
0.568073 0.272497 0.5 50000 3 20 1500 10 0.5 10
0.656567 3.71878 0.5 100000 3 50 1000 5 2 8
0.662833 11.5705 0.65 10000 3 50 1500 5 0.5 10
0.645284 4.83981 0.5 10000 3 50 1500 5 0.5 4
0.612761 7.84538 0.6 100000 3 25 1000 10 0.5 8
0.659677 9.64158 0.6 50000 3 25 1500 10 2 8
0.653232 9.69954 0.6 50000 3 25 1000 5 1 10
0.765121 6.47508 0.5 50000 3 25 1500 5 2 4
0.745735 9.76211 0.65 100000 3 25 1000 5 2 8
0.727883 8.70512 0.6 100000 3 20 1000 10 2 8
0.673892 11.4007 0.65 100000 3 25 1500 5 1 8
0.657267 4.9761 0.5 50000 3 20 1000 10 1 10
0.613153 5.94352 0.5 50000 3 50 1000 5 0.5 10
0.768111 9.87215 0.65 10000 3 20 1000 10 2 6
0.712935 15.2361 0.6 10000 3 20 1000 10 1 10
0.754086 10.1294 0.65 10000 3 20 1000 5 0.5 4
0.660072 12.0114 0.65 100000 3 50 1500 10 1 8
0.693128 4.5545 0.5 50000 3 20 1000 5 0.5 4
0.51898 7.83731 0.6 50000 3 20 1000 10 0.5 10
0.584738 0.127198 0.5 100000 3 50 1500 5 1 10
0.657908 9.50815 0.6 100000 3 25 1500 5 2 8
0.658121 15.8132 0.6 10000 3 50 1000 5 1 8
0.756331 10.3642 0.65 10000 3 20 1500 10 1 8
0.690049 3.91783 0.5 50000 3 50 1500 10 2 6
0.67803 11.5683 0.65 50000 3 20 1500 5 1 8
0.62704 5.94075 0.5 10000 3 25 1500 5 1 8
0.688243 4.67966 0.5 100000 3 20 1000 5 1 8
0.610245 5.9049 0.5 50000 3 50 1500 5 0.5 4
0.662013 11.9548 0.65 50000 3 25 1500 10 1 10
0.671811 4.91505 0.5 100000 3 20 1500 5 0.5 8
0.707673 10.0069 0.65 50000 3 25 1000 5 0.5 8
0.782396 13.294 0.65 10000 3 50 1000 5 2 4
0.578585 4.31599 0.65 50000 3 50 1000 10 0.5 8
0.640619 7.92394 0.65 100000 3 20 1500 10 0.5 8
0.605327 14.5422 0.6 10000 3 20 1500 10 0.5 10
0.740321 14.6861 0.6 10000 3 50 1500 5 1 4
0.659941 3.58683 0.5 10000 3 50 1500 10 2 8
0.668663 11.634 0.65 100000 3 50 1000 5 0.5 8
0.683073 12.4383 0.65 50000 3 50 1500 5 2 8
0.568434 4.76442 0.6 100000 3 50 1500 5 0.5 10
0.658377 14.2542 0.6 10000 3 25 1000 10 0.5 4
0.667495 4.47038 0.5 50000 3 25 1000 10 0.5 4
0.679019 11.5109 0.6 50000 3 20 1500 5 2 10
0.712648 8.90867 0.6 100000 3 20 1500 10 1 8
0.640146 3.86739 0.5 10000 3 20 1500 10 0.5 6
0.66885 11.4337 0.65 100000 3 50 1000 10 2 10
0.648889 9.76717 0.6 100000 3 50 1000 5 1 8
0.689543 4.37119 0.5 10000 3 20 1000 10 1 4
0.745163 9.82123 0.65 50000 3 25 1000 10 2 8
0.61602 5.97301 0.5 100000 3 20 1500 10 2 10
0.726675 8.75115 0.6 100000 3 20 1000 5 0.5 10
0.626138 4.08008 0.5 100000 3 25 1000 10 1 8
0.651273 9.69895 0.6 50000 3 50 1000 10 1 10
0.776083 10.0366 0.65 10000 3 25 1500 10 0.5 4
0.792309 15.7029 0.6 10000 3 25 1500 5 2 8
0.642056 10.0664 0.6 50000 3 25 1500 5 0.5 10
0.659996 9.64033 0.6 100000 3 50 1500 10 2 8
0.728312 7.55022 0.5 10000 3 25 1000 5 2 8
0.726102 3.74114 0.5 50000 3 20 1500 10 1 4
0.539785 0.285264 0.5 100000 3 25 1500 10 0.5 10
0.752456 3.44221 0.5 10000 3 50 1000 5 1 4
0.773604 10.0763 0.65 10000 3 25 1000 10 1 4
0.494631 4.55819 0.6 50000 3 50 1500 10 0.5 10
0.747492 9.91095 0.65 100000 3 20 1000 10 1 10
0.651126 4.22043 0.5 100000 3 50 1000 5 2 10
0.752121 9.93015 0.65 50000 3 20 1000 5 2 10
0.604838 5.94108 0.5 10000 3 50 1500 5 0.5 6
0.736498 6.92442 0.5 50000 3 25 1500 5 2 6
0.659677 9.64158 0.6 50000 3 25 1500 10 2 10
0.776242 9.85731 0.65 10000 3 50 1500 5 1 4
0.717622 3.93605 0.5 50000 3 20 1000 10 2 4
0.705813 4.15687 0.5 50000 3 50 1000 5 1 4
0.957709 13.1292 0.6 50000 3 25 1000 5 2 4
0.612761 7.84538 0.6 100000 3 25 1000 10 0.5 10
0.727883 8.70512 0.6 100000 3 20 1000 10 2 10
0.675822 11.8909 0.65 100000 3 25 1000 5 2 10
0.669723 11.5318 0.65 100000 3 25 1500 5 1 10
0.743626 14.679 0.6 10000 3 20 1000 10 2 4
0.753811 10.1285 0.65 10000 3 20 1000 5 0.5 6
0.692041 4.51816 0.5 50000 3 20 1000 5 0.5 6
0.768111 9.87215 0.65 10000 3 20 1000 10 2 8
0.730644 8.78001 0.6 50000 3 20 1000 10 1 4
0.568434 4.76442 0.65 100000 3 50 1500 10 1 10
0.624939 5.89158 0.5 50000 3 50 1500 10 2 8
0.756331 10.3642 0.65 10000 3 20 1500 10 1 10
0.653617 15.8711 0.6 10000 3 50 1000 5 1 10
0.611239 5.99219 0.5 50000 3 50 1500 5 0.5 6
0.659507 9.56055 0.6 100000 3 25 1500 5 2 10
0.62704 5.94075 0.5 10000 3 25 1500 5 1 10
0.791375 11.7485 0.5 100000 3 50 1500 5 2 4
0.601371 6.44739 0.5 100000 3 20 1500 5 0.5 10
0.688243 4.67966 0.5 100000 3 20 1000 5 1 10
0.678426 15.0292 0.6 10000 3 50 1500 5 1 6
0.715546 15.4622 0.6 10000 3 20 1500 10 1 4
0.681601 11.7113 0.65 50000 3 20 1500 5 1 10
0.752551 9.81966 0.65 50000 3 25 1500 10 2 4
0.782396 13.294 0.65 10000 3 50 1000 5 2 6
0.624915 5.72455 0.5 10000 3 50 1500 10 2 10
0.63471 11.643 0.65 50000 3 25 1000 5 0.5 10
0.677038 4.71142 0.5 10000 3 20 1000 10 1 6
0.621769 4.66909 0.5 50000 3 25 1000 10 0.5 6
0.544282 4.50089 0.65 100000 3 20 1500 10 0.5 10
0.578585 4.31599 0.65 50000 3 50 1000 10 0.5 10
0.612581 14.2834 0.6 10000 3 25 1000 10 0.5 6
0.605034 4.09197 0.5 10000 3 20 1500 10 0.5 8
0.716094 8.65241 0.6 50000 3 20 1500 10 0.5 4
0.683073 12.4383 0.65 50000 3 50 1500 5 2 10
0.668663 11.634 0.65 100000 3 50 1000 5 0.5 10
0.66718 4.74728 0.5 100000 3 25 1000 5 0.5 4
0.640518 9.89477 0.6 100000 3 20 1500 10 1 10
0.665994 11.6166 0.65 100000 3 50 1500 5 0.5 4
0.648889 9.76717 0.6 100000 3 50 1000 5 1 10
0.776237 10.0631 0.65 10000 3 25 1500 10 0.5 6
0.73815 8.52736 0.6 100000 3 20 1000 5 1 4
0.621491 3.99165 0.5 100000 3 25 1000 10 1 10
0.733116 8.66013 0.6 50000 3 50 1000 10 2 4
0.773457 16.5528 0.6 10000 3 25 1500 5 2 10
0.720548 6.8143 0.5 10000 3 25 1000 5 2 10
0.6784 4.86516 0.5 50000 3 20 1500 10 1 6
0.692233 4.31086 0.5 10000 3 50 1000 5 1 6
0.659996 9.64033 0.6 100000 3 50 1500 5 1 4
0.738023 8.75143 0.6 50000 3 25 1500 5 1 4
0.670218 4.77382 0.5 100000 3 25 1500 10 1 4
0.772644 10.0264 0.65 10000 3 25 1000 10 1 6
0.659996 9.64033 0.6 100000 3 50 1500 10 2 10
0.673189 11.5785 0.65 50000 3 25 1000 10 2 10
0.713254 8.77332 0.6 50000 3 50 1500 10 1 4
0.604838 5.94108 0.5 10000 3 50 1500 5 0.5 8
0.665455 8.10914 0.5 50000 3 25 1500 5 2 8
0.679781 4.5723 0.5 100000 3 50 1000 10 0.5 4
0.68291 11.354 0.65 10000 3 50 1500 5 1 6
0.759685 9.74359 0.65 100000 3 20 1000 10 2 4
0.699566 10.0332 0.65 50000 3 20 1000 10 0.5 4
0.694003 4.55649 0.5 50000 3 20 1000 10 2 6
0.661394 4.28552 0.5 50000 3 50 1000 5 1 6
0.722797 8.62799 0.6 50000 3 50 1000 5 0.5 4
0.739975 14.6973 0.6 10000 3 20 1000 10 2 6
0.751658 11.8653 0.6 50000 3 25 1000 5 2 6
0.753811 10.1285 0.65 10000 3 20 1000 5 0.5 8
0.656356 3.81799 0.5 50000 3 20 1000 5 0.5 8
0.624939 5.89158 0.5 50000 3 50 1500 10 2 10
0.70756 8.78337 0.6 100000 3 25 1000 10 1 4
0.768111 9.87215 0.65 10000 3 20 1000 10 2 10
0.779933 12.3467 0.65 10000 3 20 1500 10 2 4
0.712648 8.90867 0.6 100000 3 20 1500 5 0.5 4
0.630755 7.88488 0.65 100000 3 25 1000 10 0.5 4
0.765802 9.92186 0.65 100000 3 25 1500 5 2 4
0.773179 18.0656 0.6 10000 3 50 1000 5 2 4
0.611239 5.99219 0.5 50000 3 50 1500 5 0.5 8
0.729919 8.70672 0.6 50000 3 20 1000 10 1 6
0.831704 9.15472 0.5 10000 3 25 1500 5 2 4
0.677195 4.709 0.5 10000 3 20 1000 10 1 8
0.67977 11.5149 0.65 100000 3 50 1500 10 2 4
0.635329 7.70529 0.6 100000 3 25 1500 10 0.5 4
0.662275 15.7322 0.6 10000 3 50 1500 5 1 8
0.715151 15.4447 0.6 10000 3 20 1500 10 1 6
0.773122 11.8102 0.5 100000 3 50 1500 5 2 6
0.684797 11.4629 0.65 10000 3 50 1000 5 2 8
0.694035 4.33452 0.5 100000 3 20 1500 5 1 4
0.92317 9.78953 0.5 100000 3 20 1000 5 2 4
0.584898 3.93282 0.5 50000 3 25 1000 10 0.5 8
0.713133 15.2359 0.6 10000 3 20 1000 5 0.5 4
0.752551 9.81966 0.65 50000 3 25 1500 10 2 6
0.612581 14.2834 0.6 10000 3 25 1000 10 0.5 8
0.971714 16.7618 0.65 50000 3 20 1500 5 2 4
0.604798 4.04862 0.5 10000 3 20 1500 10 0.5 10
0.746152 9.85664 0.65 50000 3 25 1000 5 1 4
0.733054 10.1113 0.65 100000 3 20 1500 10 1 4
0.64453 7.75713 0.6 50000 3 20 1500 10 0.5 6
0.753073 9.83515 0.65 50000 3 50 1000 10 1 4
0.654949 11.7272 0.65 50000 3 50 1500 10 0.5 4
0.662086 4.7989 0.5 100000 3 25 1000 5 0.5 6
0.657806 3.84929 0.5 10000 3 25 1000 10 0.5 4
0.661949 11.8366 0.65 10000 3 25 1500 10 0.5 8
0.661198 11.8411 0.65 100000 3 50 1500 5 0.5 6
0.749554 9.82341 0.65 100000 3 50 1000 5 1 4
0.742089 8.40051 0.6 100000 3 20 1500 10 2 4
0.606554 6.03063 0.5 50000 3 20 1500 10 1 8
0.80551 10.5264 0.6 100000 3 50 1000 5 2 4
0.734936 15.1692 0.6 10000 3 25 1500 10 0.5 4
0.621132 5.85568 0.5 10000 3 50 1000 5 1 8
0.737611 8.48837 0.6 100000 3 20 1000 5 1 6
0.70448 4.11826 0.5 100000 3 25 1000 10 2 4
0.656436 9.62642 0.6 50000 3 50 1000 10 2 6
0.772644 10.0264 0.65 10000 3 25 1000 10 1 8
0.731084 8.64972 0.6 50000 3 25 1500 5 1 6
0.665455 8.10914 0.5 50000 3 25 1500 5 2 10
0.671893 4.84334 0.5 100000 3 25 1500 10 1 6
0.721823 8.66761 0.6 50000 3 50 1500 10 1 6
0.601872 6.03355 0.5 10000 3 50 1500 5 0.5 10
0.68291 11.354 0.65 10000 3 50 1500 5 1 8
0.561015 0.403229 0.5 100000 3 50 1000 10 0.5 6
0.692542 4.46397 0.5 50000 3 20 1000 10 2 8
0.736045 9.97492 0.65 100000 3 20 1000 5 0.5 4
0.620623 5.96411 0.5 50000 3 50 1000 5 1 8
0.73493 10.2668 0.65 50000 3 25 1500 5 0.5 4
0.650504 9.59573 0.6 50000 3 50 1000 5 0.5 6
0.748393 9.94255 0.65 100000 3 20 1000 10 2 6
0.659996 9.64033 0.6 100000 3 50 1500 5 1 6
0.57968 7.8937 0.65 50000 3 20 1000 10 0.5 6
0.749179 10.1973 0.65 10000 3 20 1000 5 0.5 10
0.65507 3.80453 0.5 50000 3 20 1000 5 0.5 10
0.727235 14.9698 0.6 10000 3 20 1000 10 2 8
0.73851 12.146 0.6 50000 3 25 1000 5 2 8
0.567529 0.354629 0.5 50000 3 50 1500 5 0.5 10
0.677195 4.709 0.5 10000 3 20 1000 10 1 10
0.774726 9.91239 0.65 10000 3 20 1500 10 2 6
0.755525 18.0267 0.6 10000 3 50 1000 5 2 6
0.753744 10.0571 0.65 10000 3 20 1500 5 0.5 4
0.70169 8.86032 0.6 100000 3 25 1000 10 1 6
0.729919 8.70672 0.6 50000 3 20 1000 10 1 8
0.630129 7.80368 0.65 100000 3 25 1000 10 0.5 6
0.712648 8.90867 0.6 100000 3 20 1500 5 0.5 6
0.82403 6.19399 0.5 10000 3 25 1500 5 2 6
0.749812 9.71169 0.65 100000 3 25 1500 5 2 6
0.662275 15.7322 0.6 10000 3 50 1500 5 1 10
0.67977 11.5149 0.65 100000 3 50 1500 10 2 6
0.635329 7.70529 0.6 100000 3 25 1500 10 0.5 6
0.714634 15.4473 0.6 10000 3 20 1500 10 1 8
0.684307 11.4933 0.65 10000 3 50 1000 5 2 10
0.514428 0.393379 0.5 50000 3 25 1000 10 0.5 10
0.647097 7.58238 0.5 100000 3 50 1500 5 2 8
0.605412 14.3404 0.6 10000 3 25 1000 10 0.5 10
0.67977 4.90461 0.5 10000 3 20 1500 10 1 4
0.68646 4.54468 0.5 100000 3 20 1500 5 1 6
0.795967 6.76282 0.5 100000 3 20 1000 5 2 6
0.712935 15.2361 0.6 10000 3 20 1000 5 0.5 6
0.571585 4.38504 0.6 50000 3 20 1500 10 0.5 8
0.679634 11.5254 0.65 50000 3 25 1500 10 2 8
0.767445 12.0452 0.65 50000 3 20 1500 5 2 6
0.746152 9.85664 0.65 50000 3 25 1000 5 1 6
0.732422 10.0833 0.65 100000 3 20 1500 10 1 6
0.67123 11.5797 0.65 50000 3 50 1000 10 1 6
0.61201 3.87856 0.5 10000 3 25 1000 10 0.5 6
0.605972 5.98359 0.5 50000 3 20 1500 10 1 10
0.655581 11.6415 0.65 50000 3 50 1500 10 0.5 6
0.655665 11.8599 0.65 10000 3 25 1500 10 0.5 10
0.616628 5.9215 0.5 10000 3 50 1000 5 1 10
0.73509 15.1632 0.6 10000 3 25 1500 10 0.5 6
0.660072 12.0114 0.65 100000 3 50 1500 5 0.5 8
0.662086 4.7989 0.5 100000 3 25 1000 5 0.5 8
0.656436 9.62642 0.6 50000 3 50 1000 10 2 8
0.730197 8.60303 0.6 100000 3 20 1500 10 2 6
0.677635 11.5995 0.65 100000 3 50 1000 5 1 6
0.772644 10.0264 0.65 10000 3 25 1000 10 1 10
0.777811 11.1659 0.6 100000 3 50 1000 5 2 6
0.681652 4.56346 0.5 100000 3 25 1000 10 2 6
0.731084 8.64972 0.6 50000 3 25 1500 5 1 8
0.728696 8.73716 0.6 100000 3 20 1000 5 1 8
0.702924 4.06364 0.5 10000 3 50 1500 5 1 4
0.650196 9.68304 0.6 50000 3 50 1500 10 1 8
0.658469 4.88582 0.5 50000 3 20 1000 10 2 10
0.68291 11.354 0.65 10000 3 50 1500 5 1 10
0.601508 6.28314 0.5 100000 3 25 1500 10 1 8
0.620623 5.96411 0.5 50000 3 50 1000 5 1 10
0.561015 0.403229 0.5 100000 3 50 1000 10 0.5 8
0.771568 9.88847 0.65 10000 3 20 1000 5 1 4
0.650504 9.59573 0.6 50000 3 50 1000 5 0.5 8
0.74691 9.8248 0.65 100000 3 20 1000 5 0.5 6
0.73493 10.2668 0.65 50000 3 25 1500 5 0.5 6
0.727235 14.9698 0.6 10000 3 20 1000 10 2 10
0.707728 4.12178 0.5 10000 3 20 1000 10 2 4
0.556328 7.91873 0.65 50000 3 20 1000 10 0.5 8
0.747657 9.88046 0.65 100000 3 20 1000 10 2 8
0.665547 13.163 0.6 50000 3 25 1000 5 2 10
0.664254 15.8176 0.6 10000 3 50 1000 5 2 8
0.770228 9.96179 0.65 10000 3 20 1500 10 2 8
0.753744 10.0571 0.65 10000 3 20 1500 5 0.5 6
0.748856 5.9619 0.5 10000 3 25 1500 5 2 8
0.729919 8.70672 0.6 50000 3 20 1000 10 1 10
0.659996 9.64033 0.6 100000 3 50 1500 5 1 8
0.630631 7.85731 0.6 100000 3 25 1000 10 1 8
0.612761 7.84538 0.65 100000 3 25 1000 10 0.5 8
0.712285 8.98257 0.6 100000 3 20 1500 5 0.5 8
0.677682 11.3958 0.65 100000 3 25 1500 5 2 8
0.714634 15.4473 0.6 10000 3 20 1500 10 1 10
0.76312 17.8712 0.6 10000 3 50 1500 5 2 4
0.679374 4.88958 0.5 10000 3 20 1500 10 1 6
0.67977 11.5149 0.65 100000 3 50 1500 10 2 8
0.732596 15.1818 0.6 10000 3 25 1000 10 1 4
0.563199 4.4086 0.6 100000 3 25 1500 10 0.5 8
0.647097 7.58238 0.5 100000 3 50 1500 5 2 10
0.571585 4.38504 0.6 50000 3 20 1500 10 0.5 10
0.68646 4.54468 0.5 100000 3 20 1500 5 1 8
0.721008 4.05499 0.5 100000 3 20 1000 5 2 8
0.61201 3.87856 0.5 10000 3 25 1000 10 0.5 8
0.712935 15.2361 0.6 10000 3 20 1000 5 0.5 8
0.679634 11.5254 0.65 50000 3 25 1500 10 2 10
0.685528 14.0014 0.65 50000 3 20 1500 5 2 8
0.732422 10.0833 0.65 100000 3 20 1500 10 1 8
0.746152 9.85664 0.65 50000 3 25 1000 5 1 8
0.873742 8.13838 0.5 10000 3 50 1000 5 2 4
0.641309 16.2378 0.6 10000 3 25 1500 10 0.5 8
0.655581 11.6415 0.65 50000 3 50 1500 10 0.5 8
0.67123 11.5797 0.65 50000 3 50 1000 10 1 8
0.625936 5.06485 0.5 100000 3 25 1000 5 0.5 10
0.568434 4.76442 0.65 100000 3 50 1500 5 0.5 10
0.656436 9.62642 0.6 50000 3 50 1000 10 2 10
0.726935 8.58379 0.6 100000 3 20 1500 10 2 8
0.641066 4.42802 0.5 10000 3 50 1500 5 1 6
0.731084 8.64972 0.6 50000 3 25 1500 5 1 10
0.668663 11.634 0.65 100000 3 50 1000 5 1 8
0.664278 9.20675 0.6 100000 3 50 1000 5 2 8
0.650196 9.68304 0.6 50000 3 50 1500 10 1 10
0.685511 4.46884 0.5 100000 3 25 1000 10 2 8
0.728696 8.73716 0.6 100000 3 20 1000 5 1 10
0.601508 6.28314 0.5 100000 3 25 1500 10 1 10
0.76803 9.90016 0.65 10000 3 20 1000 5 1 6
0.559177 0.361449 0.5 100000 3 50 1000 10 0.5 10
0.650504 9.59573 0.6 50000 3 50 1000 5 0.5 10
0.74691 9.8248 0.65 100000 3 20 1000 5 0.5 8
0.662013 11.9548 0.65 50000 3 25 1500 5 0.5 8
0.770228 9.96179 0.65 10000 3 20 1500 10 2 10
0.663764 15.8686 0.6 10000 3 50 1000 5 2 10
0.747657 9.88046 0.65 100000 3 20 1000 10 2 10
0.51898 7.83731 0.65 50000 3 20 1000 10 0.5 10
0.753744 10.0571 0.65 10000 3 20 1500 5 0.5 8
0.730004 6.50898 0.5 10000 3 25 1500 5 2 10
0.738753 17.4283 0.6 10000 3 20 1500 10 2 4
0.625984 7.76887 0.6 100000 3 25 1000 10 1 10
0.612761 7.84538 0.65 100000 3 25 1000 10 0.5 10
0.679281 11.4482 0.65 100000 3 25 1500 5 2 10
0.640155 10.048 0.6 100000 3 20 1500 5 0.5 10
0.731732 15.1266 0.6 10000 3 25 1000 10 1 6
0.542766 4.36339 0.6 100000 3 25 1500 10 0.5 10
0.67977 11.5149 0.65 100000 3 50 1500 10 2 10
0.588131 4.2679 0.6 100000 3 50 1500 5 1 10
0.65078 5.05366 0.5 100000 3 20 1500 5 1 10
0.723254 4.08364 0.5 100000 3 20 1000 5 2 10
0.685528 14.0014 0.65 50000 3 20 1500 5 2 10
0.660292 11.78 0.65 100000 3 20 1500 10 1 10
0.673189 11.5785 0.65 50000 3 25 1000 5 1 10
0.494631 4.55819 0.65 50000 3 50 1500 10 0.5 10
0.654805 9.5699 0.6 100000 3 20 1500 10 2 10
0.668663 11.634 0.65 100000 3 50 1000 5 1 10
0.658838 9.79852 0.6 100000 3 50 1000 5 2 10
0.681322 4.5623 0.5 100000 3 25 1000 10 2 10
0.67123 11.5797 0.65 50000 3 50 1000 10 1 10
0.746449 9.92329 0.65 100000 3 20 1000 5 0.5 10
0.662013 11.9548 0.65 50000 3 25 1500 5 0.5 10
