# Testing 1296 configurations 
# Reading [4] trace.out files from [../parrot-traces/polybench-subset-normal2/]
# -> Parrot_l1_2mm.latency_trace.out
# -> Parrot_l1_deriche.latency_trace.out
# -> Parrot_l1_correlation.latency_trace.out
# -> Parrot_l1_adi.latency_trace.out
# Done loading files.
pct acc threshold phase_length stable_min window_start summarize proj_dist proj_delta p_j
0.729559 8.67279 0.6 50000 3 20 1000 10 2 4
0.670031 9.3045 0.6 100000 3 50 1500 5 2 4
0.730756 15.154 0.6 10000 3 20 1500 10 2 6
0.687333 14.8525 0.65 10000 3 50 1500 5 2 4
0.74265 9.97106 0.65 100000 3 20 1000 5 1 4
0.749291 9.85638 0.65 50000 3 50 1000 10 2 4
0.691577 4.6126 0.5 50000 3 20 1000 5 1 4
0.642804 7.83035 0.65 50000 3 50 1000 5 0.5 4
0.734678 8.96704 0.6 100000 3 20 1000 5 2 4
0.715856 10.1277 0.65 50000 3 50 1500 10 1 4
0.581681 14.1767 0.6 10000 3 25 1000 10 1 8
0.662774 14.1745 0.6 10000 3 20 1500 5 0.5 4
0.523465 3.74365 0.5 10000 3 25 1500 10 0.5 4
0.748464 9.98779 0.65 100000 3 20 1500 10 2 4
0.697972 4.50656 0.5 10000 3 20 1000 10 2 6
0.636277 7.68923 0.6 50000 3 20 1000 5 0.5 4
0.626078 3.78442 0.5 50000 3 20 1500 5 0.5 4
0.656661 7.79527 0.65 100000 3 25 1000 10 1 4
0.727689 8.83018 0.6 100000 3 25 1000 10 2 4
0.689608 4.62411 0.5 10000 3 50 1000 5 2 6
0.499548 8.33766 0.65 10000 3 50 1000 10 0.5 4
0.638899 4.61359 0.5 50000 3 25 1000 10 1 4
0.727157 8.78683 0.6 50000 3 20 1000 10 2 6
0.656401 7.65909 0.6 100000 3 25 1000 5 0.5 4
0.532676 7.63314 0.6 50000 3 25 1000 10 0.5 4
0.661236 9.84798 0.6 100000 3 50 1500 5 2 6
0.730239 15.1557 0.6 10000 3 20 1500 10 2 8
0.244129 10.6452 0.6 10000 3 25 1500 10 0.5 10
0.749855 9.75693 0.65 50000 3 25 1000 5 2 4
0.347355 3.42367 0.65 50000 3 20 1500 10 0.5 4
0.689271 4.74045 0.5 100000 3 20 1500 5 2 4
0.774693 9.9409 0.65 10000 3 20 1000 5 1 8
0.652144 7.81449 0.65 100000 3 20 1000 5 1 6
0.645943 14.1853 0.6 10000 3 20 1500 5 0.5 6
0.682436 11.603 0.65 50000 3 50 1000 10 2 6
0.58985 4.34639 0.65 50000 3 50 1000 5 0.5 6
0.613572 11.631 0.65 50000 3 50 1500 10 1 6
0.186148 3.54805 0.5 10000 3 25 1000 10 0.5 10
0.629033 7.7347 0.65 100000 3 20 1500 5 0.5 4
0.621972 7.65453 0.6 50000 3 20 1000 5 0.5 6
0.666311 8.35478 0.65 10000 3 25 1000 5 0.5 4
0.697972 4.50656 0.5 10000 3 20 1000 10 2 8
0.658999 7.75958 0.6 100000 3 25 1500 10 1 4
0.691059 4.68431 0.5 100000 3 25 1500 10 2 4
0.727264 8.81319 0.6 100000 3 25 1000 10 2 6
0.627088 6.02126 0.5 10000 3 50 1000 5 2 8
0.726255 8.97208 0.6 100000 3 20 1000 5 2 6
0.655114 3.77171 0.5 100000 3 50 1000 10 1 4
0.338823 8.33216 0.65 10000 3 50 1000 10 0.5 6
0.689432 4.69923 0.5 100000 3 25 1000 5 1 4
0.610374 3.96556 0.5 10000 3 20 1500 10 1 8
0.524063 0.288111 0.5 100000 3 50 1500 10 0.5 4
0.722915 8.84028 0.6 50000 3 20 1000 10 2 8
0.617818 3.87002 0.5 100000 3 20 1000 10 0.5 4
0.656236 7.78269 0.65 100000 3 25 1000 10 1 6
0.68941 4.65743 0.5 50000 3 20 1000 5 1 6
0.203221 3.60783 0.5 10000 3 25 1500 10 0.5 6
0.532651 7.65696 0.65 100000 3 25 1500 10 0.5 4
0.651212 7.71079 0.65 100000 3 20 1000 5 1 8
0.747562 10.0475 0.65 100000 3 20 1500 10 2 6
0.607001 14.1624 0.6 10000 3 20 1500 5 0.5 8
0.648814 7.79059 0.6 100000 3 50 1000 10 0.5 4
0.680063 11.7309 0.65 100000 3 50 1500 5 1 4
0.590806 4.03857 0.5 50000 3 20 1500 5 0.5 6
0.647732 3.90226 0.5 10000 3 25 1000 10 1 4
0.521171 4.44211 0.65 50000 3 50 1500 10 1 8
0.72477 8.74544 0.6 50000 3 50 1000 5 1 4
0.735991 8.57156 0.6 50000 3 25 1500 5 2 4
0.581464 14.1862 0.6 10000 3 25 1000 10 1 10
0.629033 7.7347 0.65 100000 3 20 1500 5 0.5 6
0.767448 9.90991 0.65 10000 3 20 1000 5 1 10
0.653764 4.04361 0.5 10000 3 20 1000 10 2 10
0.347355 3.42367 0.65 50000 3 20 1500 10 0.5 6
0.621972 7.65453 0.6 50000 3 20 1000 5 0.5 8
0.588695 4.36919 0.6 100000 3 50 1500 5 2 8
0.730239 15.1557 0.6 10000 3 20 1500 10 2 10
0.7524 9.96457 0.65 100000 3 50 1000 5 2 4
0.486554 4.34902 0.65 50000 3 50 1000 5 0.5 8
0.639047 3.77298 0.5 100000 3 25 1500 5 0.5 4
0.689106 4.72921 0.5 100000 3 20 1500 5 2 6
0.687613 14.8322 0.65 10000 3 50 1500 5 2 6
0.676506 11.5722 0.65 50000 3 50 1000 10 2 8
0.748484 9.89606 0.65 50000 3 25 1500 5 1 4
0.635615 9.78274 0.6 50000 3 50 1500 5 0.5 4
0.658308 4.49776 0.5 10000 3 20 1000 5 0.5 4
0.627088 6.02126 0.5 10000 3 50 1000 5 2 10
0.725639 8.97858 0.6 100000 3 20 1000 5 2 8
0.606395 6.12098 0.5 50000 3 50 1500 5 1 4
0.656236 7.78269 0.6 100000 3 25 1000 10 2 8
0.610374 3.96556 0.5 10000 3 20 1500 10 1 10
0.650633 7.76796 0.6 50000 3 20 1000 10 2 10
0.641284 8.39932 0.65 10000 3 25 1000 5 0.5 6
0.179278 0.121896 0.5 100000 3 50 1500 10 0.5 6
0.68941 4.65743 0.5 50000 3 20 1000 5 1 8
0.656236 7.78269 0.65 100000 3 25 1000 10 1 8
0.754094 9.93943 0.65 50000 3 25 1000 5 2 6
0.690916 4.67699 0.5 100000 3 25 1500 10 2 6
0.625108 4.70814 0.5 50000 3 25 1000 10 1 6
0.639601 14.2934 0.6 10000 3 25 1500 10 1 4
0.0482233 3.76512 0.5 10000 3 25 1500 10 0.5 8
0.571725 14.3756 0.6 10000 3 20 1500 5 0.5 10
0.243456 4.26962 0.65 10000 3 50 1000 10 0.5 8
0.700178 8.59838 0.6 50000 3 20 1500 10 1 4
0.532676 7.63314 0.6 50000 3 25 1000 10 0.5 6
0.497408 0.296003 0.5 50000 3 20 1500 5 0.5 8
0.615665 3.83306 0.5 50000 3 25 1500 10 0.5 4
0.655737 7.6614 0.6 100000 3 25 1000 5 0.5 6
0.651212 7.71079 0.65 100000 3 20 1000 5 1 10
0.67277 11.8194 0.65 100000 3 20 1500 10 2 8
0.643928 7.69323 0.6 100000 3 25 1500 10 1 6
0.694588 4.45058 0.5 50000 3 20 1500 10 2 4
0.589957 3.84178 0.5 10000 3 25 1000 10 1 6
0.561509 0.379775 0.5 100000 3 50 1000 10 1 6
0.663119 9.55496 0.6 50000 3 50 1000 5 1 6
0.663777 9.75955 0.6 50000 3 25 1500 5 2 6
0.277364 0.163933 0.65 50000 3 50 1500 10 1 10
0.662481 3.74774 0.5 10000 3 20 1500 5 0.5 4
0.731282 15.1933 0.6 10000 3 25 1000 10 2 4
0.727045 8.82098 0.6 100000 3 20 1500 5 1 4
0.365616 7.6978 0.65 100000 3 25 1500 10 0.5 6
0.627691 7.70576 0.65 100000 3 20 1500 5 0.5 8
0.274426 0.111757 0.65 50000 3 20 1500 10 0.5 8
0.6214 7.7186 0.6 50000 3 20 1000 5 0.5 10
0.0801436 3.70705 0.5 100000 3 20 1000 10 0.5 6
0.700789 4.35377 0.5 50000 3 50 1000 5 2 4
0.319579 4.30004 0.6 100000 3 50 1000 10 0.5 6
0.687764 4.72791 0.5 100000 3 20 1500 5 2 8
0.485648 4.28618 0.65 50000 3 50 1000 5 0.5 10
0.688076 4.60695 0.5 100000 3 25 1000 5 1 6
0.588695 4.36919 0.6 100000 3 50 1500 5 2 10
0.873784 10.6681 0.65 10000 3 20 1000 5 2 4
0.673611 11.6298 0.65 100000 3 50 1500 5 1 6
0.687613 14.8322 0.65 10000 3 50 1500 5 2 8
0.64562 14.1579 0.6 10000 3 25 1000 5 0.5 4
0.680511 11.558 0.65 50000 3 25 1500 5 1 6
0.587683 6.08389 0.5 50000 3 50 1500 5 1 6
0.700596 4.46841 0.5 10000 3 20 1500 10 2 4
0.725639 8.97858 0.6 100000 3 20 1000 5 2 10
0.563199 4.4682 0.6 50000 3 50 1500 5 0.5 6
0.460596 3.76046 0.5 10000 3 50 1000 10 0.5 4
0.680767 11.7251 0.65 100000 3 50 1000 5 2 6
0.676506 11.5722 0.65 50000 3 50 1000 10 2 10
0.688123 4.66611 0.5 50000 3 20 1000 5 1 10
0.628241 7.6864 0.6 50000 3 20 1500 5 0.5 4
0.628118 7.71681 0.6 100000 3 25 1000 10 2 10
0.747875 9.98815 0.65 50000 3 20 1000 10 1 4
0.772251 10.1155 0.65 10000 3 25 1000 10 2 4
0.0104451 0.0183713 0.5 10000 3 25 1500 10 0.5 10
0.639047 3.77298 0.5 100000 3 25 1500 5 0.5 6
0.554846 7.71637 0.65 100000 3 25 1000 10 1 10
0.478674 14.1537 0.6 10000 3 50 1000 10 0.5 4
0.735839 15.0308 0.6 10000 3 20 1500 5 1 4
0.722795 8.80348 0.6 50000 3 50 1500 10 2 4
0.1758 0.0286016 0.5 100000 3 50 1500 10 0.5 8
0.621223 6.09573 0.5 10000 3 50 1500 5 1 8
0.476848 0.463018 0.5 50000 3 20 1500 5 0.5 10
0.584709 6.37588 0.5 100000 3 25 1500 10 2 8
0.177463 0.138968 0.5 50000 3 25 1500 10 0.5 6
0.639893 14.295 0.6 10000 3 25 1500 10 1 6
0 0 0.65 10000 3 50 1000 10 0.5 10
0.581406 3.74775 0.5 10000 3 25 1000 10 1 8
0.602371 8.37364 0.65 10000 3 25 1000 5 0.5 8
0.67277 11.8194 0.65 100000 3 20 1500 10 2 10
0.754479 10.1264 0.65 100000 3 20 1000 5 2 4
0.666951 19.2566 0.6 10000 3 50 1500 5 2 6
0.556757 3.61033 0.5 50000 3 25 1000 10 1 8
0.553611 14.1409 0.6 10000 3 20 1000 5 0.5 10
0.627728 8.37586 0.65 10000 3 20 1500 5 0.5 10
0.660384 8.47365 0.65 10000 3 25 1500 10 1 4
0.64565 3.75846 0.5 10000 3 20 1500 5 0.5 6
0.663119 9.55496 0.6 50000 3 50 1000 5 1 8
0.663117 9.51308 0.6 50000 3 25 1500 5 2 8
0.71051 15.0734 0.6 10000 3 25 1000 10 2 6
0.74278 10.0579 0.65 50000 3 50 1500 10 2 4
0.752719 9.7224 0.65 50000 3 25 1000 5 2 8
0.655996 7.82607 0.6 100000 3 20 1500 5 1 6
0.698605 8.68098 0.6 50000 3 20 1500 10 1 6
0.691799 4.4815 0.5 50000 3 20 1500 10 2 6
0.655242 4.88549 0.5 50000 3 50 1000 5 2 6
0.529875 7.61761 0.6 50000 3 25 1000 10 0.5 8
0.72946 8.7127 0.6 50000 3 20 1000 5 1 4
0.541657 4.3975 0.6 100000 3 25 1000 5 0.5 8
0 0 0.65 50000 3 20 1500 10 0.5 10
0.681723 11.6285 0.65 10000 3 50 1500 5 2 10
0.598946 7.74842 0.65 100000 3 20 1500 5 0.5 10
0.571864 4.32708 0.6 100000 3 25 1500 10 1 8
0.744755 9.92066 0.65 50000 3 50 1000 5 1 4
0.539341 4.37749 0.6 100000 3 50 1500 10 0.5 4
0.243465 4.27817 0.65 100000 3 25 1500 10 0.5 8
0.694931 4.6515 0.5 10000 3 20 1500 10 2 6
0.620594 14.2024 0.6 10000 3 25 1000 5 0.5 6
0.653521 5.24925 0.5 100000 3 20 1500 5 2 10
0.624594 3.85603 0.5 10000 3 20 1000 5 0.5 6
0.587683 6.08389 0.5 50000 3 50 1500 5 1 8
0.429457 0.0770932 0.5 100000 3 50 1000 10 1 8
0.0795276 3.7073 0.5 100000 3 20 1000 10 0.5 8
0.589425 4.31028 0.65 50000 3 25 1500 5 1 8
0.217696 3.95066 0.5 10000 3 50 1000 10 0.5 6
0.722973 4.41787 0.5 50000 3 20 1000 5 2 4
0.319579 4.30004 0.6 100000 3 50 1000 10 0.5 8
0.775159 9.93064 0.65 10000 3 20 1000 5 2 6
0.645862 5.05046 0.5 100000 3 25 1000 5 1 8
0.532755 4.37765 0.6 50000 3 50 1500 5 0.5 8
0.634627 7.7076 0.6 100000 3 20 1000 10 0.5 4
0.341809 0.107926 0.65 100000 3 50 1500 5 1 8
0.628241 7.6864 0.6 50000 3 20 1500 5 0.5 6
0.638164 3.8187 0.5 10000 3 25 1500 10 1 4
0.6556 11.6571 0.65 50000 3 50 1500 5 0.5 4
0.727077 15.3459 0.6 10000 3 20 1500 5 1 6
0.68697 4.65455 0.5 50000 3 20 1500 5 1 4
0.643928 7.69323 0.6 100000 3 25 1500 5 0.5 4
0.1758 0.0286016 0.5 100000 3 50 1500 10 0.5 10
0.64655 8.41272 0.65 10000 3 50 1000 10 1 4
0.581189 3.74796 0.5 10000 3 25 1000 10 1 10
0.282747 14.3598 0.6 10000 3 50 1000 10 0.5 6
0.751478 9.99566 0.65 10000 3 25 1000 10 2 6
0.74749 9.98746 0.65 100000 3 25 1000 10 2 4
0.530025 0.297064 0.5 100000 3 25 1500 10 2 10
0.603996 14.5352 0.6 10000 3 25 1500 10 1 8
0.621223 6.09573 0.5 10000 3 50 1500 5 1 10
0.626765 7.76268 0.65 50000 3 20 1000 10 1 6
0.656401 7.65909 0.65 100000 3 25 1000 5 0.5 4
0.662539 9.72962 0.6 50000 3 50 1500 10 2 6
0.680767 11.7251 0.65 100000 3 50 1000 5 2 8
0.606707 3.73565 0.5 10000 3 20 1500 5 0.5 8
0.746056 10.1321 0.65 100000 3 20 1000 5 2 6
0.666951 19.2566 0.6 10000 3 50 1500 5 2 8
0.177463 0.138968 0.5 50000 3 25 1500 10 0.5 8
0.662407 9.56079 0.6 50000 3 25 1500 5 2 10
0.602155 8.3788 0.65 10000 3 25 1000 5 0.5 10
0.682524 11.5999 0.65 50000 3 50 1500 10 2 6
0.651947 7.82022 0.6 100000 3 20 1500 5 1 8
0.663119 9.55496 0.6 50000 3 50 1000 5 1 10
0.226297 0.0779531 0.5 50000 3 25 1000 10 1 10
0.513387 0.220629 0.5 100000 3 25 1500 5 0.5 8
0.660675 8.475 0.65 10000 3 25 1500 10 1 6
0.580157 4.31385 0.65 10000 3 50 1500 10 0.5 4
0.733934 14.9894 0.6 10000 3 20 1000 5 1 4
0.776844 9.93664 0.65 10000 3 20 1500 5 1 4
0.720163 9.76805 0.65 50000 3 20 1500 10 1 4
0.699095 15.0858 0.6 10000 3 25 1000 10 2 8
0.414593 4.30513 0.6 100000 3 50 1500 10 0.5 6
0.626182 5.97246 0.5 50000 3 50 1000 5 2 8
0.727458 8.80008 0.6 50000 3 20 1000 5 1 6
0.746847 9.98087 0.65 100000 3 20 1500 5 1 4
0.55102 0.242214 0.5 50000 3 50 1500 5 1 10
0.615499 6.16399 0.5 50000 3 20 1500 10 2 8
0.581681 14.1767 0.6 10000 3 25 1000 5 0.5 8
0.694414 4.65336 0.5 10000 3 20 1500 10 2 8
0.533828 4.51509 0.6 50000 3 20 1500 10 1 8
0.178148 0.20797 0.5 10000 3 50 1000 10 0.5 8
0.242077 4.27475 0.6 50000 3 25 1000 10 0.5 10
0.698739 4.85764 0.5 50000 3 20 1000 5 2 6
0.683103 11.4321 0.65 50000 3 50 1000 5 1 6
0.589425 4.31028 0.65 50000 3 25 1500 5 1 10
0.621782 3.77337 0.5 100000 3 20 1500 10 0.5 4
0.496508 3.80978 0.5 10000 3 25 1500 10 1 6
0.6797 11.4588 0.65 50000 3 25 1000 5 2 10
0.554388 4.34807 0.6 50000 3 20 1500 5 0.5 8
0.50476 4.39211 0.6 100000 3 25 1000 5 0.5 10
0.652061 5.14564 0.5 50000 3 20 1500 5 1 6
0.727077 15.3459 0.6 10000 3 20 1500 5 1 8
0.316874 7.65636 0.6 100000 3 20 1000 10 0.5 6
0.243465 4.27817 0.65 100000 3 25 1500 10 0.5 10
0.54439 4.3174 0.6 100000 3 25 1500 10 1 10
0.643928 7.69323 0.6 100000 3 25 1500 5 0.5 6
0.563199 4.4682 0.65 50000 3 50 1500 5 0.5 6
0.725434 4.10733 0.5 10000 3 25 1000 10 2 4
0.0793552 3.7047 0.5 100000 3 20 1000 10 0.5 10
0.64655 8.41272 0.65 10000 3 50 1000 10 1 6
0.530274 10.6992 0.6 10000 3 25 1500 10 1 10
0.532755 4.37765 0.6 50000 3 50 1500 5 0.5 10
0.243837 4.28389 0.6 100000 3 50 1000 10 0.5 10
0.429457 0.0770932 0.5 100000 3 50 1000 10 1 10
0.647432 3.9315 0.5 100000 3 50 1000 5 0.5 4
0.606744 3.772 0.5 100000 3 25 1000 5 1 10
0.747065 9.97327 0.65 100000 3 25 1000 10 2 6
0.775159 9.93064 0.65 10000 3 20 1000 5 2 8
0.341809 0.107926 0.65 100000 3 50 1500 5 1 10
0.571432 3.94274 0.5 10000 3 20 1500 5 0.5 10
0.6439 7.64854 0.6 50000 3 25 1500 10 0.5 4
0.689531 7.22197 0.5 10000 3 50 1500 5 2 4
0.74544 10.1422 0.65 100000 3 20 1000 5 2 8
0.655737 7.6614 0.65 100000 3 25 1000 5 0.5 6
0.243162 10.6815 0.6 10000 3 50 1000 10 0.5 8
0.622889 3.75437 0.5 10000 3 20 1000 5 0.5 8
0.593505 6.26814 0.5 100000 3 50 1500 10 1 4
0.740959 8.4945 0.6 50000 3 50 1000 5 2 4
0.651947 7.82022 0.6 100000 3 20 1500 5 1 10
0.160137 0.153133 0.5 50000 3 25 1500 10 0.5 10
0.66106 16.0529 0.6 10000 3 50 1500 5 2 10
0.740063 10.008 0.65 10000 3 25 1000 10 2 8
0.681869 11.6423 0.65 50000 3 50 1500 10 2 8
0.459601 4.33845 0.65 10000 3 50 1500 10 0.5 6
0.769611 9.98458 0.65 10000 3 25 1000 5 1 4
0.661885 9.77203 0.6 50000 3 50 1500 10 2 8
0.625874 7.78109 0.65 50000 3 20 1000 10 1 8
0.680767 11.7251 0.65 100000 3 50 1000 5 2 10
0.00634372 0.0163125 0.5 10000 3 50 1000 10 0.5 10
0.646726 4.46299 0.5 50000 3 50 1500 5 2 4
0.695318 4.61154 0.5 50000 3 25 1000 10 2 4
0.617767 6.02892 0.5 50000 3 50 1000 5 2 10
0.660026 8.42934 0.65 10000 3 25 1500 10 1 8
0.581464 14.1862 0.6 10000 3 25 1000 5 0.5 10
0.727458 8.80008 0.6 50000 3 20 1000 5 1 8
0.694414 4.65336 0.5 10000 3 20 1500 10 2 10
0.486644 0.224679 0.5 100000 3 25 1500 5 0.5 10
0.407828 10.7907 0.6 100000 3 50 1500 10 0.5 8
0.733761 15.0161 0.6 10000 3 20 1000 5 1 6
0.768082 10.2518 0.65 10000 3 20 1500 5 1 6
0.655996 7.82607 0.65 100000 3 20 1500 5 1 6
0.71859 9.84666 0.65 50000 3 20 1500 10 1 6
0.698739 4.85764 0.5 50000 3 20 1000 5 2 8
0.699095 15.0858 0.6 10000 3 25 1000 10 2 10
0.460611 4.01506 0.5 10000 3 25 1500 10 1 8
0.600098 5.87645 0.5 50000 3 20 1500 10 2 10
0.683103 11.4321 0.65 50000 3 50 1000 5 1 8
0.755975 9.74143 0.65 50000 3 25 1500 5 2 4
0.613777 6.15728 0.5 50000 3 20 1500 5 1 8
0.468223 3.87459 0.5 100000 3 20 1500 10 0.5 6
0.533828 4.51509 0.6 50000 3 20 1500 5 0.5 10
0.69096 15.7479 0.6 10000 3 20 1500 5 1 10
0.533828 4.51509 0.6 50000 3 20 1500 10 1 10
0.677625 8.75702 0.6 50000 3 25 1000 10 1 4
0.450314 4.3166 0.65 10000 3 50 1000 10 1 8
0.827775 19.6997 0.6 10000 3 25 1500 10 2 4
0.532755 4.37765 0.65 50000 3 50 1500 5 0.5 8
0.571864 4.32708 0.6 100000 3 25 1500 5 0.5 8
0.316258 7.66039 0.6 100000 3 20 1000 10 0.5 8
0.674702 4.54808 0.5 10000 3 25 1000 10 2 6
0.532676 7.63314 0.65 50000 3 25 1000 10 0.5 4
0.700013 4.50627 0.5 10000 3 20 1500 5 1 4
0.729867 8.80318 0.6 100000 3 25 1000 5 1 4
0.561509 0.379775 0.5 100000 3 50 1000 5 0.5 6
0.656236 7.78269 0.65 100000 3 25 1000 10 2 8
0.775159 9.93064 0.65 10000 3 20 1000 5 2 10
0.64606 9.68664 0.6 50000 3 50 1500 5 1 4
0.658999 7.75958 0.65 100000 3 25 1500 10 1 4
0.731875 8.84258 0.6 100000 3 25 1500 10 2 4
0.411907 4.32968 0.6 50000 3 25 1500 10 0.5 6
0.675766 4.7018 0.5 100000 3 20 1000 10 1 4
0.664932 7.10525 0.5 10000 3 50 1500 5 2 6
0.74544 10.1422 0.65 100000 3 20 1000 5 2 10
0.660071 7.64622 0.6 100000 3 50 1000 10 1 4
0.691706 4.68383 0.5 100000 3 50 1000 10 2 4
0.541657 4.3975 0.65 100000 3 25 1000 5 0.5 8
0.242781 4.24202 0.65 10000 3 50 1500 10 0.5 8
0.240027 10.8204 0.6 10000 3 50 1000 10 0.5 10
0.663584 9.54162 0.6 50000 3 50 1000 5 2 6
0.689832 11.0995 0.65 100000 3 50 1500 5 2 4
0.553024 3.72761 0.5 10000 3 20 1000 5 0.5 10
0.702391 4.21193 0.5 100000 3 25 1000 5 2 4
0.589189 4.4144 0.65 50000 3 50 1500 10 2 10
0.579772 10.6424 0.6 10000 3 50 1500 10 0.5 4
0.729922 8.84607 0.6 100000 3 20 1500 5 2 4
0.622841 6.21647 0.5 50000 3 50 1500 5 2 6
0.548655 6.25619 0.5 100000 3 50 1500 10 1 6
0.643327 3.73747 0.5 50000 3 25 1500 10 1 4
0.740063 10.008 0.65 10000 3 25 1000 10 2 10
0.728642 15.0624 0.6 10000 3 25 1000 5 1 4
0.751478 9.99566 0.65 10000 3 25 1000 5 1 6
0.625309 3.76488 0.5 10000 3 50 1000 10 1 4
0.697452 4.8656 0.5 50000 3 20 1000 5 2 10
0.551436 3.84508 0.5 50000 3 50 1000 10 0.5 4
0.645345 3.72889 0.5 10000 3 25 1000 5 0.5 4
0.170941 0.0210448 0.6 100000 3 50 1500 10 0.5 10
0.727458 8.80008 0.6 50000 3 20 1000 5 1 10
0.589189 4.4144 0.6 50000 3 50 1500 10 2 10
0.533828 4.51509 0.65 50000 3 20 1500 10 1 8
0.296591 0.0723067 0.5 10000 3 25 1500 10 1 10
0.651947 7.82022 0.65 100000 3 20 1500 5 1 8
0.530522 4.28818 0.65 10000 3 25 1500 10 1 10
0.689161 4.64671 0.5 50000 3 25 1000 10 2 6
0.625874 7.78109 0.65 50000 3 20 1000 10 1 10
0.648814 7.79059 0.65 100000 3 50 1000 10 0.5 4
0.639601 14.2934 0.6 10000 3 25 1500 5 0.5 4
0.733761 15.0161 0.6 10000 3 20 1000 5 1 8
0.61337 6.21891 0.5 50000 3 20 1500 5 1 10
0.683103 11.4321 0.65 50000 3 50 1000 5 1 10
0.768082 10.2518 0.65 10000 3 20 1500 5 1 8
0.737692 15.3185 0.6 10000 3 20 1500 5 2 4
0.690767 4.65842 0.5 100000 3 25 1500 5 1 4
0.450314 4.3166 0.65 10000 3 50 1000 10 1 10
0.657978 4.52419 0.5 50000 3 25 1000 5 0.5 4
0.112111 0.0327973 0.5 100000 3 20 1500 10 0.5 8
0.683761 11.6452 0.65 50000 3 25 1500 5 2 6
0.733589 15.1465 0.6 10000 3 25 1500 10 2 6
0.316086 7.6613 0.6 100000 3 20 1000 10 0.5 10
0.732504 8.56074 0.6 50000 3 20 1500 10 2 4
0.532755 4.37765 0.65 50000 3 50 1500 5 0.5 10
0.663287 4.56045 0.5 10000 3 25 1000 10 2 8
0.724886 8.82133 0.6 50000 3 20 1500 5 1 4
0.691251 4.8214 0.5 10000 3 20 1500 5 1 6
0.545122 4.33113 0.6 100000 3 25 1500 5 0.5 10
0.669443 8.49834 0.65 10000 3 20 1000 10 0.5 4
0.411907 4.32968 0.6 50000 3 25 1500 10 0.5 8
0.628118 7.71681 0.65 100000 3 25 1000 10 2 10
0.630716 9.31256 0.5 10000 3 50 1500 5 2 8
0 0 0.65 10000 3 50 1500 10 0.5 10
0.68457 8.80342 0.6 50000 3 25 1000 10 1 6
0.646588 9.63448 0.6 50000 3 50 1500 5 1 6
0.634627 7.7076 0.65 100000 3 20 1000 10 0.5 4
0.532676 7.63314 0.65 50000 3 25 1000 10 0.5 6
0.643928 7.69323 0.65 100000 3 25 1500 10 1 6
0.50476 4.39211 0.65 100000 3 25 1000 5 0.5 10
0.663584 9.54162 0.6 50000 3 50 1000 5 2 8
0.72851 8.68665 0.6 100000 3 25 1000 5 1 6
0.731732 8.8337 0.6 100000 3 25 1500 10 2 6
0.580955 4.4446 0.6 100000 3 50 1000 10 1 6
0.625676 14.2288 0.6 10000 3 50 1000 10 1 4
0.550365 0.14033 0.5 100000 3 50 1000 5 0.5 8
0.5314 0.154001 0.5 50000 3 25 1500 10 1 6
0.622841 6.21647 0.5 50000 3 50 1500 5 2 8
0.293073 0.0886958 0.5 100000 3 50 1500 10 1 8
0.681182 4.65388 0.5 100000 3 20 1000 5 0.5 4
0.729636 8.83906 0.6 100000 3 20 1500 5 2 6
0.182822 0.16403 0.5 50000 3 50 1000 10 0.5 6
0.607133 6.24706 0.5 100000 3 50 1000 10 2 6
0.61139 3.83088 0.5 100000 3 20 1000 10 1 6
0.500279 3.83694 0.5 50000 3 20 1000 10 0.5 4
0.71051 15.0734 0.6 10000 3 25 1000 5 1 6
0.590107 3.9704 0.5 10000 3 50 1000 10 1 6
0.698145 4.49049 0.5 10000 3 20 1000 5 1 4
0.459216 10.7425 0.6 10000 3 50 1500 10 0.5 6
0.736621 8.91966 0.6 50000 3 20 1000 5 2 4
0.620319 3.77343 0.5 10000 3 25 1000 5 0.5 6
0.681037 11.6978 0.65 100000 3 50 1500 5 2 6
0.660384 8.47365 0.65 10000 3 25 1500 5 0.5 4
0.697444 4.56502 0.5 10000 3 25 1500 10 2 4
0.690034 4.60147 0.5 100000 3 25 1000 5 2 6
0.698994 4.66808 0.5 50000 3 20 1500 5 2 4
0.644718 9.78809 0.6 100000 3 50 1500 10 1 4
0.533828 4.51509 0.65 50000 3 20 1500 10 1 10
0.651947 7.82022 0.65 100000 3 20 1500 5 1 10
0.751478 9.99566 0.65 10000 3 25 1000 5 1 8
0.686455 4.91692 0.5 50000 3 25 1000 10 2 8
0.737692 15.3185 0.6 10000 3 20 1500 5 2 6
0.752367 9.85161 0.65 50000 3 50 1000 5 2 4
0.772211 10.0443 0.65 10000 3 50 1000 10 2 4
0.868835 14.5744 0.65 10000 3 25 1500 10 2 4
0.00502364 0.00158225 0.5 100000 3 20 1500 10 0.5 10
0.639893 14.295 0.6 10000 3 25 1500 5 0.5 6
0.692665 15.4961 0.6 10000 3 25 1500 10 2 8
0.726516 14.985 0.6 10000 3 20 1000 5 1 10
0.76724 10.2864 0.65 10000 3 20 1500 5 1 10
0.636277 7.68923 0.65 50000 3 20 1000 5 0.5 4
0.319579 4.30004 0.65 100000 3 50 1000 10 0.5 6
0.625203 4.70398 0.5 50000 3 25 1000 5 0.5 6
0.749544 9.8416 0.65 50000 3 20 1000 10 2 4
0.683101 11.3987 0.65 50000 3 25 1500 5 2 8
0.663287 4.56045 0.5 10000 3 25 1000 10 2 10
0.690767 4.65842 0.5 100000 3 25 1500 5 1 6
0.691251 4.8214 0.5 10000 3 20 1500 5 1 8
0.624825 6.1088 0.5 10000 3 50 1500 5 2 10
0.587544 4.44712 0.65 10000 3 50 1500 10 1 4
0.528454 8.48372 0.65 10000 3 20 1000 10 0.5 6
0.394581 4.34385 0.6 50000 3 25 1500 10 0.5 10
0.643928 7.69323 0.65 100000 3 25 1500 5 0.5 4
0.730639 8.588 0.6 50000 3 20 1500 10 2 6
0.716611 8.79232 0.6 100000 3 20 1000 10 1 4
0.724886 8.82133 0.6 50000 3 20 1500 5 1 6
0.571864 4.32708 0.65 100000 3 25 1500 10 1 8
0.666045 11.561 0.65 50000 3 50 1500 5 1 4
0.583851 7.63894 0.6 50000 3 25 1000 10 1 8
0.316874 7.65636 0.65 100000 3 20 1000 10 0.5 6
0.749668 9.96046 0.65 100000 3 25 1000 5 1 4
0.663584 9.54162 0.6 50000 3 50 1000 5 2 10
0.5862 0.198459 0.5 50000 3 50 1500 5 2 10
0.449691 0.204637 0.5 10000 3 50 1000 10 1 8
0.456134 4.34446 0.6 100000 3 50 1000 10 1 8
0.71051 15.0734 0.6 10000 3 25 1000 5 1 8
0.475458 3.84859 0.5 50000 3 20 1000 10 0.5 6
0.031603 0.025243 0.5 50000 3 50 1000 10 0.5 8
0.529875 7.61761 0.65 50000 3 25 1000 10 0.5 8
0.731583 8.80779 0.6 100000 3 25 1500 5 1 4
0.659668 9.90009 0.6 100000 3 25 1500 10 2 8
0.590474 14.4403 0.6 10000 3 50 1000 10 1 6
0.293073 0.0886958 0.5 100000 3 50 1500 10 1 10
0.61139 3.83088 0.5 100000 3 20 1000 5 0.5 6
0.646588 9.63448 0.6 50000 3 50 1500 5 1 8
0.728294 8.83503 0.6 100000 3 20 1500 5 2 8
0.5159 0.247411 0.5 50000 3 25 1500 10 1 8
0.581406 3.74775 0.5 10000 3 25 1000 5 0.5 8
0.550365 0.14033 0.5 100000 3 50 1000 5 0.5 10
0.650362 9.85061 0.6 100000 3 25 1000 5 1 8
0.661082 5.14462 0.5 50000 3 20 1500 5 2 6
0.736621 8.91966 0.6 50000 3 20 1000 5 2 6
0.395032 3.72675 0.5 100000 3 20 1000 10 1 8
0.697972 4.50656 0.5 10000 3 20 1000 5 1 6
0.697736 4.56404 0.5 10000 3 25 1500 10 2 6
0.611304 9.85854 0.6 100000 3 50 1500 10 1 6
0.242396 10.7035 0.6 10000 3 50 1500 10 0.5 8
0.645496 5.31065 0.5 50000 3 25 1000 10 2 10
0.752488 9.73042 0.65 50000 3 20 1500 10 2 4
0.749723 10.011 0.65 100000 3 20 1500 5 2 4
0.607133 6.24706 0.5 100000 3 50 1000 10 2 8
0.737032 14.9754 0.6 10000 3 20 1500 5 2 8
0.660675 8.475 0.65 10000 3 25 1500 5 0.5 6
0.772211 10.0443 0.65 10000 3 50 1000 10 2 6
0.744948 9.96006 0.65 10000 3 25 1000 5 1 10
0.653387 4.91942 0.5 100000 3 25 1000 5 2 8
0.588695 4.36919 0.65 100000 3 50 1500 5 2 8
0.683569 11.4187 0.65 50000 3 50 1000 5 2 6
0.624719 3.80872 0.5 100000 3 20 1500 10 1 4
0.65485 16 0.6 10000 3 25 1500 10 2 10
0.774649 10.0204 0.65 10000 3 25 1500 10 2 6
0.57907 0.183466 0.5 10000 3 50 1500 10 0.5 4
0.670166 11.6493 0.65 10000 3 50 1500 10 1 6
0.603996 14.5352 0.6 10000 3 25 1500 5 0.5 8
0.778698 10.2313 0.65 10000 3 20 1500 5 2 4
0.63928 3.80374 0.5 10000 3 25 1500 5 0.5 4
0.834076 15.7199 0.6 10000 3 20 1000 5 2 4
0.655134 5.3135 0.5 10000 3 20 1500 5 1 10
0.682392 11.4464 0.65 50000 3 25 1500 5 2 10
0.559291 3.76864 0.5 50000 3 25 1000 5 0.5 8
0.645864 7.64679 0.6 50000 3 25 1500 10 1 4
0.338713 8.35152 0.65 10000 3 20 1000 10 0.5 8
0.319579 4.30004 0.65 100000 3 50 1000 10 0.5 8
0.643928 7.69323 0.65 100000 3 25 1500 5 0.5 6
0.620451 6.2457 0.5 100000 3 25 1500 5 1 8
0.621972 7.65453 0.65 50000 3 20 1000 5 0.5 6
0.747142 9.95594 0.65 50000 3 20 1000 10 2 6
0.00568368 0.00555404 0.5 50000 3 50 1000 10 0.5 10
0.449691 0.204637 0.5 10000 3 50 1000 10 1 10
0.572763 7.64811 0.6 50000 3 50 1000 10 0.5 4
0.652754 9.76195 0.6 50000 3 20 1500 10 2 8
0.232871 5.92695 0.5 50000 3 50 1500 10 0.5 4
0.284525 3.76798 0.5 50000 3 20 1000 10 0.5 8
0.703979 15.0378 0.6 10000 3 25 1000 5 1 10
0.748312 9.8473 0.65 100000 3 25 1000 5 1 6
0.316258 7.66039 0.65 100000 3 20 1000 10 0.5 8
0.54439 4.3174 0.65 100000 3 25 1500 10 1 10
0.644507 4.41085 0.5 100000 3 50 1500 10 2 4
0.651033 9.75998 0.6 50000 3 20 1500 5 1 8
0.395032 3.72675 0.5 100000 3 20 1000 5 0.5 8
0.666573 11.5089 0.65 50000 3 50 1500 5 1 6
0.728294 8.83503 0.6 100000 3 20 1500 5 2 10
0.623722 6.12276 0.5 50000 3 20 1500 5 2 8
0.581189 3.74796 0.5 10000 3 25 1000 5 0.5 10
0.460695 4.29616 0.6 50000 3 25 1000 10 1 10
0.632379 7.67581 0.6 100000 3 20 1000 10 1 6
0.456134 4.34446 0.6 100000 3 50 1000 10 1 10
0.242077 4.27475 0.65 50000 3 25 1000 10 0.5 10
0.587711 4.40273 0.6 100000 3 25 1500 10 2 10
0.450021 10.7213 0.6 10000 3 50 1000 10 1 8
0.736621 8.91966 0.6 50000 3 20 1000 5 2 8
0.656812 5.00748 0.5 10000 3 25 1500 10 2 8
0.574173 4.31993 0.6 50000 3 50 1500 5 1 10
0.5159 0.247411 0.5 50000 3 25 1500 10 1 10
0.640934 3.74115 0.5 50000 3 25 1500 5 0.5 4
0.39486 3.72414 0.5 100000 3 20 1000 10 1 10
0.5251 10.8508 0.6 100000 3 50 1500 10 1 8
0.677273 11.6188 0.65 10000 3 50 1000 10 2 8
0.701757 15.2993 0.6 10000 3 20 1500 5 2 10
0.697972 4.50656 0.5 10000 3 20 1000 5 1 8
0.750624 9.75768 0.65 50000 3 20 1500 10 2 6
0.731583 8.80779 0.6 100000 3 25 1500 5 1 6
0.691706 4.68383 0.5 100000 3 50 1000 5 1 4
0.575308 4.47866 0.6 100000 3 25 1000 5 1 10
0.239936 10.8131 0.6 10000 3 50 1500 10 0.5 10
0.597452 6.32513 0.5 100000 3 50 1000 10 2 10
0.458513 0.207578 0.5 10000 3 50 1500 10 0.5 6
0.683569 11.4187 0.65 50000 3 50 1000 5 2 8
0.59543 3.8766 0.5 100000 3 20 1500 10 1 6
0.749437 10.004 0.65 100000 3 20 1500 5 2 6
0.660026 8.42934 0.65 10000 3 25 1500 5 0.5 8
0.577594 4.34584 0.65 10000 3 50 1500 10 1 8
0.639572 3.80528 0.5 10000 3 25 1500 5 0.5 6
0.724977 4.21873 0.5 10000 3 20 1500 5 2 4
0.780942 12.9491 0.65 10000 3 25 1000 5 2 4
0.625676 14.2288 0.6 10000 3 50 1000 5 0.5 4
0.653156 4.92259 0.5 100000 3 25 1000 5 2 10
0.53325 4.24878 0.6 50000 3 25 1500 10 1 6
0.588695 4.36919 0.65 100000 3 50 1500 5 2 10
0.6439 7.64854 0.65 50000 3 25 1500 10 0.5 4
0.530274 10.6992 0.6 10000 3 25 1500 5 0.5 10
0.226297 0.0779531 0.5 50000 3 25 1000 5 0.5 10
0.778698 10.2313 0.65 10000 3 20 1500 5 2 6
0.768973 9.98667 0.65 10000 3 25 1500 10 2 8
0.734227 15.0059 0.6 10000 3 20 1000 5 2 6
0.571864 4.32708 0.65 100000 3 25 1500 5 0.5 8
0.608471 6.32512 0.5 100000 3 25 1500 5 1 10
0.69516 4.59712 0.5 10000 3 50 1000 10 2 4
0.338713 8.35152 0.65 10000 3 20 1000 10 0.5 10
0.250405 3.96987 0.5 50000 3 20 1000 10 0.5 10
0.643061 4.63321 0.5 50000 3 50 1000 10 1 4
0.196208 0.0852738 0.5 50000 3 50 1500 10 0.5 6
0.243837 4.28389 0.65 100000 3 50 1000 10 0.5 10
0.417312 4.37447 0.6 50000 3 50 1000 10 0.5 6
0.739973 18.0209 0.6 10000 3 25 1000 5 2 4
0.316086 7.6613 0.65 100000 3 20 1000 10 0.5 10
0.623722 6.12276 0.5 50000 3 20 1500 5 2 10
0.621972 7.65453 0.65 50000 3 20 1000 5 0.5 8
0.395032 3.72675 0.5 100000 3 20 1000 5 0.5 10
0.596205 6.33301 0.5 100000 3 50 1500 10 2 6
0.637353 9.47442 0.6 50000 3 20 1500 10 2 10
0.627003 7.67185 0.6 100000 3 20 1500 10 0.5 4
0.751676 10.0073 0.65 100000 3 25 1500 10 2 4
0.506253 0.272658 0.5 50000 3 25 1500 5 0.5 6
0.742899 10.0094 0.65 50000 3 20 1000 10 2 8
0.619033 6.01271 0.5 10000 3 25 1500 10 2 10
0.692835 4.53701 0.5 10000 3 25 1000 5 1 4
0.670163 11.7054 0.65 100000 3 25 1000 5 1 8
0.732599 8.79937 0.6 100000 3 50 1000 10 2 4
0.67284 11.801 0.65 10000 3 50 1000 10 2 10
0.662537 14.1804 0.6 10000 3 20 1500 10 0.5 4
0.733274 8.71081 0.6 50000 3 25 1000 10 2 4
0.450021 10.7213 0.6 10000 3 50 1000 10 1 10
0.691882 4.65646 0.5 50000 3 25 1500 10 2 4
0.650626 9.82161 0.6 50000 3 20 1500 5 1 10
0.736621 8.91966 0.6 50000 3 20 1000 5 2 10
0.697609 9.92112 0.65 50000 3 25 1000 10 1 4
0.666573 11.5089 0.65 50000 3 50 1500 5 1 8
0.288214 0.0811389 0.6 100000 3 50 1500 10 1 10
0.631763 7.67983 0.6 100000 3 20 1000 10 1 8
0.652389 7.79282 0.6 100000 3 50 1000 5 0.5 4
0.00871254 0.00772949 0.5 10000 3 50 1500 10 0.5 8
0.672739 11.6482 0.65 50000 3 20 1500 10 2 8
0.661885 9.77203 0.6 50000 3 50 1500 5 2 4
0.682887 4.8073 0.5 100000 3 20 1000 10 2 4
0.42496 0.338985 0.65 10000 3 50 1500 10 1 10
0.701867 4.81786 0.5 10000 3 20 1500 5 2 6
0.603675 4.01155 0.5 10000 3 25 1500 5 0.5 8
0.65952 9.85038 0.6 100000 3 25 1500 5 1 8
0.525284 0.255116 0.5 100000 3 20 1500 10 1 8
0.690727 4.47632 0.5 10000 3 20 1000 5 1 10
0.683569 11.4187 0.65 50000 3 50 1000 5 2 10
0.556944 0.309014 0.5 100000 3 50 1500 5 0.5 4
0.748095 10.0101 0.65 100000 3 20 1500 5 2 8
0.545703 4.26618 0.6 50000 3 25 1500 10 1 8
0.530522 4.28818 0.65 10000 3 25 1500 5 0.5 10
0.611461 14.0818 0.6 10000 3 50 1500 10 1 4
0.607133 6.24706 0.5 100000 3 50 1000 5 1 6
0.582608 14.4354 0.6 10000 3 50 1000 5 0.5 6
0.742826 8.38671 0.6 100000 3 25 1000 5 2 4
0.780942 12.9491 0.65 10000 3 25 1000 5 2 6
0.411907 4.32968 0.65 50000 3 25 1500 10 0.5 6
0.659958 5.06662 0.5 10000 3 50 1000 10 2 6
0.761001 10.0585 0.65 10000 3 20 1000 10 1 4
0.689931 4.72043 0.5 50000 3 20 1000 10 1 4
0.545122 4.33113 0.65 100000 3 25 1500 5 0.5 10
0.571292 0.316092 0.5 50000 3 50 1000 10 1 6
0.528705 3.88348 0.5 100000 3 25 1000 10 0.5 4
0.733297 15.1474 0.6 10000 3 25 1500 5 1 4
0.739973 18.0209 0.6 10000 3 25 1000 5 2 6
0.0259193 0.019689 0.6 50000 3 50 1000 10 0.5 8
0.689256 4.64256 0.5 50000 3 25 1000 5 1 4
0.196208 0.0852738 0.5 50000 3 50 1500 10 0.5 8
0.675375 11.5293 0.65 10000 3 25 1500 10 2 10
0.778038 9.88827 0.65 10000 3 20 1500 5 2 8
0.691059 4.68431 0.5 100000 3 25 1500 5 2 4
0.539341 4.37749 0.65 100000 3 50 1500 10 0.5 4
0.736412 9.9478 0.65 100000 3 20 1000 10 1 4
0.568254 3.88638 0.5 50000 3 20 1500 10 0.5 4
0.559468 0.279298 0.5 50000 3 25 1500 5 0.5 8
0.625309 3.76488 0.5 10000 3 50 1000 5 0.5 4
0.734227 15.0059 0.6 10000 3 20 1000 5 2 8
0.682425 4.72126 0.5 100000 3 20 1000 5 1 4
0.575308 4.47866 0.65 100000 3 25 1000 5 1 10
0.751533 9.99783 0.65 100000 3 25 1500 10 2 6
0.502404 7.74578 0.6 100000 3 20 1500 10 0.5 6
0.674702 4.54808 0.5 10000 3 25 1000 5 1 6
0.5567 0.282336 0.5 100000 3 50 1500 10 2 8
0.696704 8.66565 0.6 50000 3 25 1000 5 0.5 4
0.660071 7.64622 0.65 100000 3 50 1000 10 1 4
0.672103 11.5509 0.65 10000 3 50 1500 5 0.5 4
0.449091 14.3577 0.6 10000 3 20 1500 10 0.5 6
0.660966 9.87905 0.6 100000 3 50 1000 10 2 6
0.6214 7.7186 0.65 50000 3 20 1000 5 0.5 10
0.502487 7.69004 0.6 50000 3 20 1000 10 0.5 4
0.684225 11.5843 0.65 10000 3 50 1500 10 2 4
0.52999 0.188326 0.5 10000 3 25 1500 5 0.5 10
0.731059 15.171 0.6 10000 3 50 1000 10 2 4
0.619547 6.10474 0.5 50000 3 25 1500 10 2 6
0.657338 11.3607 0.65 50000 3 20 1500 10 2 10
0.650633 7.76796 0.65 50000 3 20 1000 10 2 10
0.701207 4.47479 0.5 10000 3 20 1500 5 2 8
0.00625205 0.00354676 0.5 10000 3 50 1500 10 0.5 10
0.727117 8.74598 0.6 50000 3 25 1000 10 2 6
0.24949 0.137172 0.5 100000 3 20 1500 10 1 10
0.683217 4.80895 0.5 100000 3 20 1000 10 2 6
0.704555 9.96753 0.65 50000 3 25 1000 10 1 6
0.572763 7.64811 0.65 50000 3 50 1000 10 0.5 4
0.545703 4.26618 0.6 50000 3 25 1500 10 1 10
0.661885 9.77203 0.6 50000 3 50 1500 5 2 6
0.736909 8.77824 0.6 50000 3 20 1500 5 2 4
0.714473 4.38406 0.5 10000 3 20 1000 5 2 4
0.748095 10.0101 0.65 100000 3 20 1500 5 2 10
0.574173 4.31993 0.65 50000 3 50 1500 5 1 10
0.620839 6.12038 0.5 10000 3 50 1000 10 2 8
0.580955 4.4446 0.6 100000 3 50 1000 5 0.5 6
0.643554 8.47866 0.65 10000 3 20 1000 10 1 6
0.660262 9.88109 0.6 100000 3 50 1500 10 2 4
0.276735 0.281303 0.5 50000 3 50 1000 10 1 8
0.603018 3.93452 0.5 50000 3 20 1000 10 1 6
0.631591 7.68074 0.6 100000 3 20 1000 10 1 10
0.411907 4.32968 0.65 50000 3 25 1500 10 0.5 8
0.65952 9.85038 0.6 100000 3 25 1500 5 1 10
0.774358 10.0221 0.65 10000 3 25 1500 5 1 4
0.732394 14.9798 0.6 10000 3 25 1000 5 2 8
0.535597 0.246453 0.5 100000 3 50 1500 5 0.5 6
0.751384 9.97105 0.65 100000 3 25 1500 5 1 4
0.649503 16.1586 0.6 10000 3 50 1500 10 1 6
0 0 0.6 50000 3 50 1000 10 0.5 10
0.525863 10.8401 0.6 10000 3 50 1000 5 0.5 8
0.559468 0.279298 0.5 50000 3 25 1500 5 0.5 10
0.773362 9.90799 0.65 10000 3 25 1000 5 2 8
0.00559201 0.00387495 0.5 50000 3 50 1500 10 0.5 10
0.351528 3.6774 0.5 50000 3 20 1500 10 0.5 6
0.582242 3.96545 0.5 10000 3 50 1000 5 0.5 6
0.632379 7.67581 0.65 100000 3 20 1000 10 1 6
0.703242 4.29579 0.5 100000 3 25 1500 5 2 6
0.730468 8.65839 0.6 100000 3 25 1000 5 2 6
0.607133 6.24706 0.5 100000 3 50 1000 5 1 8
0.689256 4.64256 0.5 50000 3 25 1000 5 1 6
0.733589 15.1465 0.6 10000 3 25 1500 5 1 6
0.64655 8.41272 0.65 10000 3 50 1000 5 0.5 4
0.674702 4.54808 0.5 10000 3 25 1000 5 1 8
0.656174 11.6667 0.65 10000 3 50 1500 5 0.5 6
0.647813 3.95505 0.5 100000 3 20 1000 5 1 6
0.778038 9.88827 0.65 10000 3 20 1500 5 2 10
0.411416 14.6804 0.6 10000 3 20 1500 10 0.5 8
0.107088 0.0312151 0.6 100000 3 20 1500 10 0.5 8
0.495157 3.83916 0.5 100000 3 25 1000 10 0.5 6
0.684665 8.7973 0.6 50000 3 25 1000 5 0.5 6
0.679469 11.7484 0.65 100000 3 25 1500 10 2 8
0.750933 9.82584 0.65 100000 3 25 1000 5 2 4
0.52433 0.276469 0.5 100000 3 50 1500 10 2 10
0.734227 15.0059 0.6 10000 3 20 1000 5 2 10
0.414593 4.30513 0.65 100000 3 50 1500 10 0.5 6
0.259031 3.39058 0.6 50000 3 20 1000 10 0.5 6
0.660966 9.87905 0.6 100000 3 50 1000 10 2 8
0.697444 4.56502 0.5 10000 3 25 1500 5 1 4
0.68246 11.5854 0.65 10000 3 50 1500 10 2 6
0.716688 9.82982 0.65 50000 3 25 1000 5 0.5 4
0.665931 4.91362 0.5 10000 3 20 1500 5 2 10
0.580955 4.4446 0.65 100000 3 50 1000 10 1 6
0.682285 4.70636 0.5 100000 3 20 1000 10 2 8
0.687885 4.75064 0.5 100000 3 20 1500 10 2 4
0.624503 5.94956 0.5 50000 3 25 1500 10 2 8
0.72988 8.7829 0.6 50000 3 25 1500 10 2 4
0.417312 4.37447 0.65 50000 3 50 1000 10 0.5 6
0.695857 15.5269 0.6 10000 3 50 1000 10 2 6
0.749445 9.8818 0.65 50000 3 20 1000 5 1 4
0.616406 6.30254 0.5 10000 3 50 1000 10 2 10
0.643554 8.47866 0.65 10000 3 20 1000 10 1 8
0.276735 0.281303 0.5 50000 3 50 1000 10 1 10
0.627003 7.67185 0.65 100000 3 20 1500 10 0.5 4
0.610759 3.62287 0.5 10000 3 50 1500 10 1 4
0.597144 3.93812 0.5 50000 3 20 1000 10 1 8
0.628241 7.6864 0.65 50000 3 20 1500 5 0.5 4
0.725276 9.01193 0.6 50000 3 25 1000 10 2 8
0.583851 7.63894 0.65 50000 3 25 1000 10 1 8
0.698438 4.4963 0.5 10000 3 20 1000 5 2 6
0.394581 4.34385 0.65 50000 3 25 1500 10 0.5 10
0.661885 9.77203 0.6 50000 3 50 1500 5 2 8
0.280183 0.113514 0.5 50000 3 20 1500 10 0.5 8
0.732394 14.9798 0.6 10000 3 25 1000 5 2 10
0.688422 4.57997 0.5 50000 3 25 1500 5 1 4
0.525533 0.323434 0.5 10000 3 50 1000 5 0.5 8
0.683804 8.73321 0.6 50000 3 50 1000 10 1 4
0.751384 9.97105 0.65 100000 3 25 1500 5 1 6
0.733906 8.81087 0.6 50000 3 20 1500 5 2 6
0.681869 11.6423 0.65 50000 3 50 1500 5 2 4
0.631763 7.67983 0.65 100000 3 20 1000 10 1 8
0.774649 10.0204 0.65 10000 3 25 1500 5 1 6
0.577042 4.40769 0.6 100000 3 50 1000 5 0.5 8
0.643101 9.82938 0.6 100000 3 50 1500 10 2 6
0.668172 4.51248 0.5 10000 3 25 1000 5 1 10
0.577209 10.784 0.6 10000 3 50 1500 10 1 8
0.411416 14.6804 0.6 10000 3 20 1500 10 0.5 10
0.65586 11.6459 0.65 10000 3 50 1500 5 0.5 8
0.293073 0.0886958 0.5 100000 3 50 1500 5 0.5 8
0.621468 6.23195 0.5 100000 3 25 1500 5 2 8
0.525863 10.8401 0.6 10000 3 50 1000 5 0.5 10
0.731875 8.84258 0.6 100000 3 25 1500 5 2 4
0.723311 8.94044 0.6 100000 3 20 1000 10 2 4
0.646882 3.84758 0.5 100000 3 20 1000 5 1 8
0.773362 9.90799 0.65 10000 3 25 1000 5 2 10
0.614054 5.40137 0.5 50000 3 50 1500 10 1 4
0.587711 4.40273 0.65 100000 3 25 1500 10 2 10
0.75027 9.82109 0.65 100000 3 25 1000 5 2 6
0.0730812 3.30602 0.6 50000 3 20 1000 10 0.5 8
0 0 0.6 100000 3 20 1500 10 0.5 10
0.722027 8.74403 0.6 100000 3 20 1000 5 0.5 4
0.657886 9.71957 0.6 100000 3 25 1000 5 2 8
0.683716 4.72891 0.5 50000 3 25 1000 5 1 8
0.597452 6.32513 0.5 100000 3 50 1000 5 1 10
0.690657 15.4375 0.6 10000 3 25 1500 5 1 8
0.697736 4.56404 0.5 10000 3 25 1500 5 1 6
0.671806 11.5102 0.65 10000 3 50 1500 10 2 8
0.638685 8.40777 0.65 10000 3 50 1000 5 0.5 6
0.68338 8.31465 0.65 10000 3 20 1500 10 0.5 4
0.651286 9.95713 0.6 100000 3 50 1000 10 2 10
0.644682 3.77026 0.5 10000 3 20 1500 10 0.5 4
0.288648 3.64075 0.5 100000 3 25 1000 10 0.5 8
0.586385 7.78846 0.6 50000 3 25 1000 5 0.5 8
0.70465 9.96147 0.65 50000 3 25 1000 5 0.5 6
0.648788 14.2925 0.6 10000 3 20 1000 10 0.5 4
0.679161 4.80988 0.5 100000 3 20 1500 10 2 6
0.682285 4.70636 0.5 100000 3 20 1000 10 2 10
0.615205 6.0312 0.5 10000 3 50 1500 5 0.5 4
0.656857 9.68437 0.6 50000 3 25 1500 10 2 6
0.0259193 0.019689 0.65 50000 3 50 1000 10 0.5 8
0.563023 4.14001 0.5 50000 3 20 1000 10 1 10
0.688563 4.59878 0.5 50000 3 50 1000 10 2 4
0.407828 10.7907 0.65 100000 3 50 1500 10 0.5 8
0.00575702 0.00175706 0.5 50000 3 20 1500 10 0.5 10
0.624503 5.94956 0.5 50000 3 25 1500 10 2 10
0.456134 4.34446 0.65 100000 3 50 1000 10 1 8
0.502404 7.74578 0.65 100000 3 20 1500 10 0.5 6
0.603937 8.46054 0.65 10000 3 20 1000 10 1 10
0.623216 6.1085 0.5 50000 3 25 1500 5 1 6
0.525533 0.323434 0.5 10000 3 50 1000 5 0.5 10
0.656702 16.1233 0.6 10000 3 50 1000 10 2 8
0.634253 14.2014 0.6 10000 3 25 1000 10 0.5 4
0.613269 6.13599 0.5 10000 3 50 1500 10 1 6
0.645864 7.64679 0.65 50000 3 25 1500 10 1 4
0.58985 4.34639 0.6 50000 3 50 1000 10 1 6
0.679321 11.7034 0.65 100000 3 25 1500 5 1 8
0.698438 4.4963 0.5 10000 3 20 1000 5 2 8
0.460695 4.29616 0.65 50000 3 25 1000 10 1 10
0.747442 9.96919 0.65 50000 3 20 1000 5 1 6
0.631591 7.68074 0.65 100000 3 20 1000 10 1 10
0.652338 10.0902 0.6 50000 3 25 1000 10 2 10
0.392024 7.23796 0.65 10000 3 50 1500 5 0.5 10
0.734124 6.96335 0.5 10000 3 25 1000 5 2 4
0.662658 14.1767 0.6 10000 3 20 1500 10 1 4
0.564373 10.8339 0.6 100000 3 50 1500 10 2 8
0.628241 7.6864 0.65 50000 3 20 1500 5 0.5 6
0.589189 4.4144 0.6 50000 3 50 1500 5 2 10
0.0730812 3.30602 0.6 50000 3 20 1000 10 0.5 10
0.660977 9.75013 0.6 50000 3 20 1500 5 2 8
0.677687 11.5744 0.65 100000 3 25 1000 5 2 8
0.646882 3.84758 0.5 100000 3 20 1000 5 1 10
0.621468 6.23195 0.5 100000 3 25 1500 5 2 10
0.654804 4.9489 0.5 10000 3 25 1500 5 1 8
0.671806 11.5102 0.65 10000 3 50 1500 10 2 10
0.574429 10.9075 0.6 10000 3 50 1500 10 1 10
0.215371 3.6632 0.5 10000 3 20 1500 10 0.5 6
0.577042 4.40769 0.6 100000 3 50 1000 5 0.5 10
0.629809 7.70936 0.6 100000 3 20 1500 10 1 4
0.323253 6.08161 0.5 50000 3 50 1500 10 1 6
0.766965 9.92809 0.65 10000 3 25 1500 5 1 8
0.572222 4.3984 0.6 100000 3 50 1500 5 0.5 4
0.681869 11.6423 0.65 50000 3 50 1500 5 2 6
0.652389 7.79282 0.65 100000 3 50 1000 5 0.5 4
0.293073 0.0886958 0.5 100000 3 50 1500 5 0.5 10
0.611294 6.30259 0.5 50000 3 25 1000 5 1 10
0.731059 15.171 0.6 10000 3 50 1000 5 1 4
0.654944 8.39827 0.65 10000 3 25 1000 10 0.5 4
0.632379 7.67581 0.6 100000 3 20 1000 5 0.5 6
0.652842 15.9414 0.6 10000 3 25 1500 5 1 10
0.586385 7.78846 0.65 50000 3 25 1000 5 0.5 8
0.599276 6.14651 0.5 10000 3 50 1500 5 0.5 6
0.691599 4.58682 0.5 50000 3 20 1000 10 2 4
0.616633 6.22034 0.5 50000 3 50 1000 10 2 6
0.469934 8.42597 0.65 10000 3 20 1500 10 0.5 6
0.62407 3.82164 0.5 100000 3 20 1500 5 0.5 4
0.744058 8.54901 0.6 100000 3 25 1500 5 2 6
0.723483 8.93953 0.6 100000 3 20 1000 10 2 6
0.657655 9.72274 0.6 100000 3 25 1000 5 2 10
0 0 0.65 50000 3 50 1000 10 0.5 10
0.722064 4.05377 0.5 100000 3 50 1000 5 2 4
0.661813 9.52919 0.6 50000 3 25 1500 10 2 8
0.0756406 3.62163 0.5 100000 3 25 1000 10 0.5 10
0.662262 4.51493 0.5 50000 3 20 1500 10 1 4
0.526157 4.4354 0.65 10000 3 50 1000 5 0.5 8
0.774866 9.91735 0.65 10000 3 20 1000 10 2 4
0.602118 6.4542 0.5 100000 3 20 1500 10 2 8
0.107088 0.0312151 0.65 100000 3 20 1500 10 0.5 8
0.460695 4.29616 0.6 50000 3 25 1000 5 0.5 10
0.5078 14.2779 0.6 10000 3 20 1000 10 0.5 6
0.69516 4.59712 0.5 10000 3 50 1000 5 1 4
0.587867 0.200952 0.5 50000 3 25 1500 5 1 8
0.422307 14.2498 0.6 10000 3 25 1000 10 0.5 6
0.637813 3.95993 0.5 50000 3 50 1000 5 0.5 4
0.679321 11.7034 0.65 100000 3 25 1500 5 1 10
0.511225 4.42658 0.6 50000 3 50 1000 10 1 8
0.53325 4.24878 0.65 50000 3 25 1500 10 1 6
0.170941 0.0210448 0.65 100000 3 50 1500 10 0.5 10
0.456134 4.34446 0.65 100000 3 50 1000 10 1 10
0.680172 11.6278 0.65 10000 3 50 1500 5 1 4
0.704166 7.516 0.5 10000 3 25 1000 5 2 6
0.743112 10.0996 0.65 100000 3 20 1000 10 2 4
0.652268 16.3054 0.6 10000 3 50 1000 10 2 10
0.645827 14.1875 0.6 10000 3 20 1500 10 1 6
0.576221 0.222429 0.5 10000 3 50 1500 10 1 8
0.698438 4.4963 0.5 10000 3 20 1000 5 2 10
0.753258 9.88086 0.65 50000 3 25 1000 10 2 4
0.457628 0.236311 0.6 100000 3 50 1500 10 2 10
0.716941 4.34774 0.5 100000 3 20 1000 5 2 4
0.177696 3.86057 0.5 10000 3 20 1500 10 0.5 8
0.677456 11.5776 0.65 100000 3 25 1000 5 2 10
0.634147 3.82799 0.5 50000 3 20 1000 5 0.5 4
0.28659 0.23993 0.5 50000 3 50 1500 10 1 8
0.52777 3.77335 0.5 100000 3 25 1500 10 0.5 4
0.645864 7.64679 0.6 50000 3 25 1500 5 0.5 4
0.629033 7.7347 0.6 100000 3 20 1500 10 1 6
0.56231 4.41824 0.6 100000 3 50 1500 5 0.5 6
0.554388 4.34807 0.65 50000 3 20 1500 5 0.5 8
0.747442 9.96919 0.65 50000 3 20 1000 5 1 8
0.503205 9.602 0.6 50000 3 50 1500 10 0.5 4
0.365981 6.01681 0.5 10000 3 50 1500 5 0.5 8
0.727891 8.81905 0.6 50000 3 20 1000 10 1 4
0.610704 6.18947 0.5 50000 3 50 1000 10 2 8
0.689033 4.64365 0.5 50000 3 20 1000 10 2 6
0.687865 15.5136 0.6 10000 3 50 1500 10 2 4
0.631763 7.67983 0.6 100000 3 20 1000 5 0.5 8
0.460695 4.29616 0.65 50000 3 25 1000 5 0.5 10
0.617026 5.95413 0.5 10000 3 25 1500 5 1 10
0.673368 11.4707 0.65 10000 3 25 1500 5 1 10
0.660977 9.75013 0.6 50000 3 20 1500 5 2 10
0 0 0.65 100000 3 20 1500 10 0.5 10
0.661813 9.52919 0.6 50000 3 25 1500 10 2 10
0.726208 3.81077 0.5 50000 3 25 1000 5 2 4
0.659402 4.61029 0.5 50000 3 20 1500 10 1 6
0.774693 9.9409 0.65 10000 3 20 1000 10 2 6
0.703788 9.8999 0.65 50000 3 50 1000 10 1 4
0.587867 0.200952 0.5 50000 3 25 1500 5 1 10
0.595677 3.87404 0.5 100000 3 20 1500 5 0.5 6
0.59758 6.44199 0.5 100000 3 20 1500 10 2 10
0.732599 8.79937 0.6 100000 3 50 1000 5 1 4
0.613366 6.38472 0.5 100000 3 50 1500 5 1 4
0.419868 14.3581 0.6 10000 3 25 1000 10 0.5 8
0.695857 15.5269 0.6 10000 3 50 1000 5 1 6
0.227098 4.16918 0.65 10000 3 20 1500 10 0.5 8
0.7336 15.1498 0.6 10000 3 25 1500 5 2 4
0.442997 8.32039 0.65 10000 3 25 1000 10 0.5 6
0.681869 11.6423 0.65 50000 3 50 1500 5 2 8
0.571292 0.316092 0.5 50000 3 50 1000 5 0.5 6
0.580955 4.4446 0.65 100000 3 50 1000 5 0.5 6
0.659958 5.06662 0.5 10000 3 50 1000 5 1 6
0.660537 9.83854 0.6 100000 3 25 1500 5 2 8
0.678406 11.629 0.65 10000 3 50 1500 5 1 6
0.318059 14.1457 0.6 10000 3 20 1000 10 0.5 8
0.511225 4.42658 0.6 50000 3 50 1000 10 1 10
0.526157 4.4354 0.65 10000 3 50 1000 5 0.5 10
0.5539 7.68852 0.6 100000 3 25 1000 10 0.5 4
0.696586 4.47488 0.5 10000 3 25 1000 5 2 8
0.722552 8.83867 0.6 100000 3 20 1000 10 2 8
0.751676 10.0073 0.65 100000 3 25 1500 5 2 4
0.545703 4.26618 0.65 50000 3 25 1500 10 1 8
0.610667 14.3984 0.6 10000 3 20 1500 10 1 8
0.610051 6.3805 0.5 100000 3 50 1000 5 2 6
0.634931 3.96429 0.5 100000 3 25 1000 10 1 4
0.743284 10.0987 0.65 100000 3 20 1000 10 2 6
0.177696 3.86057 0.5 10000 3 20 1500 10 0.5 10
0.727212 8.73988 0.6 50000 3 25 1000 5 1 4
0.741828 9.89951 0.65 100000 3 20 1000 5 0.5 4
0.282956 0.167808 0.5 50000 3 50 1500 10 1 10
0.630784 3.87682 0.5 10000 3 20 1000 10 0.5 4
0.696696 4.60749 0.5 100000 3 20 1000 5 2 6
0.617829 3.74489 0.5 50000 3 20 1000 5 0.5 6
0.65144 15.9753 0.6 10000 3 50 1500 5 0.5 4
0.5539 7.68852 0.65 100000 3 25 1000 10 0.5 4
0.747101 9.91604 0.65 50000 3 25 1000 10 2 6
0.340746 0.0979504 0.5 10000 3 50 1500 10 1 10
0.664519 11.6379 0.65 100000 3 50 1500 10 1 4
0.7524 9.96457 0.65 100000 3 50 1000 10 2 4
0.331622 3.83678 0.5 100000 3 25 1500 10 0.5 6
0.556947 4.36753 0.6 100000 3 20 1500 10 1 8
0.342466 5.85223 0.5 10000 3 50 1500 5 0.5 10
0.684042 4.70302 0.5 50000 3 20 1000 10 2 8
0.601001 6.18329 0.5 50000 3 50 1000 10 2 10
0.288214 0.0811389 0.6 100000 3 50 1500 5 0.5 8
0.299411 0.339029 0.5 50000 3 20 1500 10 1 8
0.631763 7.67983 0.6 100000 3 20 1000 5 0.5 10
0.747197 9.91 0.65 50000 3 25 1000 5 1 4
0.642804 7.83035 0.6 50000 3 50 1000 5 0.5 4
0.53325 4.24878 0.6 50000 3 25 1500 5 0.5 6
0.695913 4.46917 0.5 50000 3 25 1500 5 2 4
0.629809 7.70936 0.65 100000 3 20 1500 10 1 4
0.58985 4.34639 0.65 50000 3 50 1000 10 1 6
0.774693 9.9409 0.65 10000 3 20 1000 10 2 8
0.594335 3.85552 0.5 100000 3 20 1500 5 0.5 8
0.279499 0.316189 0.5 50000 3 50 1000 5 0.5 8
0.419868 14.3581 0.6 10000 3 25 1000 10 0.5 10
0.747442 9.96919 0.65 50000 3 20 1000 5 1 10
0.533828 4.51509 0.65 50000 3 20 1500 5 0.5 10
0.77466 10.0245 0.65 10000 3 25 1500 5 2 4
0.634671 3.82812 0.5 100000 3 25 1000 5 0.5 4
0.661797 16.0853 0.6 10000 3 50 1500 10 2 6
0.43079 4.28745 0.6 50000 3 50 1500 10 0.5 6
0.347355 3.42367 0.6 50000 3 20 1500 10 0.5 4
0.696154 4.72186 0.5 50000 3 25 1000 5 2 6
0.626765 7.76268 0.6 50000 3 20 1000 10 1 6
0.697747 4.5674 0.5 10000 3 25 1500 5 2 4
0.678406 11.629 0.65 10000 3 50 1500 5 1 8
0.729306 8.68645 0.6 50000 3 50 1000 10 2 4
0.696586 4.47488 0.5 10000 3 25 1000 5 2 10
0.610667 14.3984 0.6 10000 3 20 1500 10 1 10
0.227098 4.16918 0.65 10000 3 20 1500 10 0.5 10
0.751676 10.0073 0.65 100000 3 25 1500 5 2 6
0.200238 4.06769 0.65 10000 3 25 1000 10 0.5 8
0.545703 4.26618 0.65 50000 3 25 1500 10 1 10
0.662365 3.74992 0.5 10000 3 20 1500 10 1 4
0.735591 15.0673 0.6 10000 3 25 1500 5 2 6
0.606914 6.28365 0.5 100000 3 50 1500 5 1 6
0.656702 16.1233 0.6 10000 3 50 1000 5 1 8
0.620839 6.12038 0.5 10000 3 50 1000 5 1 8
0.660966 9.87905 0.6 100000 3 50 1000 5 1 6
0.647562 5.31717 0.5 50000 3 50 1500 10 2 4
0.772211 10.0443 0.65 10000 3 50 1000 5 1 4
0.632379 7.67581 0.65 100000 3 20 1000 5 0.5 6
0.742353 10.0013 0.65 100000 3 20 1000 10 2 8
0.617829 3.74489 0.5 50000 3 20 1000 5 0.5 8
0.589189 4.4144 0.65 50000 3 50 1500 5 2 10
0.577042 4.40769 0.65 100000 3 50 1000 5 0.5 8
0.318059 14.1457 0.6 10000 3 20 1000 10 0.5 10
0.28526 3.37342 0.6 100000 3 25 1000 10 0.5 6
0.685373 4.87907 0.5 100000 3 20 1000 5 2 8
0.451843 3.87293 0.5 10000 3 20 1000 10 0.5 6
0.00828718 0.101725 0.5 100000 3 25 1500 10 0.5 8
0.28526 3.37342 0.65 100000 3 25 1000 10 0.5 6
0.660537 9.83854 0.6 100000 3 25 1500 5 2 10
0.57671 6.23216 0.5 50000 3 50 1500 5 0.5 4
0.613392 4.08659 0.5 50000 3 20 1000 10 2 10
0.623274 6.10815 0.5 10000 3 50 1500 5 1 4
0.48464 4.35079 0.6 100000 3 20 1500 10 1 10
0.722552 8.83867 0.6 100000 3 20 1000 10 2 10
0.745261 10.1875 0.65 50000 3 25 1000 10 2 8
0.625958 3.96227 0.5 100000 3 25 1000 10 1 6
0.288214 0.0811389 0.6 100000 3 50 1500 5 0.5 10
0.610051 6.3805 0.5 100000 3 50 1000 5 2 8
0.531692 0.391579 0.5 50000 3 20 1500 10 1 10
0.635511 16.1666 0.6 10000 3 50 1500 5 0.5 6
0.626466 6.12502 0.5 50000 3 25 1500 5 2 6
0.727212 8.73988 0.6 50000 3 25 1000 5 1 6
0.722849 8.81558 0.6 100000 3 20 1000 5 1 4
0.674675 8.69551 0.65 10000 3 20 1000 10 2 10
0.58985 4.34639 0.6 50000 3 50 1000 5 0.5 6
0.686138 3.85863 0.5 10000 3 50 1500 10 2 4
0.251158 0.140901 0.5 50000 3 50 1000 5 0.5 10
0.648007 14.3312 0.6 10000 3 25 1000 10 1 4
0.629033 7.7347 0.65 100000 3 20 1500 10 1 6
0.747197 9.91 0.65 50000 3 25 1000 5 1 6
0.511225 4.42658 0.65 50000 3 50 1000 10 1 8
0.32786 4.00601 0.5 100000 3 20 1500 5 0.5 10
0.680767 11.7251 0.65 100000 3 50 1000 10 2 6
0.631105 11.7084 0.65 100000 3 50 1500 10 1 6
0.62546 3.83285 0.5 100000 3 25 1000 5 0.5 6
0.633883 3.70954 0.5 10000 3 25 1000 10 0.5 4
0.678406 11.629 0.65 10000 3 50 1500 5 1 10
0.589271 4.29807 0.6 50000 3 25 1500 5 0.5 8
0.662451 9.7358 0.6 50000 3 50 1000 10 2 6
0.736422 14.9709 0.6 10000 3 20 1500 10 2 4
0.651143 16.0101 0.6 10000 3 50 1500 10 2 8
0.776651 9.94119 0.65 10000 3 25 1500 5 2 6
0.645534 3.76065 0.5 10000 3 20 1500 10 1 6
0.603634 6.17788 0.5 50000 3 50 1500 10 2 6
0.749864 9.95135 0.65 50000 3 25 1500 10 2 4
0.693913 4.51005 0.5 50000 3 25 1000 5 2 8
0.699738 4.48485 0.5 10000 3 25 1500 5 2 6
0.347355 3.42367 0.6 50000 3 20 1500 10 0.5 6
0.756606 10.0894 0.65 50000 3 20 1000 5 2 4
0.680338 11.6853 0.65 100000 3 25 1500 5 2 8
0.74487 9.99109 0.65 50000 3 20 1500 5 1 4
0.61597 3.80742 0.5 50000 3 20 1000 5 0.5 10
0.43079 4.28745 0.6 50000 3 50 1500 10 0.5 8
0.631763 7.67983 0.65 100000 3 20 1000 5 0.5 8
0.742353 10.0013 0.65 100000 3 20 1000 10 2 10
0.625874 7.78109 0.6 50000 3 20 1000 10 1 8
0.00828718 0.101725 0.5 100000 3 25 1500 10 0.5 10
0.540047 0.390477 0.5 50000 3 50 1500 5 0.5 6
0.683501 8.38795 0.65 10000 3 20 1500 10 1 4
0.200238 4.06769 0.65 10000 3 25 1000 10 0.5 10
0.28526 3.37342 0.65 100000 3 25 1000 10 0.5 8
0.577042 4.40769 0.65 100000 3 50 1000 5 0.5 10
0.621509 6.1088 0.5 10000 3 50 1500 5 1 6
0.685373 4.87907 0.5 100000 3 20 1000 5 2 10
0.772211 10.0443 0.65 10000 3 50 1000 5 1 6
0.620839 6.12038 0.5 10000 3 50 1000 5 1 10
0.702631 19.0756 0.6 10000 3 25 1500 5 2 8
0.728662 8.82801 0.6 100000 3 20 1500 10 2 4
0.0843385 3.56973 0.5 10000 3 20 1000 10 0.5 8
0.656702 16.1233 0.6 10000 3 50 1000 5 1 10
0.571023 0.326014 0.5 100000 3 50 1500 5 1 8
0.672323 11.9497 0.65 50000 3 25 1000 10 2 10
0.660966 9.87905 0.6 100000 3 50 1000 5 1 8
0.660262 9.88109 0.6 100000 3 50 1500 5 1 4
0.720069 15.1437 0.6 10000 3 20 1000 10 1 4
0.683501 8.38795 0.65 10000 3 20 1500 5 0.5 4
0.625806 5.87855 0.5 50000 3 25 1500 5 2 8
0.652144 7.81449 0.6 100000 3 20 1000 5 1 6
0.684027 4.67277 0.5 50000 3 50 1000 5 1 4
0.52319 11.4764 0.65 50000 3 50 1500 10 0.5 4
0.590232 14.2708 0.6 10000 3 25 1000 10 1 6
0.28526 3.37342 0.6 100000 3 25 1000 10 0.5 8
0.486554 4.34902 0.6 50000 3 50 1000 5 0.5 8
0.511225 4.42658 0.65 50000 3 50 1000 10 1 10
0.742522 9.98217 0.65 50000 3 25 1000 5 1 8
0.686394 4.73907 0.5 100000 3 20 1500 5 1 4
0.556947 4.36753 0.65 100000 3 20 1500 10 1 8
0.532651 7.65696 0.6 100000 3 25 1500 10 0.5 4
0.635197 16.18 0.6 10000 3 50 1500 5 0.5 8
0.722537 8.81482 0.6 50000 3 25 1000 5 1 8
0.340806 3.60698 0.5 100000 3 25 1000 5 0.5 8
0.610051 6.3805 0.5 100000 3 50 1000 5 2 10
0.629033 7.7347 0.6 100000 3 20 1500 5 0.5 4
0.597195 3.9669 0.5 100000 3 25 1000 10 1 8
0.421936 3.65826 0.5 10000 3 25 1000 10 0.5 6
0.625562 6.06525 0.5 10000 3 50 1500 10 2 6
0.656522 9.70494 0.6 50000 3 50 1000 10 2 8
0.666778 8.59413 0.5 10000 3 25 1500 5 2 8
0.60298 6.22029 0.5 50000 3 50 1500 10 2 8
0.680767 11.7251 0.65 100000 3 50 1000 10 2 8
0.5251 10.8508 0.65 100000 3 50 1500 10 1 8
0.676842 11.5678 0.65 50000 3 25 1500 10 2 6
0.680338 11.6853 0.65 100000 3 25 1500 5 2 10
0.589271 4.29807 0.6 50000 3 25 1500 5 0.5 10
0.298173 0.175472 0.5 50000 3 50 1500 5 0.5 8
0.631763 7.67983 0.65 100000 3 20 1000 5 0.5 10
0.77894 13.5537 0.65 10000 3 25 1500 5 2 8
0.0722524 3.3543 0.65 100000 3 25 1000 10 0.5 10
0.622401 5.99369 0.5 50000 3 25 1000 5 2 10
0.732911 3.91278 0.5 10000 3 50 1000 5 2 4
0.654118 3.83933 0.5 100000 3 25 1500 10 1 4
0.625874 7.78109 0.6 50000 3 20 1000 10 1 10
0.274426 0.111757 0.6 50000 3 20 1500 10 0.5 8
0 0 0.6 50000 3 50 1500 10 0.5 10
0.651143 16.0101 0.6 10000 3 50 1500 10 2 10
0.7524 9.96457 0.65 100000 3 50 1000 5 1 4
0.72776 8.88427 0.6 100000 3 20 1500 10 2 6
0.66667 8.39868 0.65 10000 3 20 1500 5 0.5 6
0.738873 15.0049 0.6 10000 3 50 1000 5 2 4
0.74487 9.99109 0.65 50000 3 20 1500 5 1 6
0.625097 5.92626 0.5 50000 3 25 1500 5 2 10
0.652774 4.93412 0.5 50000 3 50 1000 5 1 6
0.756606 10.0894 0.65 50000 3 20 1000 5 2 6
0.645864 7.64679 0.65 50000 3 25 1500 5 0.5 4
0.65381 9.78002 0.6 100000 3 50 1500 5 1 6
0.6229 14.2484 0.6 10000 3 20 1000 10 1 6
0.668698 8.52815 0.65 10000 3 25 1000 10 1 4
0.485648 4.28618 0.6 50000 3 50 1000 5 0.5 10
0.651212 7.71079 0.6 100000 3 20 1000 5 1 8
0.0843385 3.56973 0.5 10000 3 20 1000 10 0.5 10
0.664816 19.5796 0.6 10000 3 25 1500 5 2 10
0.677273 11.6188 0.65 10000 3 50 1000 5 1 8
0.66667 8.39868 0.65 10000 3 20 1500 10 1 6
0.64358 3.98372 0.5 100000 3 20 1500 5 1 6
0.48464 4.35079 0.65 100000 3 20 1500 10 1 10
0.668593 11.7456 0.65 50000 3 25 1000 5 1 10
0.557547 0.310994 0.5 100000 3 50 1500 5 1 10
0.648609 9.88009 0.6 50000 3 25 1000 5 1 10
0.30391 3.60159 0.5 100000 3 25 1000 5 0.5 10
0.419498 3.65912 0.5 10000 3 25 1000 10 0.5 8
0.651286 9.95713 0.6 100000 3 50 1000 5 1 10
0.0722524 3.3543 0.6 100000 3 25 1000 10 0.5 10
0.656522 9.70494 0.6 50000 3 50 1000 10 2 10
0.611681 16.147 0.6 10000 3 50 1500 5 0.5 10
0.43079 4.28745 0.65 50000 3 50 1500 10 0.5 6
0.365616 7.6978 0.6 100000 3 25 1500 10 0.5 6
0.629 9.59936 0.5 10000 3 25 1500 5 2 10
0.566036 0.336681 0.5 50000 3 50 1500 10 2 10
0.643856 3.92495 0.5 100000 3 50 1000 10 0.5 4
0.298173 0.175472 0.5 50000 3 50 1500 5 0.5 10
0.614622 5.97702 0.5 10000 3 50 1500 10 2 8
0.495806 3.90058 0.5 100000 3 25 1000 10 1 10
0.681798 11.4127 0.65 50000 3 25 1500 10 2 8
0.629033 7.7347 0.6 100000 3 20 1500 5 0.5 6
0.685342 15.0963 0.65 10000 3 25 1500 5 2 10
0.609934 3.79547 0.5 100000 3 25 1500 10 1 6
0.695871 8.87421 0.6 50000 3 50 1500 10 1 4
0.627728 8.37586 0.65 10000 3 20 1500 5 0.5 8
0.288214 0.0811389 0.65 100000 3 50 1500 10 1 10
0.617301 6.04226 0.5 50000 3 50 1000 5 1 8
0.508966 3.79318 0.5 50000 3 25 1000 10 0.5 4
0.671087 11.8031 0.65 100000 3 50 1000 10 2 10
0.725507 15.1633 0.6 10000 3 50 1000 5 2 6
0 0 0.6 50000 3 20 1500 10 0.5 10
0.680767 11.7251 0.65 100000 3 50 1000 5 1 6
0.728499 8.72959 0.6 50000 3 25 1500 5 1 4
0.652969 9.97029 0.6 100000 3 20 1500 10 2 8
0.6229 14.2484 0.6 10000 3 20 1000 10 1 8
0.53325 4.24878 0.65 50000 3 25 1500 5 0.5 6
0.341809 0.107926 0.6 100000 3 50 1500 5 1 8
0.651212 7.71079 0.6 100000 3 20 1000 5 1 10
0.735359 9.94747 0.65 10000 3 20 1000 5 0.5 4
0.610923 8.46767 0.65 10000 3 25 1000 10 1 6
0.63534 3.99708 0.5 100000 3 20 1500 5 1 8
0.677273 11.6188 0.65 10000 3 50 1000 5 1 10
0.671017 11.6294 0.65 50000 3 20 1500 5 1 8
0.756606 10.0894 0.65 50000 3 20 1000 5 2 8
0.734718 8.4865 0.6 50000 3 25 1000 5 2 4
0.68395 4.60877 0.5 10000 3 20 1000 10 1 4
0.66667 8.39868 0.65 10000 3 20 1500 10 1 8
0.524902 14.2184 0.6 10000 3 25 1500 10 0.5 4
0.243465 4.27817 0.6 100000 3 25 1500 10 0.5 8
0.43079 4.28745 0.65 50000 3 50 1500 10 0.5 8
0.614622 5.97702 0.5 10000 3 50 1500 10 2 10
0.656661 7.79527 0.6 100000 3 25 1000 10 1 4
0.657202 3.74835 0.5 100000 3 50 1500 5 2 4
0.732599 8.79937 0.6 100000 3 50 1000 5 2 4
0.681798 11.4127 0.65 50000 3 25 1500 10 2 10
0.659509 16.0522 0.6 10000 3 50 1500 5 1 4
0.297636 3.66585 0.5 50000 3 25 1000 10 0.5 6
0.607598 6.03609 0.5 50000 3 50 1000 5 1 10
0.593587 9.75666 0.6 50000 3 50 1500 10 1 6
0.513387 0.220629 0.5 100000 3 25 1500 10 1 8
0.66295 15.9646 0.6 10000 3 50 1000 5 2 8
0.300133 0.235211 0.5 100000 3 50 1000 10 0.5 6
0.627691 7.70576 0.6 100000 3 20 1500 5 0.5 8
0.583283 14.2302 0.6 10000 3 20 1000 10 1 10
0.680767 11.7251 0.65 100000 3 50 1000 5 1 8
0.687254 4.72623 0.5 100000 3 25 1000 10 2 4
0.652969 9.97029 0.6 100000 3 20 1500 10 2 10
0.589271 4.29807 0.65 50000 3 25 1500 5 0.5 8
0.341809 0.107926 0.6 100000 3 50 1500 5 1 10
0.545685 8.39861 0.65 10000 3 25 1500 10 0.5 4
0.602371 8.37364 0.65 10000 3 25 1000 10 1 8
0.680063 11.7309 0.65 100000 3 50 1500 10 2 4
0.660526 9.69348 0.6 50000 3 25 1500 5 1 6
0.596559 4.1939 0.5 100000 3 20 1500 5 1 10
0.73411 8.77028 0.6 50000 3 25 1000 5 2 6
0.572222 4.3984 0.65 100000 3 50 1500 5 0.5 4
0.645835 8.49959 0.65 10000 3 20 1000 5 0.5 6
0.243465 4.27817 0.6 100000 3 25 1500 10 0.5 10
0.66667 8.39868 0.65 10000 3 20 1500 10 1 10
0.622313 3.83511 0.5 10000 3 20 1000 10 1 6
0 0 0.65 50000 3 50 1500 10 0.5 10
0.775386 9.97748 0.65 10000 3 50 1000 5 2 4
0.694427 15.0327 0.6 10000 3 20 1000 5 0.5 4
0.67061 11.6911 0.65 50000 3 20 1500 5 1 10
0.436941 14.1915 0.6 10000 3 25 1500 10 0.5 6
0.756606 10.0894 0.65 50000 3 20 1000 5 2 10
0.293969 3.6439 0.5 50000 3 25 1000 10 0.5 8
0.66295 15.9646 0.6 10000 3 50 1000 5 2 10
0.657743 16.1289 0.6 10000 3 50 1500 5 1 6
0.521171 4.44211 0.6 50000 3 50 1500 10 1 8
0.485912 0.210948 0.5 100000 3 25 1500 10 1 10
0.733934 14.9894 0.6 10000 3 20 1000 10 2 4
0.620104 6.33673 0.5 100000 3 50 1500 5 2 6
0.0843549 0.115075 0.5 100000 3 50 1000 10 0.5 8
0.656236 7.78269 0.6 100000 3 25 1000 10 1 6
0.671087 11.8031 0.65 100000 3 50 1000 5 1 10
0.660966 9.87905 0.6 100000 3 50 1000 5 2 6
0.686829 4.73641 0.5 100000 3 25 1000 10 2 6
0.589271 4.29807 0.65 50000 3 25 1500 5 0.5 10
0.602155 8.3788 0.65 10000 3 25 1000 10 1 10
0.598946 7.74842 0.6 100000 3 20 1500 5 0.5 10
0.732735 8.55324 0.6 50000 3 25 1000 5 2 8
0.457724 8.37154 0.65 10000 3 25 1500 10 0.5 6
0.64413 8.39793 0.65 10000 3 20 1000 5 0.5 8
0.662902 11.6792 0.65 100000 3 50 1500 10 2 6
0.625181 14.2693 0.6 10000 3 20 1000 5 0.5 6
0.589425 4.31028 0.6 50000 3 25 1500 5 1 8
0.622313 3.83511 0.5 10000 3 20 1000 10 1 8
0.56231 4.41824 0.65 100000 3 50 1500 5 0.5 6
0.00767847 0.0542628 0.5 50000 3 25 1000 10 0.5 10
0.777543 9.88111 0.65 10000 3 20 1500 10 2 4
0.775386 9.97748 0.65 10000 3 50 1000 5 2 6
0.756894 9.94792 0.65 50000 3 20 1500 5 2 4
0.281943 14.4047 0.6 10000 3 25 1500 10 0.5 8
0.277364 0.163933 0.6 50000 3 50 1500 10 1 10
0.733761 15.0161 0.6 10000 3 20 1000 10 2 6
0.00861353 0.098927 0.5 100000 3 50 1000 10 0.5 10
0.502487 7.69004 0.65 50000 3 20 1000 10 0.5 4
0.583499 0.286145 0.5 100000 3 50 1500 5 2 8
0.657743 16.1289 0.6 10000 3 50 1500 5 1 8
0.639621 3.9642 0.5 100000 3 25 1000 10 2 8
0.656236 7.78269 0.6 100000 3 25 1000 10 1 8
0.659716 9.57302 0.6 50000 3 25 1000 5 2 10
0.660966 9.87905 0.6 100000 3 50 1000 5 2 8
0.574265 8.37117 0.65 10000 3 20 1000 5 0.5 10
0.337974 8.29892 0.65 10000 3 25 1500 10 0.5 8
0.623476 14.1676 0.6 10000 3 20 1000 5 0.5 8
0.527326 3.83927 0.5 10000 3 20 1000 10 1 10
0.771877 10.0642 0.65 10000 3 20 1500 10 2 6
0.564373 10.8339 0.65 100000 3 50 1500 10 2 8
0.589425 4.31028 0.6 50000 3 25 1500 5 1 10
0.288214 0.0811389 0.65 100000 3 50 1500 5 0.5 8
0.733761 15.0161 0.6 10000 3 20 1000 10 2 8
0.683521 11.5321 0.65 10000 3 50 1000 5 2 8
0.753891 9.98055 0.65 50000 3 20 1500 5 2 6
0.583499 0.286145 0.5 100000 3 50 1500 5 2 10
0.608185 3.82096 0.5 100000 3 25 1000 10 2 10
0.259031 3.39058 0.65 50000 3 20 1000 10 0.5 6
0.657743 16.1289 0.6 10000 3 50 1500 5 1 10
0.774866 9.91735 0.65 10000 3 20 1000 5 1 4
0.660966 9.87905 0.6 100000 3 50 1000 5 2 10
0.698145 4.49049 0.5 10000 3 20 1000 10 2 4
0.244376 4.23424 0.65 10000 3 25 1500 10 0.5 10
0.554846 7.71637 0.6 100000 3 25 1000 10 1 10
0.771877 10.0642 0.65 10000 3 20 1500 10 2 8
0.654021 14.4652 0.6 10000 3 20 1000 10 2 10
0.288214 0.0811389 0.65 100000 3 50 1500 5 0.5 10
0.457628 0.236311 0.65 100000 3 50 1500 10 2 10
0.683521 11.5321 0.65 10000 3 50 1000 5 2 10
0.0730812 3.30602 0.65 50000 3 20 1000 10 0.5 8
0.774693 9.9409 0.65 10000 3 20 1000 5 1 6
0.680962 11.6364 0.65 50000 3 20 1500 5 2 8
0.690972 18.7818 0.6 10000 3 50 1500 5 2 4
0.771877 10.0642 0.65 10000 3 20 1500 10 2 10
0.0730812 3.30602 0.65 50000 3 20 1000 10 0.5 10
0.680962 11.6364 0.65 50000 3 20 1500 5 2 10
