# Testing 1296 configurations 
# Reading [30] trace.out files from [../parrot-traces/polybench-normal-jun14/]
# -> Parrot_l1_2mm.latency_trace.out
# -> Parrot_l1_jacobi-2d.latency_trace.out
# -> Parrot_l1_mvt.latency_trace.out
# -> Parrot_l1_floyd-warshall.latency_trace.out
# -> Parrot_l1_trisolv.latency_trace.out
# -> Parrot_l1_deriche.latency_trace.out
# -> Parrot_l1_symm.latency_trace.out
# -> Parrot_l1_syr2k.latency_trace.out
# -> Parrot_l1_nussinov.latency_trace.out
# -> Parrot_l1_heat-3d.latency_trace.out
# -> Parrot_l1_doitgen.latency_trace.out
# -> Parrot_l1_covariance.latency_trace.out
# -> Parrot_l1_trmm.latency_trace.out
# -> Parrot_l1_lu.latency_trace.out
# -> Parrot_l1_bicg.latency_trace.out
# -> Parrot_l1_3mm.latency_trace.out
# -> Parrot_l1_cholesky.latency_trace.out
# -> Parrot_l1_seidel-2d.latency_trace.out
# -> Parrot_l1_jacobi-1d.latency_trace.out
# -> Parrot_l1_gemver.latency_trace.out
# -> Parrot_l1_fdtd-2d.latency_trace.out
# -> Parrot_l1_gemm.latency_trace.out
# -> Parrot_l1_gesummv.latency_trace.out
# -> Parrot_l1_correlation.latency_trace.out
# -> Parrot_l1_adi.latency_trace.out
# -> Parrot_l1_durbin.latency_trace.out
# -> Parrot_l1_gramschmidt.latency_trace.out
# -> Parrot_l1_atax.latency_trace.out
# -> Parrot_l1_syrk.latency_trace.out
# -> Parrot_l1_ludcmp.latency_trace.out
# Done loading files.
pct acc threshold phase_length stable_min window_start summarize proj_dist proj_delta p_j
0.516916 2.45274 0.5 10000 3 20 1000 5 0.5 4
0.476714 0.783929 0.5 10000 3 25 1500 10 0.5 4
0.479244 2.2377 0.5 100000 3 20 1000 10 0.5 4
0.51089 2.48339 0.5 50000 3 20 1500 5 0.5 4
0.640964 2.07565 0.5 10000 3 20 1000 10 2 6
0.696387 4.55857 0.5 50000 3 50 1000 5 2 4
0.528461 2.19968 0.6 10000 3 50 1000 10 0.5 4
0.743627 4.16215 0.5 10000 3 50 1000 5 2 6
0.537657 3.1227 0.6 50000 3 20 1000 5 0.5 4
0.618029 4.63576 0.5 100000 3 25 1000 5 1 4
0.549135 2.25257 0.5 50000 3 25 1000 10 1 4
0.550226 1.90041 0.5 100000 3 25 1500 5 0.5 4
0.538712 2.52429 0.6 50000 3 25 1000 10 0.5 4
0.625375 3.1441 0.6 100000 3 25 1500 10 1 4
0.669805 4.88128 0.6 50000 3 20 1500 10 1 4
0.754257 4.11319 0.5 100000 3 25 1500 10 2 4
0.538906 1.30168 0.6 50000 3 50 1500 5 0.5 4
0.653295 4.28656 0.5 50000 3 20 1000 5 1 4
0.493419 2.89129 0.6 100000 3 50 1000 10 0.5 4
0.855898 7.61323 0.65 100000 3 50 1000 5 2 4
0.856547 7.38365 0.6 50000 3 25 1500 5 2 4
0.561916 2.62732 0.65 50000 3 50 1000 5 0.5 4
0.650879 3.11989 0.5 50000 3 50 1500 5 1 4
0.887238 10.116 0.65 50000 3 25 1000 5 2 4
0.433726 0.253325 0.5 100000 3 50 1500 10 0.5 4
0.533588 1.45567 0.65 10000 3 50 1000 10 0.5 4
0.789645 4.94314 0.5 100000 3 20 1500 5 2 4
0.871075 8.75209 0.65 10000 3 50 1500 5 2 4
0.820088 7.78649 0.65 50000 3 50 1000 10 2 4
0.626188 2.93814 0.65 50000 3 20 1000 10 1 4
0.197499 0.551679 0.5 10000 3 25 1000 10 0.5 10
0.731774 4.66126 0.65 10000 3 25 1500 10 1 4
0.814452 5.43834 0.65 10000 3 25 1000 10 2 4
0.620258 4.35651 0.65 10000 3 25 1000 5 0.5 4
0.671716 5.35867 0.6 100000 3 20 1500 5 1 4
0.461481 1.11917 0.5 50000 3 25 1500 10 0.5 4
0.54736 2.29253 0.5 100000 3 50 1000 10 1 4
0.533192 2.84591 0.6 10000 3 25 1000 10 1 8
0.552387 2.06642 0.5 10000 3 50 1500 5 1 8
0.757705 4.57818 0.6 10000 3 20 1500 10 2 6
0.268778 1.65257 0.6 10000 3 25 1500 10 0.5 10
0.835775 7.85465 0.6 100000 3 25 1000 10 2 4
0.743595 5.3292 0.5 50000 3 20 1500 10 2 4
0.884135 8.85981 0.6 100000 3 20 1000 5 2 4
0.686618 5.02293 0.65 100000 3 20 1000 5 1 4
0.70453 6.36721 0.6 50000 3 50 1000 5 1 4
0.828626 8.22186 0.6 10000 3 50 1500 5 2 6
0.567561 2.11132 0.65 100000 3 25 1500 10 0.5 4
0.462159 1.37838 0.5 10000 3 20 1500 10 1 8
0.458647 3.29747 0.6 10000 3 20 1000 5 0.5 10
0.637177 4.67972 0.6 10000 3 20 1500 5 0.5 4
0.857561 6.80984 0.6 50000 3 20 1000 10 2 4
0.665442 5.21781 0.65 100000 3 50 1500 5 1 4
0.578306 2.94269 0.6 100000 3 25 1000 5 0.5 4
0.749274 5.75435 0.65 50000 3 25 1500 5 1 4
0.779748 4.78066 0.65 100000 3 20 1500 10 2 4
0.513802 2.17734 0.65 10000 3 20 1500 5 0.5 10
0.834359 5.79482 0.6 50000 3 50 1500 10 2 4
0.615377 3.23109 0.65 100000 3 20 1500 5 0.5 4
0.642279 3.74952 0.65 50000 3 50 1500 10 1 4
0.625274 4.1179 0.65 100000 3 25 1000 10 1 4
0.690432 4.7798 0.65 10000 3 20 1000 5 1 8
0.836155 6.94486 0.6 100000 3 50 1500 5 2 4
0.560234 2.56458 0.65 50000 3 20 1500 10 0.5 4
0.403696 0.772019 0.5 10000 3 25 1500 10 0.5 6
0.484031 1.31004 0.5 50000 3 25 1000 10 1 6
0.590686 3.43753 0.5 50000 3 20 1000 5 1 6
0.455975 0.702487 0.5 100000 3 20 1000 10 0.5 6
0.507215 2.83033 0.6 10000 3 25 1000 10 1 10
0.470899 1.27336 0.5 10000 3 20 1000 5 0.5 6
0.477939 1.42098 0.5 50000 3 20 1500 5 0.5 6
0.579849 1.80263 0.5 50000 3 50 1500 5 1 6
0.486387 1.09305 0.5 100000 3 25 1500 5 0.5 6
0.730778 4.13992 0.5 10000 3 50 1000 5 2 8
0.624357 1.47771 0.5 10000 3 20 1000 10 2 8
0.686147 4.73174 0.5 50000 3 50 1000 5 2 6
0.592182 3.39091 0.5 100000 3 25 1000 5 1 6
0.702006 2.2899 0.5 100000 3 25 1500 10 2 6
0.726256 4.0939 0.5 100000 3 20 1500 5 2 6
0.462264 2.1713 0.6 10000 3 50 1000 10 0.5 6
0.417792 1.20161 0.6 50000 3 25 1000 10 0.5 6
0.605584 2.26267 0.65 10000 3 25 1500 10 1 6
0.501897 1.3199 0.6 50000 3 50 1500 5 0.5 6
0.472277 1.37324 0.65 10000 3 50 1000 10 0.5 6
0.4773 0.804071 0.6 100000 3 50 1000 10 0.5 6
0.423674 0.246502 0.5 100000 3 50 1500 10 0.5 6
0.647692 3.30173 0.6 50000 3 20 1500 10 1 6
0.867835 8.26529 0.65 10000 3 50 1500 5 2 6
0.83806 7.39637 0.6 50000 3 25 1500 5 2 6
0.60117 4.195 0.65 10000 3 25 1000 5 0.5 6
0.85497 8.20946 0.65 50000 3 25 1000 5 2 6
0.775602 5.57071 0.65 100000 3 50 1000 5 2 6
0.661799 4.01734 0.6 100000 3 20 1500 5 1 6
0.499903 2.08671 0.65 50000 3 50 1000 5 0.5 6
0.567181 2.25612 0.65 50000 3 20 1000 10 1 6
0.737247 5.54266 0.65 50000 3 50 1000 10 2 6
0.775804 4.94196 0.65 10000 3 25 1000 10 2 6
0.592474 1.9234 0.6 100000 3 25 1500 10 1 6
0.478197 3.03725 0.6 50000 3 20 1000 5 0.5 6
0.762323 6.38252 0.6 100000 3 25 1000 10 2 6
0.478719 1.05103 0.5 100000 3 50 1000 10 1 6
0.43305 0.254662 0.5 50000 3 25 1500 10 0.5 6
0.512058 1.12042 0.5 10000 3 50 1500 5 1 10
0.555546 2.17276 0.5 10000 3 25 1000 10 1 4
0.639096 2.40266 0.5 50000 3 20 1500 10 2 6
0.456529 1.34136 0.5 10000 3 20 1500 10 1 10
0.698332 4.54993 0.6 10000 3 25 1500 10 1 4
0.735414 3.97761 0.6 10000 3 20 1500 10 2 8
0.545665 3.75949 0.6 10000 3 20 1500 5 0.5 6
0.680694 7.56369 0.6 10000 3 20 1000 5 1 4
0.802338 7.62268 0.6 100000 3 20 1000 5 2 6
0.799441 4.95351 0.6 50000 3 20 1000 10 2 6
0.609888 3.65521 0.6 50000 3 50 1000 5 1 6
0.826343 7.7901 0.6 10000 3 50 1500 5 2 8
0.508007 1.74602 0.6 100000 3 25 1000 5 0.5 6
0.526238 1.60243 0.65 100000 3 25 1500 10 0.5 6
0.618332 3.82588 0.65 100000 3 50 1500 5 1 6
0.700544 5.58066 0.65 50000 3 25 1500 5 1 6
0.773927 4.66618 0.65 100000 3 20 1500 10 2 6
0.680045 4.67235 0.65 100000 3 20 1000 5 1 6
0.803241 5.31262 0.6 50000 3 50 1500 10 2 6
0.736829 5.67481 0.65 10000 3 20 1500 5 1 4
0.589805 1.99222 0.65 100000 3 25 1000 10 1 6
0.584134 2.24717 0.65 50000 3 50 1500 10 1 6
0.588678 3.17551 0.65 100000 3 20 1500 5 0.5 6
0.647708 3.81777 0.65 10000 3 20 1000 5 1 10
0.438694 1.29421 0.65 50000 3 20 1500 10 0.5 6
0.573867 2.24955 0.5 50000 3 20 1000 5 1 8
0.409843 0.176812 0.5 50000 3 20 1500 5 0.5 8
0.830561 5.53536 0.6 100000 3 50 1500 5 2 6
0.470936 1.01244 0.5 100000 3 25 1500 5 0.5 8
0.454875 1.34716 0.5 50000 3 25 1000 10 1 8
0.438846 0.670507 0.5 100000 3 20 1000 10 0.5 8
0.526974 1.35492 0.5 100000 3 25 1000 5 1 8
0.626796 1.36566 0.5 100000 3 25 1500 10 2 8
0.639229 4.01228 0.5 50000 3 50 1000 5 2 8
0.607086 1.48914 0.5 10000 3 20 1000 10 2 10
0.517452 0.497921 0.5 50000 3 50 1500 5 1 8
0.418035 1.61925 0.6 10000 3 50 1000 10 0.5 8
0.729654 4.14574 0.5 10000 3 50 1000 5 2 10
0.718035 4.138 0.5 100000 3 20 1500 5 2 8
0.78127 5.2973 0.6 10000 3 25 1000 10 2 4
0.425542 0.251025 0.6 100000 3 50 1000 10 0.5 8
0.347761 1.1708 0.6 50000 3 25 1000 10 0.5 8
0.833688 7.04797 0.6 50000 3 25 1500 5 2 8
0.471287 1.28899 0.6 50000 3 50 1500 5 0.5 8
0.521059 2.05704 0.6 50000 3 20 1500 10 1 8
0.500085 1.93341 0.65 50000 3 20 1000 10 1 8
0.418087 0.757604 0.65 10000 3 50 1000 10 0.5 8
0.604377 3.54434 0.6 100000 3 20 1500 5 1 8
0.847503 6.60029 0.65 50000 3 25 1000 5 2 8
0.474203 3.26061 0.65 10000 3 25 1000 5 0.5 8
0.865602 7.81077 0.65 10000 3 50 1500 5 2 8
0.460032 2.07519 0.65 50000 3 50 1000 5 0.5 8
0.578246 2.289 0.65 10000 3 25 1500 10 1 8
0.696935 3.8125 0.65 50000 3 50 1000 10 2 8
0.772548 5.58642 0.65 100000 3 50 1000 5 2 8
0.414985 1.21944 0.5 10000 3 20 1000 5 0.5 8
0.337595 0.217411 0.5 100000 3 50 1500 10 0.5 8
0.772565 4.84823 0.65 10000 3 25 1000 10 2 8
0.732672 3.87881 0.6 100000 3 25 1000 10 2 8
0.56336 1.96026 0.6 100000 3 25 1500 10 1 8
0.377146 0.793201 0.5 10000 3 25 1500 10 0.5 8
0.404602 0.274508 0.5 50000 3 25 1500 10 0.5 8
0.437999 1.21759 0.6 50000 3 20 1000 5 0.5 8
0.525173 2.21136 0.5 10000 3 25 1000 10 1 6
0.744763 5.41741 0.5 10000 3 50 1500 5 2 4
0.476361 1.08215 0.5 100000 3 50 1000 10 1 8
0.337868 0.134335 0.5 50000 3 20 1500 5 0.5 10
0.723069 2.92912 0.5 10000 3 20 1500 10 2 4
0.615479 2.22821 0.5 50000 3 20 1500 10 2 8
0.466121 1.01182 0.5 100000 3 25 1500 5 0.5 10
0.441354 0.626753 0.5 50000 3 25 1000 10 1 10
0.573588 2.27054 0.5 50000 3 20 1000 5 1 10
0.367396 0.634663 0.5 100000 3 20 1000 10 0.5 10
0.45946 0.681531 0.5 10000 3 50 1000 10 0.5 4
0.63301 3.28576 0.5 50000 3 50 1000 5 2 10
0.517763 1.3117 0.5 100000 3 25 1000 5 1 10
0.70943 3.56393 0.5 100000 3 20 1500 5 2 10
0.560117 2.20623 0.5 10000 3 20 1500 5 0.5 4
0.512726 0.475512 0.5 50000 3 50 1500 5 1 10
0.625099 1.45211 0.5 100000 3 25 1500 10 2 10
0.608946 2.91952 0.6 10000 3 25 1500 10 1 6
0.251511 1.55859 0.6 10000 3 50 1000 10 0.5 10
0.231457 0.16642 0.6 50000 3 25 1000 10 0.5 10
0.741626 4.82691 0.6 10000 3 25 1000 10 2 6
0.713441 3.49356 0.6 10000 3 20 1500 10 2 10
0.367144 0.192149 0.6 50000 3 50 1500 5 0.5 10
0.344245 0.204994 0.6 100000 3 50 1000 10 0.5 10
0.760624 6.71934 0.6 10000 3 50 1500 5 2 10
0.510792 2.84092 0.6 10000 3 20 1500 5 0.5 8
0.667783 4.99565 0.6 10000 3 20 1000 5 1 6
0.802153 6.98727 0.6 50000 3 25 1500 5 2 10
0.538387 2.08461 0.6 50000 3 20 1500 10 1 10
0.569692 2.01282 0.6 50000 3 50 1000 5 1 8
0.416577 2.02883 0.65 50000 3 50 1000 5 0.5 10
0.461278 1.92275 0.65 50000 3 20 1000 10 1 10
0.251563 0.69695 0.65 10000 3 50 1000 10 0.5 10
0.491772 1.71806 0.6 100000 3 25 1000 5 0.5 8
0.798319 5.8362 0.6 100000 3 20 1000 5 2 8
0.83369 6.76194 0.65 50000 3 25 1000 5 2 10
0.396416 2.00888 0.65 10000 3 25 1000 5 0.5 10
0.603134 3.09038 0.6 100000 3 20 1500 5 1 10
0.797093 4.91391 0.6 50000 3 20 1000 10 2 8
0.800466 6.72455 0.65 10000 3 50 1500 5 2 10
0.421068 0.868784 0.65 100000 3 25 1500 10 0.5 8
0.643601 4.16794 0.65 50000 3 25 1500 5 1 8
0.725596 4.70549 0.65 100000 3 20 1500 10 2 8
0.673551 3.00255 0.65 50000 3 50 1000 10 2 10
0.769809 5.58629 0.65 100000 3 50 1000 5 2 10
0.614421 3.34766 0.65 100000 3 50 1500 5 1 8
0.48205 1.81839 0.65 10000 3 25 1500 10 1 10
0.663779 4.56425 0.65 100000 3 20 1000 5 1 8
0.675746 4.78645 0.65 10000 3 20 1500 5 1 6
0.652865 2.03425 0.6 50000 3 50 1500 10 2 8
0.729154 3.8809 0.65 10000 3 25 1000 10 2 10
0.546023 1.7877 0.65 50000 3 50 1500 10 1 8
0.542906 1.79207 0.65 100000 3 25 1000 10 1 8
0.341853 0.280667 0.65 50000 3 20 1500 10 0.5 8
0.541058 3.3591 0.65 100000 3 20 1500 5 0.5 8
0.889185 8.14648 0.65 10000 3 20 1000 5 2 4
0.401739 1.23362 0.5 10000 3 20 1000 5 0.5 10
0.703425 3.25232 0.6 100000 3 25 1000 10 2 10
0.77077 4.75173 0.6 100000 3 50 1500 5 2 8
0.52191 1.95074 0.6 100000 3 25 1500 10 1 10
0.22426 0.177549 0.5 100000 3 50 1500 10 0.5 10
0.6471 3.71411 0.5 50000 3 20 1500 5 1 4
0.561853 2.31297 0.5 100000 3 20 1000 10 1 4
0.456859 1.0834 0.5 50000 3 50 1000 10 0.5 4
0.770941 5.61029 0.5 50000 3 20 1000 5 2 4
0.468009 1.28471 0.5 10000 3 20 1500 5 0.5 6
0.656506 2.87976 0.5 100000 3 25 1500 5 1 4
0.460847 2.43271 0.5 100000 3 20 1500 10 0.5 4
0.522284 1.33273 0.5 100000 3 50 1000 5 0.5 4
0.800742 6.05343 0.5 100000 3 25 1000 5 2 4
0.748192 4.64245 0.5 50000 3 50 1500 5 2 4
0.391036 0.652326 0.5 10000 3 50 1000 10 0.5 6
0.616541 3.53747 0.6 10000 3 50 1000 10 1 4
0.21607 0.191158 0.5 10000 3 25 1500 10 0.5 10
0.675028 4.53595 0.5 50000 3 25 1000 10 2 4
0.42024 1.23726 0.6 50000 3 20 1000 5 0.5 10
0.656523 4.14807 0.6 50000 3 25 1000 10 1 4
0.738518 4.73374 0.6 10000 3 25 1000 10 2 8
0.735497 5.07605 0.5 10000 3 50 1500 5 2 6
0.459295 1.26847 0.5 10000 3 25 1000 10 1 8
0.319371 0.228117 0.5 50000 3 25 1500 10 0.5 10
0.462066 0.595059 0.5 100000 3 50 1000 10 1 10
0.646578 4.34639 0.6 100000 3 50 1000 10 1 4
0.656326 2.19644 0.5 10000 3 20 1500 10 2 6
0.843029 7.54517 0.6 50000 3 20 1500 10 2 4
0.587642 1.39913 0.5 50000 3 20 1500 10 2 10
0.708024 6.63917 0.65 50000 3 50 1000 5 1 4
0.534145 1.77063 0.6 50000 3 25 1500 10 0.5 4
0.54228 2.71561 0.65 50000 3 25 1000 10 0.5 4
0.863784 7.2571 0.6 100000 3 20 1500 5 2 4
0.688191 5.11372 0.65 10000 3 25 1000 5 1 4
0.881465 6.70933 0.65 50000 3 20 1000 10 2 4
0.653976 3.58792 0.65 10000 3 50 1000 10 1 4
0.542474 1.65259 0.65 50000 3 50 1500 5 0.5 4
0.888415 8.11935 0.65 10000 3 25 1500 10 2 4
0.53439 0.971838 0.65 10000 3 50 1500 10 0.5 4
0.574648 2.95983 0.6 10000 3 25 1500 10 1 8
0.640238 3.96541 0.65 10000 3 25 1500 5 0.5 4
0.585655 4.26092 0.6 10000 3 25 1000 5 0.5 4
0.511331 1.81642 0.6 10000 3 50 1500 10 0.5 4
0.52756 1.20012 0.5 100000 3 50 1500 10 1 4
0.606143 2.53321 0.6 100000 3 25 1500 5 0.5 4
0.656698 4.66493 0.6 10000 3 20 1000 5 1 8
0.73123 5.4761 0.6 50000 3 50 1500 5 1 4
0.55263 2.03651 0.6 50000 3 50 1000 5 1 10
0.487666 2.84214 0.6 10000 3 20 1500 5 0.5 10
0.835453 6.43299 0.6 100000 3 25 1500 10 2 4
0.476282 1.67669 0.65 100000 3 50 1000 10 0.5 4
0.46185 1.29842 0.6 100000 3 25 1000 5 0.5 10
0.644626 3.75222 0.65 100000 3 20 1000 5 1 10
0.32221 0.803069 0.65 100000 3 25 1500 10 0.5 10
0.79652 4.9204 0.6 50000 3 20 1000 10 2 10
0.687085 3.98963 0.65 100000 3 20 1500 10 2 10
0.788141 5.82235 0.6 100000 3 20 1000 5 2 10
0.592207 4.77381 0.5 10000 3 20 1000 5 1 4
0.38114 0.172699 0.5 50000 3 50 1000 10 0.5 6
0.49495 1.16191 0.5 100000 3 20 1000 10 1 6
0.766537 5.8988 0.5 50000 3 20 1000 5 2 6
0.584038 3.31481 0.65 50000 3 25 1500 5 1 10
0.58248 2.19787 0.5 50000 3 20 1500 5 1 6
0.650022 1.96492 0.6 50000 3 50 1500 10 2 10
0.631109 3.88575 0.65 10000 3 20 1500 5 1 8
0.766661 4.73282 0.6 100000 3 50 1500 5 2 10
0.500234 1.08365 0.5 100000 3 50 1000 5 0.5 6
0.57019 2.09772 0.65 100000 3 50 1500 5 1 10
0.408338 1.21001 0.5 100000 3 20 1500 10 0.5 6
0.724344 5.25201 0.5 100000 3 25 1000 5 2 6
0.36248 0.131894 0.5 10000 3 50 1000 10 0.5 8
0.426464 2.07611 0.65 100000 3 20 1500 5 0.5 10
0.444462 1.29438 0.5 10000 3 20 1500 5 0.5 8
0.512026 1.7833 0.65 100000 3 25 1000 10 1 10
0.889127 9.70024 0.65 10000 3 20 1000 5 2 6
0.742335 4.71595 0.5 50000 3 50 1500 5 2 6
0.473579 1.2105 0.65 50000 3 50 1500 10 1 10
0.633381 2.37722 0.5 50000 3 25 1000 10 2 6
0.321918 0.290122 0.65 50000 3 20 1500 10 0.5 10
0.582056 2.72122 0.6 10000 3 50 1000 10 1 6
0.551434 1.97792 0.6 50000 3 25 1000 10 1 6
0.692769 3.79988 0.6 10000 3 25 1000 10 2 10
0.728188 6.50319 0.6 50000 3 20 1000 5 1 4
0.552734 1.79068 0.6 100000 3 50 1000 10 1 6
0.742546 4.59814 0.6 50000 3 20 1500 10 2 6
0.469642 0.867978 0.6 50000 3 25 1500 10 0.5 6
0.613456 4.00685 0.65 50000 3 50 1000 5 1 6
0.65328 4.76405 0.65 10000 3 25 1000 5 1 6
0.417792 1.20161 0.65 50000 3 25 1000 10 0.5 6
0.800732 6.40794 0.6 100000 3 20 1500 5 2 6
0.80301 5.15356 0.65 50000 3 20 1000 10 2 6
0.600322 2.14171 0.5 10000 3 25 1500 10 1 4
0.763803 4.68911 0.65 10000 3 25 1500 10 2 6
0.505466 1.67142 0.65 50000 3 50 1500 5 0.5 6
0.585956 2.05385 0.65 10000 3 50 1000 10 1 6
0.591094 1.9097 0.5 100000 3 25 1500 5 1 6
0.440001 1.31068 0.5 10000 3 25 1000 10 1 10
0.732776 4.33563 0.5 10000 3 50 1500 5 2 8
0.542436 1.53527 0.5 50000 3 25 1500 10 1 4
0.451457 1.78439 0.65 10000 3 50 1500 10 0.5 6
0.51862 1.17205 0.5 100000 3 50 1500 10 1 6
0.774517 5.77549 0.5 100000 3 50 1000 10 2 4
0.613053 3.50403 0.65 10000 3 25 1500 5 0.5 6
0.506517 2.51309 0.5 50000 3 25 1000 5 0.5 4
0.634081 1.59244 0.5 10000 3 20 1500 10 2 8
0.550425 1.73858 0.6 100000 3 25 1500 5 0.5 6
0.303703 0.13916 0.5 50000 3 50 1000 10 0.5 8
0.4773 0.804071 0.65 100000 3 50 1000 10 0.5 6
0.504243 1.17194 0.5 50000 3 20 1500 5 1 8
0.782626 4.47177 0.6 100000 3 25 1500 10 2 6
0.487725 1.05233 0.5 100000 3 50 1000 5 0.5 8
0.706838 3.83358 0.5 100000 3 25 1000 5 2 8
0.467019 1.09943 0.5 100000 3 20 1000 10 1 8
0.384297 0.736936 0.5 100000 3 20 1500 10 0.5 8
0.195 0.0739469 0.5 10000 3 50 1000 10 0.5 10
0.667062 3.59224 0.5 50000 3 50 1500 5 2 8
0.425782 1.25003 0.5 10000 3 20 1500 5 0.5 10
0.488412 2.33303 0.6 10000 3 25 1500 10 1 10
0.581744 1.52978 0.5 50000 3 25 1000 10 2 8
0.665585 4.29465 0.6 50000 3 50 1500 5 1 6
0.451389 2.63699 0.6 10000 3 50 1500 10 0.5 6
0.570721 4.23131 0.6 10000 3 25 1000 5 0.5 6
0.486193 2.56259 0.6 10000 3 50 1000 10 1 8
0.613807 3.70522 0.6 10000 3 20 1000 5 1 10
0.702861 5.88244 0.6 10000 3 20 1500 5 1 4
0.681259 6.92553 0.6 100000 3 25 1000 5 1 4
0.579109 2.22907 0.5 10000 3 20 1000 5 1 6
0.791738 7.08041 0.6 50000 3 50 1000 5 2 4
0.606555 3.85928 0.6 10000 3 25 1500 5 0.5 4
0.516361 1.92576 0.6 50000 3 25 1000 10 1 8
0.517078 2.87377 0.6 100000 3 20 1000 10 0.5 4
0.581842 3.13713 0.65 100000 3 25 1000 5 0.5 4
0.596309 4.80469 0.6 50000 3 20 1500 5 0.5 4
0.611783 2.12799 0.65 100000 3 25 1500 10 1 4
0.507335 1.25709 0.6 100000 3 50 1000 10 1 8
0.452167 0.90352 0.6 50000 3 25 1500 10 0.5 8
0.718503 4.75554 0.6 50000 3 20 1500 10 2 8
0.573261 2.36446 0.65 50000 3 50 1000 5 1 8
0.860392 7.76649 0.65 50000 3 25 1500 5 2 4
0.745867 4.7698 0.5 50000 3 20 1000 5 2 8
0.91758 9.99011 0.65 100000 3 20 1000 5 2 4
0.6295 3.863 0.65 10000 3 20 1500 5 1 10
0.347761 1.1708 0.65 50000 3 25 1000 10 0.5 8
0.642446 4.3378 0.65 10000 3 25 1000 5 1 8
0.675252 5.55894 0.65 100000 3 20 1500 5 1 4
0.79734 6.28761 0.6 100000 3 20 1500 5 2 8
0.800662 5.11396 0.65 50000 3 20 1000 10 2 8
0.521125 1.97418 0.65 50000 3 20 1000 5 0.5 4
0.676121 5.30448 0.6 50000 3 20 1000 5 1 6
0.881352 7.46263 0.65 10000 3 20 1000 5 2 8
0.871879 7.86722 0.65 100000 3 25 1000 10 2 4
0.878708 8.4985 0.65 100000 3 50 1500 5 2 4
0.656878 3.9324 0.65 50000 3 20 1500 10 1 4
0.504791 0.859738 0.6 100000 3 50 1500 10 0.5 4
0.482106 0.645129 0.5 100000 3 50 1500 10 1 8
0.736806 4.10181 0.65 10000 3 25 1500 10 2 8
0.489866 2.06518 0.65 10000 3 50 1000 10 1 8
0.302058 1.70825 0.65 10000 3 50 1500 10 0.5 8
0.209949 0.0711666 0.5 50000 3 50 1000 10 0.5 10
0.474856 1.63973 0.65 50000 3 50 1500 5 0.5 8
0.610904 3.50428 0.65 10000 3 25 1500 5 0.5 8
0.839554 6.43474 0.65 50000 3 50 1500 10 2 4
0.490704 1.17735 0.5 50000 3 20 1500 5 1 10
0.52357 1.38531 0.5 10000 3 25 1500 10 1 6
0.435815 1.02457 0.5 100000 3 50 1000 5 0.5 10
0.534643 1.79348 0.6 100000 3 25 1500 5 0.5 8
0.425542 0.251025 0.65 100000 3 50 1000 10 0.5 8
0.264866 0.659727 0.5 100000 3 20 1500 10 0.5 10
0.450011 1.07724 0.5 100000 3 20 1000 10 1 10
0.666989 3.39057 0.5 100000 3 25 1000 5 2 10
0.707104 3.68395 0.6 100000 3 25 1500 10 2 8
0.525223 1.0188 0.5 10000 3 50 1000 10 1 4
0.561775 1.2936 0.5 50000 3 25 1000 10 2 10
0.631947 2.38502 0.5 50000 3 50 1500 5 2 10
0.524969 1.15664 0.5 50000 3 25 1500 10 1 6
0.624705 3.47937 0.5 10000 3 20 1500 5 1 4
0.669851 3.52862 0.5 10000 3 50 1500 5 2 10
0.458679 1.37808 0.5 50000 3 25 1000 5 0.5 6
0.537588 1.09837 0.5 100000 3 25 1500 5 1 8
0.677924 2.60504 0.5 10000 3 25 1000 10 2 4
0.683875 2.61271 0.5 100000 3 50 1000 10 2 6
0.449317 2.12131 0.6 10000 3 50 1000 10 1 10
0.597992 1.46844 0.5 10000 3 20 1500 10 2 10
0.563597 1.75434 0.6 50000 3 50 1500 5 1 8
0.6038 3.42953 0.6 10000 3 25 1500 5 0.5 6
0.835336 6.96582 0.6 10000 3 25 1500 10 2 4
0.569319 2.18618 0.5 10000 3 20 1000 5 1 8
0.505999 0.785389 0.6 100000 3 50 1000 10 1 10
0.474054 1.22608 0.6 50000 3 25 1000 10 1 10
0.690376 3.89383 0.6 50000 3 20 1500 10 2 10
0.30199 2.56085 0.6 10000 3 50 1500 10 0.5 8
0.367127 0.836692 0.6 50000 3 25 1500 10 0.5 10
0.556199 2.38816 0.65 50000 3 50 1000 5 1 10
0.231457 0.16642 0.65 50000 3 25 1000 10 0.5 10
0.73782 3.92709 0.5 50000 3 20 1000 5 2 10
0.46638 3.34994 0.6 10000 3 25 1000 5 0.5 8
0.641738 4.67361 0.6 10000 3 20 1500 5 1 6
0.795648 5.78465 0.6 100000 3 20 1500 5 2 10
0.558052 1.90194 0.5 50000 3 50 1000 10 1 4
0.869852 9.14957 0.6 10000 3 20 1000 5 2 4
0.633887 4.33203 0.65 10000 3 25 1000 5 1 10
0.47684 0.647062 0.5 100000 3 50 1500 10 1 10
0.667937 5.19288 0.6 100000 3 25 1000 5 1 6
0.775818 7.34215 0.6 50000 3 50 1000 5 2 6
0.773382 5.83825 0.5 50000 3 20 1500 5 2 4
0.167054 0.233791 0.65 10000 3 50 1500 10 0.5 10
0.469088 2.93159 0.65 10000 3 25 1500 5 0.5 10
0.658727 4.11427 0.6 50000 3 20 1000 5 1 8
0.800088 5.12045 0.65 50000 3 20 1000 10 2 10
0.706839 4.1159 0.65 10000 3 25 1500 10 2 10
0.452991 1.6239 0.65 10000 3 50 1000 10 1 10
0.367144 0.192149 0.65 50000 3 50 1500 5 0.5 10
0.603468 2.15921 0.5 100000 3 50 1000 5 1 4
0.560515 2.41865 0.5 100000 3 20 1500 10 1 4
0.478304 1.86861 0.5 100000 3 25 1000 10 0.5 4
0.492795 0.28116 0.5 50000 3 50 1500 10 0.5 4
0.522596 2.3955 0.6 50000 3 20 1500 5 0.5 6
0.700656 3.96405 0.5 100000 3 20 1000 10 2 4
0.512312 1.79605 0.6 100000 3 25 1500 5 0.5 10
0.511543 1.94145 0.65 100000 3 25 1000 5 0.5 6
0.492993 1.25758 0.6 100000 3 20 1000 10 0.5 6
0.506475 1.39069 0.5 50000 3 25 1500 5 0.5 4
0.509012 1.13648 0.5 10000 3 50 1000 10 1 6
0.56411 2.25477 0.5 10000 3 20 1500 5 1 6
0.344245 0.204994 0.65 100000 3 50 1000 10 0.5 10
0.705407 3.76952 0.6 100000 3 25 1500 10 2 10
0.59601 2.12205 0.65 100000 3 25 1500 10 1 6
0.665335 4.2176 0.65 100000 3 20 1500 5 1 6
0.841883 7.84725 0.65 50000 3 25 1500 5 2 6
0.886953 9.32013 0.65 10000 3 20 1500 5 2 4
0.853482 8.9293 0.65 100000 3 20 1000 5 2 6
0.491435 1.41135 0.5 10000 3 25 1500 10 1 8
0.461664 1.88873 0.65 50000 3 20 1000 5 0.5 6
0.748706 5.36786 0.65 100000 3 25 1000 10 2 6
0.463312 1.7318 0.6 100000 3 50 1500 10 0.5 6
0.821434 6.53846 0.65 10000 3 20 1000 5 2 10
0.65126 3.50186 0.65 50000 3 20 1500 10 1 6
0.835722 6.25611 0.65 100000 3 50 1500 5 2 6
0.740227 4.79325 0.6 10000 3 50 1000 10 2 4
0.559154 1.72851 0.6 50000 3 50 1500 5 1 10
0.593195 3.47582 0.6 10000 3 25 1500 5 0.5 8
0.450557 0.31417 0.5 10000 3 50 1500 10 0.5 4
0.459581 0.701264 0.5 50000 3 25 1500 10 1 8
0.518917 1.18026 0.5 100000 3 25 1500 5 1 10
0.403722 1.34998 0.5 50000 3 25 1000 5 0.5 8
0.638818 2.34382 0.5 10000 3 25 1000 10 2 6
0.80681 5.51496 0.65 50000 3 50 1500 10 2 6
0.648855 2.20781 0.5 100000 3 50 1000 10 2 8
0.591222 4.39969 0.6 50000 3 25 1000 5 0.5 4
0.856028 8.31092 0.6 100000 3 50 1000 10 2 4
0.611005 2.31674 0.6 50000 3 25 1500 10 1 4
0.795537 7.42017 0.65 50000 3 50 1000 5 2 4
0.524413 1.19794 0.5 50000 3 50 1000 10 1 6
0.690219 3.29971 0.5 100000 3 50 1500 10 2 4
0.660091 4.34507 0.65 50000 3 25 1000 10 1 4
0.781566 7.09433 0.6 50000 3 25 1000 10 2 4
0.537708 4.29016 0.6 100000 3 20 1500 10 0.5 4
0.504867 2.21956 0.5 10000 3 25 1000 5 0.5 4
0.738028 3.60026 0.5 50000 3 20 1500 5 2 6
0.435991 1.33961 0.5 50000 3 20 1000 10 0.5 4
0.378057 0.662375 0.5 100000 3 25 1000 10 0.5 6
0.426832 0.589918 0.5 50000 3 50 1500 10 0.5 6
0.519066 1.23117 0.5 100000 3 20 1500 10 1 6
0.888411 9.81194 0.65 10000 3 25 1000 5 2 4
0.542642 1.28167 0.5 100000 3 50 1000 5 1 6
0.52832 1.2276 0.5 10000 3 20 1000 5 1 10
0.6304 4.16412 0.65 10000 3 50 1500 10 1 4
0.409112 0.869881 0.5 10000 3 50 1000 10 1 8
0.690517 3.8008 0.5 100000 3 20 1000 10 2 6
0.52122 1.34318 0.5 10000 3 20 1500 5 1 8
0.74568 6.41294 0.65 10000 3 25 1500 5 1 4
0.8113 5.91809 0.65 10000 3 50 1000 10 2 4
0.456201 0.989204 0.5 50000 3 25 1500 5 0.5 6
0.583349 3.85441 0.65 50000 3 20 1500 5 0.5 4
0.658523 4.13566 0.6 50000 3 20 1000 5 1 10
0.742803 4.57515 0.6 10000 3 25 1500 10 2 6
0.210042 1.66488 0.6 10000 3 50 1500 10 0.5 10
0.734799 5.8278 0.65 50000 3 50 1500 5 1 4
0.723316 5.32396 0.6 100000 3 25 1500 5 1 4
0.533323 2.16959 0.65 10000 3 50 1000 5 0.5 4
0.402704 2.80281 0.6 10000 3 25 1000 5 0.5 10
0.597527 3.77356 0.6 10000 3 20 1500 5 1 8
0.854619 9.50342 0.6 10000 3 20 1000 5 2 6
0.601485 3.08691 0.6 100000 3 25 1000 5 1 8
0.737898 6.34778 0.6 50000 3 50 1000 5 2 8
0.684798 3.42075 0.6 10000 3 50 1000 10 2 6
0.586056 2.98191 0.6 100000 3 50 1000 5 0.5 4
0.632977 3.32866 0.65 100000 3 50 1000 10 1 4
0.432396 0.646684 0.5 10000 3 25 1500 10 1 10
0.842548 7.27134 0.6 50000 3 50 1500 5 2 4
0.461339 2.74913 0.6 10000 3 25 1500 5 0.5 10
0.446796 0.80547 0.6 50000 3 20 1500 5 0.5 8
0.491772 1.71806 0.65 100000 3 25 1000 5 0.5 8
0.475864 1.22465 0.6 100000 3 20 1000 10 0.5 8
0.566896 2.31126 0.65 100000 3 25 1500 10 1 8
0.489501 1.09353 0.5 50000 3 50 1000 10 1 8
0.683445 2.37877 0.5 100000 3 50 1500 10 2 6
0.495804 1.96218 0.6 50000 3 25 1000 5 0.5 6
0.763138 4.85061 0.6 100000 3 50 1000 10 2 6
0.607912 3.89525 0.65 100000 3 20 1500 5 1 8
0.883735 8.86891 0.65 10000 3 20 1500 5 2 6
0.362505 0.648414 0.5 100000 3 25 1000 10 0.5 8
0.389653 0.265106 0.5 10000 3 50 1500 10 0.5 6
0.458304 0.311529 0.5 50000 3 25 1500 10 1 10
0.437999 1.21759 0.65 50000 3 20 1000 5 0.5 8
0.837511 7.49885 0.65 50000 3 25 1500 5 2 8
0.593837 2.07488 0.6 50000 3 25 1500 10 1 6
0.491441 1.80238 0.6 100000 3 20 1500 10 0.5 6
0.390697 0.623216 0.5 50000 3 25 1000 5 0.5 10
0.49456 1.1348 0.5 100000 3 20 1500 10 1 8
0.377717 1.69541 0.6 100000 3 50 1500 10 0.5 8
0.815865 6.43258 0.65 100000 3 20 1000 5 2 8
0.555002 2.17492 0.65 50000 3 25 1000 10 1 6
0.780665 7.71424 0.65 50000 3 50 1000 5 2 6
0.431745 0.668204 0.5 50000 3 20 1000 10 0.5 6
0.737309 4.66773 0.6 50000 3 25 1000 10 2 6
0.406191 0.2443 0.5 50000 3 50 1500 10 0.5 8
0.726346 3.51471 0.5 50000 3 20 1500 5 2 8
0.51548 1.1888 0.5 100000 3 50 1000 5 1 8
0.736208 4.07866 0.65 100000 3 25 1000 10 2 8
0.54781 3.24889 0.65 10000 3 20 1000 10 0.5 4
0.512022 1.24744 0.5 10000 3 20 1500 5 1 10
0.791989 7.35663 0.5 100000 3 25 1500 5 2 4
0.667912 2.33649 0.5 100000 3 20 1000 10 2 8
0.775932 5.47248 0.65 100000 3 50 1500 5 2 8
0.434982 0.522035 0.5 50000 3 25 1500 5 0.5 8
0.635746 2.2502 0.5 10000 3 25 1000 10 2 8
0.524628 2.40939 0.65 50000 3 20 1500 10 1 8
0.393692 0.469648 0.5 10000 3 50 1000 10 1 10
0.886459 7.67252 0.65 10000 3 25 1000 5 2 6
0.638201 1.37455 0.5 100000 3 50 1000 10 2 10
0.522596 2.3955 0.65 50000 3 20 1500 5 0.5 6
0.611462 3.46826 0.65 10000 3 50 1500 10 1 6
0.656434 2.38594 0.65 50000 3 50 1500 10 2 8
0.708964 2.85182 0.65 10000 3 50 1000 10 2 6
0.729858 5.46175 0.65 10000 3 25 1500 5 1 6
0.657033 4.10572 0.6 100000 3 25 1500 5 1 6
0.497503 2.26148 0.5 10000 3 25 1000 5 0.5 6
0.669154 4.64634 0.65 50000 3 50 1500 5 1 6
0.496646 2.1909 0.65 10000 3 50 1000 5 0.5 6
0.767378 6.60845 0.5 10000 3 20 1000 5 2 4
0.901952 8.64657 0.6 50000 3 20 1000 5 2 4
0.590956 4.1528 0.6 10000 3 50 1500 10 1 4
0.708543 4.0166 0.6 10000 3 25 1500 10 2 8
0.548099 1.75626 0.6 100000 3 50 1000 5 0.5 6
0.670212 3.05322 0.6 10000 3 50 1000 10 2 8
0.477576 0.642043 0.5 50000 3 50 1000 10 1 10
0.711461 6.29136 0.6 10000 3 25 1500 5 1 4
0.651666 4.67678 0.6 10000 3 25 1000 5 1 4
0.836818 7.33674 0.6 50000 3 50 1500 5 2 6
0.58953 3.77112 0.6 10000 3 20 1500 5 1 10
0.648623 2.08379 0.5 100000 3 50 1500 10 2 8
0.267654 0.213969 0.5 50000 3 50 1500 10 0.5 10
0.847328 7.27473 0.6 10000 3 20 1000 5 2 8
0.375292 0.626882 0.5 50000 3 20 1000 10 0.5 8
0.635647 2.41664 0.5 50000 3 20 1500 5 2 10
0.503235 1.19774 0.5 100000 3 50 1000 5 1 10
0.441193 1.93257 0.6 50000 3 25 1000 5 0.5 8
0.436863 1.35933 0.6 100000 3 20 1500 10 0.5 8
0.300544 0.621325 0.5 100000 3 25 1000 10 0.5 10
0.524636 1.32956 0.6 50000 3 25 1500 10 1 8
0.728118 4.52286 0.6 100000 3 50 1000 10 2 8
0.585889 3.11669 0.6 100000 3 25 1000 5 1 10
0.400288 0.163979 0.5 50000 3 25 1500 5 0.5 10
0.437247 0.730954 0.5 100000 3 20 1500 10 1 10
0.739338 4.51226 0.5 10000 3 25 1500 10 2 4
0.619943 1.43884 0.5 100000 3 20 1000 10 2 10
0.516361 1.92576 0.65 50000 3 25 1000 10 1 8
0.736636 5.66952 0.6 50000 3 50 1000 5 2 10
0.754969 6.28687 0.5 10000 3 20 1500 5 2 4
0.742615 7.12114 0.65 50000 3 50 1000 5 2 8
0.697065 3.87004 0.6 50000 3 25 1000 10 2 8
0.637172 2.26082 0.5 10000 3 50 1000 10 2 4
0.404414 1.18858 0.6 100000 3 20 1000 10 0.5 10
0.55627 2.14134 0.65 100000 3 50 1000 10 1 6
0.267302 0.223924 0.5 10000 3 50 1500 10 0.5 8
0.793186 6.37555 0.65 10000 3 25 1000 5 2 8
0.446796 0.80547 0.65 50000 3 20 1500 5 0.5 8
0.374995 0.762777 0.6 50000 3 20 1500 5 0.5 10
0.767284 6.00596 0.5 100000 3 25 1500 5 2 6
0.733408 3.53878 0.5 50000 3 25 1500 10 2 4
0.603215 3.4308 0.6 100000 3 25 1500 5 1 8
0.68022 5.60518 0.5 50000 3 25 1000 5 1 4
0.563134 3.02541 0.65 10000 3 50 1500 10 1 8
0.683749 2.63336 0.65 10000 3 50 1000 10 2 8
0.46185 1.29842 0.65 100000 3 25 1000 5 0.5 10
0.660413 4.72748 0.65 10000 3 25 1500 5 1 8
0.525446 2.30205 0.65 100000 3 25 1500 10 1 10
0.567165 2.10603 0.65 50000 3 50 1500 5 1 8
0.592438 1.34944 0.5 10000 3 25 1000 10 2 10
0.60667 3.44128 0.65 100000 3 20 1500 5 1 10
0.234167 0.232291 0.6 100000 3 50 1500 10 0.5 10
0.45343 1.69538 0.65 10000 3 50 1000 5 0.5 8
0.42024 1.23726 0.65 50000 3 20 1000 5 0.5 10
0.881861 7.26311 0.65 10000 3 20 1500 5 2 8
0.867266 8.40133 0.6 50000 3 20 1000 5 2 6
0.518344 3.22406 0.65 10000 3 20 1000 10 0.5 6
0.706961 3.45126 0.65 100000 3 25 1000 10 2 10
0.503845 0.733987 0.5 100000 3 50 1500 5 0.5 4
0.541956 2.43695 0.65 50000 3 20 1500 10 1 10
0.804496 7.00115 0.65 50000 3 25 1500 5 2 10
0.748975 6.8275 0.5 10000 3 20 1000 5 2 6
0.791052 6.1823 0.65 100000 3 20 1000 5 2 10
0.771823 5.45357 0.65 100000 3 50 1500 5 2 10
0.663146 3.02426 0.6 10000 3 50 1000 10 2 10
0.680934 3.96944 0.5 50000 3 50 1000 10 2 4
0.500811 1.2188 0.6 100000 3 50 1000 5 0.5 8
0.402849 1.29634 0.5 10000 3 25 1000 5 0.5 8
0.530427 1.13111 0.5 50000 3 50 1500 10 1 4
0.700195 5.35358 0.6 10000 3 25 1500 5 1 6
0.653591 2.31661 0.65 50000 3 50 1500 10 2 10
0.547188 3.35946 0.5 100000 3 25 1000 10 1 4
0.616089 1.33878 0.5 100000 3 50 1500 10 2 10
0.321504 0.648404 0.5 50000 3 20 1000 10 0.5 10
0.457415 1.8777 0.5 50000 3 20 1500 10 0.5 4
0.772299 4.8089 0.5 100000 3 50 1000 5 2 4
0.771552 6.25302 0.6 50000 3 50 1500 5 2 8
0.532769 1.20579 0.5 100000 3 20 1500 5 0.5 4
0.400154 1.22232 0.6 50000 3 25 1000 5 0.5 10
0.716534 3.39425 0.5 100000 3 20 1500 10 2 4
0.609152 1.45868 0.5 10000 3 50 1000 10 2 6
0.750369 5.95063 0.5 10000 3 20 1500 5 2 6
0.717539 3.69797 0.6 100000 3 50 1000 10 2 10
0.317432 1.28272 0.6 100000 3 20 1500 10 0.5 10
0.57067 3.49528 0.6 10000 3 50 1500 10 1 6
0.517831 0.94028 0.6 50000 3 25 1500 10 1 10
0.688538 3.88228 0.6 10000 3 25 1500 10 2 10
0.741069 6.45454 0.65 50000 3 50 1000 5 2 10
0.474054 1.22608 0.65 50000 3 25 1000 10 1 10
0.676826 3.76952 0.6 50000 3 25 1000 10 2 10
0.618959 4.64895 0.6 10000 3 25 1000 5 1 6
0.374995 0.762777 0.65 50000 3 20 1500 5 0.5 10
0.854593 9.15121 0.6 10000 3 20 1500 5 2 4
0.597916 3.08865 0.6 100000 3 25 1500 5 1 10
0.510871 1.60776 0.65 100000 3 50 1000 10 1 8
0.790922 6.1139 0.65 10000 3 25 1000 5 2 10
0.520091 1.76313 0.65 10000 3 50 1500 10 1 10
0.640447 2.08537 0.5 10000 3 25 1500 10 2 6
0.787533 6.31369 0.6 10000 3 20 1000 5 2 10
0.682382 2.6137 0.65 10000 3 50 1000 10 2 10
0.59012 3.89365 0.65 10000 3 25 1500 5 1 10
0.900799 8.15218 0.6 100000 3 25 1000 5 2 4
0.514882 1.7059 0.6 50000 3 50 1000 10 0.5 4
0.664899 3.31822 0.5 50000 3 25 1500 5 1 4
0.562722 2.0802 0.65 50000 3 50 1500 5 1 10
0.846006 7.18945 0.6 50000 3 20 1000 5 2 8
0.16681 0.175261 0.5 10000 3 50 1500 10 0.5 10
0.632599 2.33106 0.5 50000 3 50 1000 10 2 6
0.388236 1.6037 0.65 10000 3 50 1000 5 0.5 10
0.508559 1.07848 0.5 50000 3 50 1500 10 1 6
0.607413 3.11033 0.5 50000 3 25 1000 5 1 6
0.461477 1.20906 0.6 100000 3 50 1000 5 0.5 10
0.576791 3.39637 0.6 10000 3 50 1500 5 0.5 4
0.687413 3.67531 0.5 50000 3 25 1500 10 2 6
0.63215 4.64033 0.6 10000 3 25 1500 5 1 8
0.557488 2.12758 0.5 50000 3 20 1000 10 1 4
0.534661 2.37888 0.5 100000 3 25 1000 10 1 6
0.753855 4.33667 0.5 100000 3 25 1500 5 2 8
0.388969 0.709597 0.5 50000 3 20 1500 10 0.5 6
0.527142 1.38786 0.5 10000 3 25 1500 5 0.5 4
0.727006 6.01677 0.6 50000 3 20 1500 5 1 4
0.653635 4.97786 0.6 100000 3 20 1000 10 1 4
0.743674 4.83354 0.5 10000 3 20 1000 5 2 8
0.667437 5.92065 0.65 100000 3 25 1000 5 1 4
0.497012 1.13578 0.5 100000 3 20 1500 5 0.5 6
0.694887 2.59748 0.5 100000 3 50 1000 5 2 6
0.744294 4.42798 0.5 10000 3 20 1500 5 2 8
0.582267 1.40167 0.5 10000 3 50 1000 10 2 8
0.689721 2.18649 0.5 100000 3 20 1500 10 2 6
0.52807 2.03498 0.6 100000 3 20 1000 5 0.5 4
0.737466 5.11537 0.6 50000 3 50 1500 5 2 10
0.662014 4.33376 0.6 100000 3 20 1500 10 1 4
0.492381 0.679697 0.5 100000 3 50 1500 5 0.5 6
0.881351 7.26265 0.65 10000 3 20 1500 5 2 10
0.821861 5.41831 0.65 100000 3 25 1500 10 2 4
0.55541 1.31028 0.6 100000 3 50 1500 5 0.5 4
0.609679 2.73187 0.65 100000 3 25 1500 5 0.5 4
0.41105 1.95227 0.65 10000 3 20 1000 10 0.5 8
0.597891 1.95909 0.6 100000 3 50 1500 10 1 4
0.916341 8.5496 0.65 100000 3 20 1500 5 2 4
0.363234 1.28359 0.5 10000 3 25 1000 5 0.5 10
0.83366 5.96776 0.6 50000 3 25 1500 10 2 4
0.514882 1.7059 0.65 50000 3 50 1000 10 0.5 4
0.713567 5.37519 0.65 50000 3 20 1000 5 1 4
0.537713 1.97097 0.65 50000 3 25 1500 10 0.5 4
0.55987 1.9927 0.6 50000 3 25 1500 5 0.5 4
0.808615 7.50127 0.65 50000 3 25 1000 10 2 4
0.499973 1.65904 0.65 100000 3 20 1000 10 0.5 4
0.504791 0.859738 0.65 100000 3 50 1500 10 0.5 4
0.866654 7.62759 0.65 50000 3 20 1500 10 2 4
0.480361 1.17732 0.5 100000 3 20 1000 5 0.5 4
0.869694 9.87083 0.6 100000 3 25 1500 5 2 4
0.714046 5.06967 0.65 50000 3 20 1500 5 1 4
0.47584 1.97767 0.65 10000 3 25 1000 10 0.5 4
0.606603 3.60786 0.65 10000 3 50 1500 5 0.5 4
0.509535 1.13606 0.65 100000 3 50 1000 10 1 10
0.792349 5.25839 0.65 10000 3 50 1500 10 2 4
0.545333 3.06044 0.6 10000 3 50 1500 10 1 8
0.510388 2.82257 0.6 10000 3 50 1000 5 0.5 4
0.757303 8.18558 0.6 50000 3 25 1000 5 1 4
0.615373 2.25217 0.5 50000 3 50 1000 10 2 8
0.836912 6.10762 0.6 50000 3 20 1000 5 2 10
0.845293 7.86863 0.65 50000 3 50 1500 5 2 4
0.607156 1.49003 0.5 10000 3 25 1500 10 2 8
0.48674 0.620923 0.5 50000 3 50 1500 10 1 8
0.891437 7.44247 0.65 10000 3 25 1500 5 2 4
0.733877 5.8422 0.65 10000 3 50 1000 5 1 4
0.527871 2.99294 0.6 10000 3 50 1500 5 0.5 6
0.608382 4.22337 0.6 10000 3 25 1000 5 1 8
0.848863 8.7529 0.6 10000 3 20 1500 5 2 6
0.335712 0.218516 0.5 50000 3 20 1500 10 0.5 8
0.676455 4.36686 0.6 100000 3 50 1000 5 1 4
0.498481 1.44606 0.5 50000 3 20 1000 10 1 6
0.479143 1.07095 0.5 100000 3 20 1500 5 0.5 8
0.639116 1.9733 0.5 100000 3 20 1500 10 2 8
0.691604 2.55598 0.5 100000 3 50 1000 5 2 8
0.473988 1.22394 0.5 100000 3 25 1000 10 1 8
0.517646 3.26578 0.6 10000 3 20 1000 10 0.5 4
0.584935 1.3875 0.5 10000 3 50 1000 10 2 10
0.612194 2.7113 0.5 50000 3 25 1500 5 1 6
0.584508 3.67186 0.6 10000 3 25 1500 5 1 10
0.737177 4.34897 0.5 10000 3 20 1500 5 2 10
0.426678 0.797733 0.6 50000 3 50 1000 10 0.5 6
0.502704 1.28875 0.5 10000 3 50 1500 10 1 4
0.806044 7.74078 0.6 100000 3 25 1000 5 2 6
0.65465 2.78851 0.5 50000 3 25 1500 10 2 8
0.554194 0.925746 0.6 50000 3 50 1500 10 0.5 4
0.495904 1.745 0.6 100000 3 20 1000 5 0.5 6
0.720852 4.14174 0.5 100000 3 25 1500 5 2 10
0.541784 2.23924 0.5 50000 3 25 1000 5 1 8
0.619528 3.08123 0.6 100000 3 20 1500 10 1 6
0.514222 1.38491 0.5 10000 3 25 1500 5 0.5 6
0.787435 6.3339 0.6 50000 3 25 1500 10 2 6
0.426678 0.797733 0.65 50000 3 50 1000 10 0.5 6
0.672668 4.48694 0.6 50000 3 20 1500 5 1 6
0.684691 3.91509 0.5 10000 3 20 1000 5 2 10
0.582761 3.01447 0.6 100000 3 20 1000 10 1 6
0.550337 1.3096 0.6 100000 3 50 1500 5 0.5 6
0.449701 0.211161 0.5 100000 3 50 1500 5 0.5 8
0.779506 5.89916 0.65 50000 3 25 1000 10 2 6
0.563921 2.24788 0.5 10000 3 25 1000 5 1 4
0.511768 1.79532 0.6 50000 3 25 1500 5 0.5 6
0.65432 4.17841 0.65 100000 3 25 1000 5 1 6
0.448403 1.08231 0.5 100000 3 20 1000 5 0.5 6
0.786162 4.67211 0.65 100000 3 25 1500 10 2 6
0.847883 8.41166 0.6 100000 3 25 1500 5 2 6
0.529333 2.2512 0.65 10000 3 20 1500 10 0.5 4
0.39719 0.774107 0.65 10000 3 25 1000 10 0.5 6
0.676236 4.68747 0.65 50000 3 20 1500 5 1 6
0.298544 1.8872 0.65 10000 3 20 1000 10 0.5 10
0.592871 1.96592 0.6 100000 3 50 1500 10 1 6
0.816009 6.1353 0.65 100000 3 20 1500 5 2 6
0.568662 2.96592 0.65 10000 3 50 1500 5 0.5 6
0.492993 1.25758 0.65 100000 3 20 1000 10 0.5 6
0.553961 1.93592 0.65 100000 3 25 1500 5 0.5 6
0.468151 0.626311 0.5 50000 3 50 1500 10 1 10
0.724675 4.24596 0.65 10000 3 50 1500 10 2 6
0.59199 1.44205 0.5 50000 3 50 1000 10 2 10
0.663157 4.35558 0.65 50000 3 20 1000 5 1 6
0.746115 4.79884 0.65 50000 3 20 1500 10 2 6
0.469642 0.867978 0.65 50000 3 25 1500 10 0.5 6
0.711911 5.29504 0.6 50000 3 25 1000 5 1 6
0.468904 1.89471 0.6 50000 3 20 1000 10 0.5 4
0.463312 1.7318 0.65 100000 3 50 1500 10 0.5 6
0.461271 1.6528 0.6 10000 3 50 1500 5 0.5 8
0.387516 0.939875 0.5 100000 3 20 1500 5 0.5 10
0.667337 4.34101 0.65 10000 3 50 1000 5 1 6
0.317909 0.223309 0.5 50000 3 20 1500 10 0.5 10
0.594953 1.1915 0.5 100000 3 20 1500 10 2 10
0.438763 1.35007 0.5 50000 3 20 1000 10 1 8
0.68883 2.53209 0.5 100000 3 50 1000 5 2 10
0.883558 7.35302 0.65 10000 3 25 1500 5 2 6
0.840087 8.02386 0.65 50000 3 50 1500 5 2 6
0.493374 2.85615 0.6 10000 3 50 1000 5 0.5 6
0.485806 1.19193 0.5 10000 3 50 1500 5 0.5 4
0.880319 7.97556 0.65 100000 3 50 1000 10 2 4
0.47299 1.22361 0.5 100000 3 25 1000 10 1 10
0.587263 1.281 0.5 10000 3 25 1500 10 2 10
0.451019 1.38414 0.5 10000 3 20 1500 10 0.5 4
0.580955 2.31326 0.6 100000 3 50 1000 5 1 6
0.516401 2.26238 0.6 10000 3 50 1500 10 1 10
0.856436 7.3065 0.6 10000 3 25 1500 5 2 4
0.468568 1.39952 0.6 50000 3 50 1500 10 0.5 6
0.449332 1.73066 0.6 100000 3 20 1000 5 0.5 8
0.597501 4.25101 0.6 10000 3 25 1000 5 1 10
0.544606 1.78465 0.5 50000 3 25 1500 5 1 8
0.571696 3.15405 0.6 100000 3 20 1500 10 1 8
0.847769 7.14838 0.6 10000 3 20 1500 5 2 8
0.769546 4.84486 0.6 50000 3 25 1500 10 2 8
0.637432 2.78896 0.5 50000 3 25 1500 10 2 10
0.487233 3.25747 0.6 10000 3 20 1000 10 0.5 6
0.484457 0.590261 0.5 10000 3 50 1500 10 1 6
0.349241 1.57088 0.65 50000 3 50 1000 10 0.5 8
0.486351 1.21069 0.5 50000 3 25 1000 5 1 10
0.508141 0.83387 0.6 100000 3 50 1500 5 0.5 8
0.349241 1.57088 0.6 50000 3 50 1000 10 0.5 8
0.787188 6.32351 0.6 100000 3 25 1000 5 2 8
0.505716 1.37843 0.5 10000 3 25 1500 5 0.5 8
0.524801 2.38961 0.5 100000 3 25 1500 10 0.5 4
0.700633 4.07179 0.65 50000 3 25 1000 10 2 8
0.490229 1.31739 0.6 50000 3 25 1500 5 0.5 8
0.35752 0.764687 0.65 10000 3 25 1000 10 0.5 8
0.833813 6.83443 0.6 100000 3 25 1500 5 2 8
0.592786 4.014 0.65 50000 3 20 1500 5 1 8
0.723028 3.25248 0.5 50000 3 50 1500 10 2 4
0.481653 0.518951 0.5 50000 3 50 1500 5 0.5 4
0.43085 0.162458 0.5 100000 3 50 1500 5 0.5 10
0.46134 0.800206 0.65 10000 3 50 1500 5 0.5 8
0.723437 4.24847 0.65 10000 3 50 1500 10 2 8
0.589217 3.66187 0.6 50000 3 20 1500 5 1 8
0.547432 2.18375 0.5 10000 3 25 1000 5 1 6
0.531239 1.76459 0.6 100000 3 20 1000 10 1 8
0.605908 3.07931 0.5 100000 3 20 1500 5 1 4
0.354701 1.58503 0.6 10000 3 50 1500 5 0.5 10
0.401083 1.36081 0.5 50000 3 20 1000 10 1 10
0.403149 1.06111 0.5 100000 3 20 1000 5 0.5 8
0.420823 1.27975 0.5 10000 3 20 1000 10 0.5 4
0.631337 4.13197 0.6 50000 3 25 1000 5 1 8
0.573088 2.61579 0.5 50000 3 20 1500 10 1 4
0.507232 1.24385 0.5 100000 3 25 1000 5 0.5 4
0.60502 3.28694 0.65 100000 3 25 1000 5 1 8
0.438712 2.29098 0.5 100000 3 50 1000 10 0.5 4
0.754813 5.26584 0.5 100000 3 25 1000 10 2 4
0.464873 1.2224 0.6 50000 3 20 1000 10 0.5 6
0.466895 2.09366 0.65 10000 3 20 1500 10 0.5 6
0.421053 1.40198 0.5 10000 3 20 1500 10 0.5 6
0.609676 3.35824 0.65 10000 3 50 1000 5 1 8
0.55592 1.43577 0.6 100000 3 50 1500 10 1 8
0.775121 6.60472 0.65 50000 3 50 1500 5 2 8
0.71064 4.03534 0.65 100000 3 25 1500 10 2 8
0.881032 7.40488 0.65 10000 3 25 1500 5 2 8
0.702605 4.38934 0.65 10000 3 20 1000 10 1 4
0.448397 0.547671 0.5 10000 3 50 1500 5 0.5 6
0.812617 6.02299 0.65 100000 3 20 1500 5 2 8
0.575946 2.34012 0.6 100000 3 50 1000 5 1 8
0.475864 1.22465 0.65 100000 3 20 1000 10 0.5 8
0.452167 0.90352 0.65 50000 3 25 1500 10 0.5 8
0.538179 2.14479 0.65 100000 3 25 1500 5 0.5 8
0.722072 5.10767 0.65 50000 3 20 1500 10 2 8
0.848497 7.23146 0.6 10000 3 25 1500 5 2 6
0.662295 4.31252 0.65 50000 3 20 1000 5 1 8
0.398797 0.313809 0.6 50000 3 50 1500 10 0.5 8
0.377717 1.69541 0.65 100000 3 50 1500 10 0.5 8
0.440077 1.74356 0.6 100000 3 20 1000 5 0.5 10
0.485042 0.931511 0.5 50000 3 25 1500 5 1 10
0.459528 1.27616 0.5 10000 3 50 1000 5 0.5 4
0.449757 2.19156 0.6 10000 3 50 1000 5 0.5 8
0.80536 6.22909 0.65 100000 3 50 1000 10 2 6
0.478832 1.33895 0.6 100000 3 20 1500 10 1 10
0.752327 4.84531 0.6 50000 3 25 1500 10 2 10
0.256126 1.4965 0.65 50000 3 50 1000 10 0.5 10
0.757859 5.21521 0.6 10000 3 50 1500 10 2 4
0.418744 0.189052 0.6 100000 3 50 1500 5 0.5 10
0.442496 0.798692 0.6 50000 3 25 1500 5 0.5 10
0.522785 1.33178 0.5 50000 3 50 1000 5 0.5 4
0.46083 0.594252 0.5 10000 3 50 1500 10 1 8
0.45904 0.507258 0.5 50000 3 50 1500 5 0.5 6
0.680395 4.12254 0.65 50000 3 25 1000 10 2 10
0.270448 1.25959 0.65 10000 3 25 1000 10 0.5 10
0.869875 10.9344 0.6 10000 3 25 1000 5 2 4
0.777446 8.84566 0.5 50000 3 25 1000 5 2 4
0.692073 2.93429 0.5 50000 3 50 1500 10 2 6
0.417657 2.73081 0.6 10000 3 20 1000 10 0.5 8
0.400972 0.524207 0.5 10000 3 25 1500 5 0.5 10
0.841382 7.16403 0.6 10000 3 20 1500 5 2 10
0.799792 6.36768 0.6 100000 3 25 1500 5 2 10
0.589925 3.57358 0.65 50000 3 20 1500 5 1 10
0.757449 4.59094 0.5 50000 3 20 1000 10 2 4
0.596012 1.73811 0.5 100000 3 20 1500 5 1 6
0.45983 1.1754 0.5 100000 3 25 1000 5 0.5 6
0.256126 1.4965 0.6 50000 3 50 1000 10 0.5 10
0.35477 0.729059 0.65 10000 3 50 1500 5 0.5 10
0.438599 0.195913 0.5 100000 3 50 1000 10 0.5 6
0.475114 0.730736 0.5 100000 3 25 1500 10 0.5 6
0.537946 1.37308 0.5 50000 3 20 1500 10 1 6
0.68387 2.98143 0.65 10000 3 50 1500 10 2 10
0.644399 5.68102 0.6 10000 3 50 1500 5 1 4
0.739838 5.67557 0.6 100000 3 25 1000 5 2 10
0.363423 1.38951 0.5 10000 3 20 1500 10 0.5 8
0.379359 0.643398 0.6 50000 3 20 1000 10 0.5 8
0.575754 3.24757 0.6 50000 3 25 1000 5 1 10
0.68057 4.08526 0.5 100000 3 25 1000 10 2 6
0.593486 2.04392 0.5 100000 3 50 1500 5 1 4
0.524127 2.19249 0.5 10000 3 25 1000 5 1 8
0.558886 2.89169 0.65 10000 3 50 1000 5 1 10
0.741034 5.46706 0.65 50000 3 50 1500 5 2 10
0.564193 2.33928 0.6 100000 3 50 1000 5 1 10
0.818025 5.71609 0.65 10000 3 25 1500 5 2 10
0.260946 0.262812 0.6 50000 3 50 1500 10 0.5 10
0.841838 7.61531 0.6 10000 3 25 1500 5 2 8
0.393894 1.08222 0.5 100000 3 20 1000 5 0.5 10
0.586356 3.22145 0.6 50000 3 20 1500 5 1 10
0.49727 1.74615 0.6 100000 3 20 1000 10 1 10
0.589425 3.4667 0.65 100000 3 25 1000 5 1 10
0.759876 4.83594 0.5 50000 3 25 1500 5 2 4
0.671422 5.28024 0.6 100000 3 20 1000 5 1 4
0.558348 2.43011 0.6 50000 3 50 1000 5 0.5 4
0.793359 5.79542 0.6 100000 3 20 1500 10 2 4
0.483303 0.868615 0.6 100000 3 50 1500 10 1 10
0.386164 1.5286 0.65 10000 3 20 1500 10 0.5 8
0.396564 1.25214 0.5 10000 3 20 1000 10 0.5 6
0.708943 4.11922 0.65 100000 3 25 1500 10 2 10
0.42453 0.164681 0.5 10000 3 50 1500 5 0.5 8
0.448911 1.26811 0.5 10000 3 50 1000 5 0.5 6
0.618326 2.7714 0.65 50000 3 50 1000 10 1 4
0.404414 1.18858 0.65 100000 3 20 1000 10 0.5 10
0.367127 0.836692 0.65 50000 3 25 1500 10 0.5 10
0.731654 4.87248 0.65 100000 3 50 1000 10 2 8
0.812345 5.98635 0.65 100000 3 20 1500 5 2 10
0.660977 4.41726 0.6 100000 3 50 1500 5 1 4
0.444624 0.511172 0.5 50000 3 50 1500 5 0.5 8
0.619199 3.51376 0.65 10000 3 20 1000 10 1 6
0.515848 2.14736 0.65 100000 3 25 1500 5 0.5 10
0.234167 0.232291 0.65 100000 3 50 1500 10 0.5 10
0.693944 4.24596 0.65 50000 3 20 1500 10 2 10
0.384563 2.09987 0.6 10000 3 50 1000 5 0.5 10
0.587365 0.770067 0.5 50000 3 50 1500 10 2 8
0.662091 4.3339 0.65 50000 3 20 1000 5 1 10
0.745706 5.55327 0.6 50000 3 25 1500 5 1 4
0.442126 1.13955 0.5 100000 3 25 1000 5 0.5 8
0.536727 1.17478 0.5 100000 3 20 1500 5 1 8
0.496903 2.54956 0.5 50000 3 20 1000 5 0.5 4
0.689376 3.08481 0.5 50000 3 20 1000 10 2 6
0.68634 4.6718 0.65 10000 3 25 1000 10 1 4
0.479112 1.27226 0.5 50000 3 20 1500 10 1 8
0.417003 0.187656 0.5 100000 3 50 1000 10 0.5 8
0.22846 0.711262 0.5 10000 3 20 1500 10 0.5 10
0.581152 3.12875 0.6 100000 3 25 1500 10 0.5 4
0.563438 2.19236 0.65 50000 3 25 1500 5 0.5 4
0.450391 0.94492 0.5 50000 3 50 1000 5 0.5 6
0.639511 2.14886 0.5 100000 3 25 1000 10 2 8
0.621751 4.91816 0.6 10000 3 50 1500 5 1 6
0.683884 4.27203 0.6 10000 3 50 1500 10 2 6
0.673598 5.89449 0.65 10000 3 50 1500 5 1 4
0.857208 7.71648 0.65 50000 3 20 1500 5 2 4
0.45666 0.589331 0.5 10000 3 50 1500 10 1 10
0.74961 5.53589 0.5 50000 3 25 1000 5 2 6
0.329765 0.642204 0.6 50000 3 20 1000 10 0.5 10
0.631957 3.92431 0.5 10000 3 25 1500 5 1 4
0.853333 7.548 0.6 10000 3 25 1000 5 2 6
0.878976 11.1051 0.6 50000 3 25 1000 5 2 4
0.304852 2.66578 0.6 10000 3 20 1000 10 0.5 10
0.508316 2.91054 0.6 10000 3 20 1500 10 0.5 4
0.61598 2.92248 0.6 50000 3 50 1000 10 1 4
0.554194 0.925746 0.65 50000 3 50 1500 10 0.5 4
0.887144 7.81186 0.65 10000 3 50 1000 5 2 4
0.791367 5.47106 0.6 10000 3 25 1500 5 2 10
0.520589 1.4707 0.65 10000 3 25 1500 10 0.5 4
0.638711 3.53258 0.6 50000 3 50 1500 10 1 4
0.368422 0.251941 0.5 100000 3 25 1500 10 0.5 8
0.852128 7.28867 0.6 100000 3 50 1000 5 2 4
0.515688 2.18523 0.5 10000 3 25 1000 5 1 10
0.518983 2.4876 0.6 100000 3 25 1000 10 0.5 4
0.547147 1.13081 0.5 100000 3 50 1500 5 1 6
0.66485 4.93051 0.6 100000 3 20 1000 5 1 6
0.496335 1.73571 0.6 50000 3 50 1000 5 0.5 6
0.389353 0.140581 0.5 50000 3 50 1500 5 0.5 10
0.770391 4.46606 0.6 100000 3 20 1500 10 2 6
0.608651 2.63799 0.5 100000 3 20 1000 5 1 4
0.607587 2.25623 0.65 50000 3 50 1000 10 1 6
0.614797 3.4751 0.6 100000 3 50 1500 5 1 6
0.868574 8.48402 0.6 50000 3 20 1500 5 2 4
0.738362 4.74136 0.5 50000 3 25 1500 5 2 6
0.584994 0.709931 0.5 50000 3 50 1500 10 2 10
0.721075 4.04759 0.65 100000 3 50 1000 10 2 10
0.51597 1.12125 0.5 100000 3 20 1500 5 1 10
0.41862 1.13367 0.5 100000 3 25 1000 5 0.5 10
0.439908 2.46792 0.5 50000 3 20 1000 5 0.5 6
0.479112 1.27226 0.5 50000 3 20 1500 10 1 10
0.682216 3.00929 0.5 50000 3 20 1000 10 2 8
0.271024 0.838997 0.65 10000 3 20 1500 10 0.5 10
0.523378 1.45936 0.5 10000 3 20 1500 10 1 4
0.696975 5.22668 0.6 50000 3 25 1500 5 1 6
0.335706 0.140839 0.5 100000 3 50 1000 10 0.5 10
0.783475 6.67334 0.6 100000 3 20 1000 10 2 4
0.41612 0.528641 0.5 10000 3 50 1000 5 0.5 8
0.339421 0.121637 0.5 10000 3 50 1500 5 0.5 10
0.625612 3.13056 0.65 10000 3 25 1000 10 1 6
0.610264 1.52072 0.5 100000 3 25 1000 10 2 10
0.522703 1.40509 0.6 100000 3 25 1500 10 0.5 6
0.917807 8.03056 0.65 100000 3 25 1000 5 2 4
0.619408 4.93163 0.6 10000 3 50 1500 5 1 8
0.515336 2.14834 0.65 50000 3 25 1500 5 0.5 6
0.586056 2.98191 0.65 100000 3 50 1000 5 0.5 4
0.350265 1.23145 0.5 10000 3 20 1000 10 0.5 8
0.771224 5.67343 0.6 100000 3 50 1500 10 2 4
0.640066 3.96091 0.65 100000 3 20 1000 10 1 4
0.848782 6.3726 0.65 50000 3 20 1500 5 2 6
0.662542 4.8961 0.65 10000 3 50 1500 5 1 6
0.697349 5.42111 0.6 10000 3 50 1000 5 1 4
0.614574 2.51709 0.65 50000 3 25 1500 10 1 4
0.520561 3.07631 0.65 100000 3 20 1500 10 0.5 4
0.62262 2.73956 0.6 50000 3 20 1000 10 1 4
0.601427 2.30829 0.65 100000 3 50 1500 10 1 4
0.439996 0.943779 0.5 50000 3 50 1000 5 0.5 8
0.578292 3.4498 0.65 50000 3 25 1000 5 0.5 4
0.887649 7.94348 0.65 50000 3 20 1000 5 2 4
0.606464 3.55277 0.65 10000 3 20 1000 10 1 8
0.726851 5.52404 0.65 100000 3 25 1500 5 1 4
0.850216 8.05458 0.6 50000 3 25 1000 5 2 6
0.528257 2.26328 0.6 10000 3 25 1500 10 0.5 4
0.665928 2.48428 0.5 10000 3 50 1500 10 2 4
0.472136 1.75104 0.65 50000 3 50 1500 10 0.5 6
0.580566 1.8944 0.6 50000 3 50 1500 10 1 6
0.447761 1.45874 0.65 10000 3 25 1500 10 0.5 6
0.682928 4.27393 0.6 10000 3 50 1500 10 2 8
0.621039 2.97546 0.5 10000 3 25 1500 5 1 6
0.773472 4.97015 0.6 100000 3 50 1000 5 2 6
0.744694 4.34191 0.5 50000 3 25 1000 5 2 8
0.8788 6.60623 0.65 10000 3 50 1000 5 2 6
0.456464 1.72418 0.6 50000 3 50 1000 5 0.5 8
0.660243 4.36586 0.6 100000 3 20 1000 5 1 8
0.68413 5.47424 0.6 10000 3 20 1000 10 1 4
0.758302 6.27951 0.6 10000 3 25 1000 5 2 8
0.475631 2.89906 0.6 10000 3 20 1500 10 0.5 6
0.72206 4.35493 0.6 100000 3 20 1500 10 2 8
0.40262 0.632763 0.5 50000 3 20 1000 5 0.5 8
0.610885 2.99688 0.6 100000 3 50 1500 5 1 8
0.772024 8.02617 0.5 10000 3 25 1000 5 2 4
0.67555 3.00932 0.5 50000 3 20 1000 10 2 10
0.604018 1.90394 0.6 50000 3 50 1000 10 1 6
0.490639 1.4328 0.5 10000 3 20 1500 10 1 6
0.542752 0.610363 0.5 100000 3 50 1500 5 1 8
0.269463 0.18664 0.5 100000 3 25 1500 10 0.5 10
0.542122 2.23991 0.65 50000 3 50 1000 10 1 8
0.374635 0.655741 0.6 100000 3 25 1000 10 0.5 6
0.603257 2.67451 0.5 100000 3 20 1000 5 1 6
0.640033 3.81397 0.6 50000 3 25 1500 5 1 8
0.566497 3.14566 0.5 10000 3 50 1500 5 1 4
0.55541 1.31028 0.65 100000 3 50 1500 5 0.5 4
0.421068 0.868784 0.6 100000 3 25 1500 10 0.5 8
0.530682 2.20325 0.65 10000 3 25 1000 10 1 8
0.554616 3.22701 0.6 10000 3 50 1500 5 1 10
0.627452 2.35901 0.65 10000 3 20 1500 10 1 4
0.493798 1.67041 0.65 50000 3 25 1500 5 0.5 8
0.730255 4.62366 0.5 50000 3 25 1500 5 2 8
0.563613 2.05754 0.6 50000 3 20 1000 10 1 6
0.25718 1.17486 0.5 10000 3 20 1000 10 0.5 10
0.842766 5.78404 0.6 50000 3 20 1500 5 2 6
0.65982 4.91705 0.65 10000 3 50 1500 5 1 8
0.371245 0.477776 0.5 10000 3 50 1000 5 0.5 10
0.772157 6.20573 0.6 100000 3 20 1000 10 2 6
0.831128 6.54979 0.65 50000 3 20 1500 5 2 8
0.454026 2.25058 0.6 10000 3 25 1500 10 0.5 6
0.844144 6.54142 0.6 50000 3 25 1000 5 2 8
0.542455 1.43493 0.6 50000 3 50 1500 10 1 8
0.396541 0.895666 0.5 50000 3 50 1000 5 0.5 10
0.430038 1.45912 0.65 10000 3 25 1500 10 0.5 8
0.398797 0.313809 0.65 50000 3 50 1500 10 0.5 8
0.792598 6.76016 0.65 100000 3 25 1000 5 2 6
0.586297 3.2074 0.65 100000 3 20 1000 10 1 6
0.764395 4.72348 0.6 100000 3 50 1500 10 2 6
0.770418 4.98586 0.6 100000 3 50 1000 5 2 8
0.551635 2.10693 0.65 100000 3 50 1000 5 0.5 6
0.413008 1.67666 0.6 50000 3 50 1000 5 0.5 10
0.39186 0.63829 0.5 50000 3 20 1000 5 0.5 10
0.491441 1.80238 0.65 100000 3 20 1500 10 0.5 6
0.639183 4.2892 0.6 10000 3 50 1000 5 1 6
0.593914 1.39708 0.5 10000 3 50 1500 10 2 6
0.641091 3.55382 0.6 100000 3 20 1000 5 1 10
0.683549 3.63907 0.6 100000 3 20 1500 10 2 10
0.86183 6.76468 0.65 10000 3 50 1000 5 2 8
0.597406 2.42586 0.65 50000 3 25 1500 10 1 6
0.596407 2.31511 0.65 100000 3 50 1500 10 1 6
0.479376 2.13433 0.65 10000 3 20 1000 10 1 10
0.495804 1.96218 0.65 50000 3 25 1000 5 0.5 6
0.553963 2.22537 0.5 10000 3 25 1500 5 1 8
0.566654 1.74693 0.6 100000 3 50 1500 5 1 10
0.73076 4.13448 0.5 50000 3 25 1000 5 2 10
0.660568 4.30606 0.65 100000 3 25 1500 5 1 6
0.854005 7.4686 0.65 50000 3 20 1000 5 2 6
0.657474 3.46719 0.6 10000 3 50 1500 10 2 10
0.580469 2.96083 0.6 50000 3 25 1500 5 1 10
0.554691 2.08144 0.5 10000 3 50 1500 5 1 6
0.32221 0.803069 0.6 100000 3 25 1500 10 0.5 10
0.586834 2.21791 0.5 100000 3 20 1000 5 1 8
0.755778 6.02806 0.6 10000 3 25 1000 5 2 10
0.521985 1.77693 0.65 50000 3 50 1000 10 1 10
0.84437 8.35935 0.6 10000 3 50 1500 5 2 4
0.521598 0.572646 0.5 100000 3 50 1500 5 1 10
0.429489 2.92342 0.6 10000 3 20 1500 10 0.5 8
0.584906 3.39362 0.6 10000 3 20 1000 10 1 6
0.550337 1.3096 0.65 100000 3 50 1500 5 0.5 6
0.442496 0.798692 0.65 50000 3 25 1500 5 0.5 10
0.538553 1.88898 0.6 50000 3 50 1000 10 1 8
0.751232 4.86214 0.5 10000 3 25 1000 5 2 6
0.500927 2.04145 0.65 10000 3 25 1000 10 1 10
0.69872 4.56296 0.5 50000 3 25 1500 5 2 10
0.359083 0.64178 0.6 100000 3 25 1000 10 0.5 8
0.500085 1.93341 0.6 50000 3 20 1000 10 1 8
0.555743 2.43927 0.5 100000 3 25 1500 10 1 4
0.580917 2.75214 0.65 10000 3 50 1500 5 1 10
0.420033 2.25833 0.6 10000 3 25 1500 10 0.5 8
0.740428 5.53895 0.65 50000 3 20 1500 5 2 10
0.575728 3.4457 0.5 10000 3 20 1000 10 1 4
0.470011 0.859031 0.6 50000 3 50 1500 10 1 10
0.260946 0.262812 0.65 50000 3 50 1500 10 0.5 10
0.610049 2.92078 0.5 10000 3 50 1000 5 1 4
0.268822 0.796447 0.65 10000 3 25 1500 10 0.5 10
0.830331 6.55519 0.6 50000 3 25 1000 5 2 10
0.594924 2.3249 0.65 10000 3 20 1500 10 1 6
0.767644 4.96918 0.6 100000 3 50 1000 5 2 10
0.825112 5.81194 0.6 50000 3 20 1500 5 2 8
0.613976 3.89598 0.5 50000 3 50 1000 5 1 4
0.789681 6.65435 0.65 100000 3 25 1000 5 2 8
0.860992 6.77007 0.65 10000 3 50 1000 5 2 10
0.748309 4.61572 0.6 100000 3 20 1000 10 2 8
0.534775 1.95841 0.65 100000 3 20 1000 10 1 8
0.730056 4.44626 0.6 100000 3 50 1500 10 2 8
0.593319 1.39856 0.5 10000 3 50 1500 10 2 8
0.590854 3.16538 0.6 10000 3 50 1000 5 1 8
0.504347 1.56947 0.65 100000 3 50 1000 5 0.5 8
0.505858 1.18734 0.5 10000 3 25 1500 5 1 10
0.499558 1.89638 0.5 50000 3 25 1000 10 0.5 4
0.436863 1.35933 0.65 100000 3 20 1500 10 0.5 8
0.612904 3.37885 0.65 10000 3 20 1000 5 0.5 4
0.524636 1.32956 0.65 50000 3 25 1500 10 1 8
0.554214 1.77077 0.5 100000 3 20 1000 5 1 10
0.441193 1.93257 0.65 50000 3 25 1000 5 0.5 8
0.461278 1.92275 0.6 50000 3 20 1000 10 1 10
0.47288 2.74862 0.6 10000 3 25 1000 10 0.5 4
0.559456 1.78677 0.65 100000 3 50 1500 10 1 8
0.508141 0.83387 0.65 100000 3 50 1500 5 0.5 8
0.606751 3.7822 0.65 100000 3 25 1500 5 1 8
0.839585 6.20655 0.65 10000 3 20 1000 10 2 4
0.849277 7.40524 0.65 50000 3 20 1000 5 2 8
0.516215 1.27196 0.5 100000 3 25 1500 10 1 6
0.314349 2.23382 0.6 10000 3 20 1500 10 0.5 10
0.760912 4.30329 0.5 100000 3 50 1500 5 2 4
0.65371 3.55937 0.5 10000 3 25 1000 5 2 8
0.518416 1.4268 0.6 50000 3 50 1000 10 1 10
0.570476 3.4708 0.6 10000 3 20 1000 10 1 8
0.482544 1.371 0.5 10000 3 20 1000 10 1 6
0.297122 0.615246 0.6 100000 3 25 1000 10 0.5 10
0.540957 2.20349 0.5 10000 3 50 1000 5 1 6
0.567754 2.29287 0.65 10000 3 20 1500 10 1 8
0.525424 1.33931 0.5 50000 3 50 1000 5 1 6
0.592737 1.38203 0.5 10000 3 50 1500 10 2 10
0.500806 1.93998 0.65 100000 3 20 1000 10 1 10
0.743465 6.32721 0.65 100000 3 25 1000 5 2 10
0.734413 4.8011 0.6 50000 3 20 1500 5 2 10
0.713965 3.72588 0.6 100000 3 20 1000 10 2 10
0.674378 2.4643 0.6 100000 3 50 1500 10 2 10
0.386455 0.636083 0.5 50000 3 25 1000 10 0.5 6
0.756658 4.34573 0.5 10000 3 25 1500 5 2 4
0.538616 2.91212 0.6 10000 3 50 1000 5 1 10
0.487441 1.16349 0.5 100000 3 25 1500 10 1 8
0.465013 1.55973 0.65 100000 3 50 1000 5 0.5 10
0.418744 0.189052 0.65 100000 3 50 1500 5 0.5 10
0.580924 3.4128 0.65 10000 3 20 1000 5 0.5 6
0.78078 6.30107 0.5 100000 3 20 1000 5 2 4
0.423838 2.14052 0.6 10000 3 25 1000 10 0.5 6
0.317432 1.28272 0.65 100000 3 20 1500 10 0.5 10
0.400154 1.22232 0.65 50000 3 25 1000 5 0.5 10
0.517831 0.94028 0.65 50000 3 25 1500 10 1 10
0.607827 3.0113 0.6 10000 3 20 1500 10 1 4
0.653572 3.55618 0.5 10000 3 25 1000 5 2 10
0.751138 3.26007 0.5 100000 3 50 1500 5 2 6
0.473594 1.40502 0.5 10000 3 20 1000 10 1 8
0.486839 1.21961 0.65 100000 3 50 1500 10 1 10
0.601452 3.43836 0.65 100000 3 25 1500 5 1 10
0.78224 6.4802 0.6 50000 3 50 1000 10 2 4
0.778195 4.68406 0.65 10000 3 20 1000 10 2 6
0.493263 0.981556 0.5 10000 3 50 1000 5 1 8
0.455827 2.77701 0.6 10000 3 20 1000 10 1 10
0.840415 6.36884 0.65 50000 3 20 1000 5 2 10
0.638891 5.13569 0.6 100000 3 25 1000 10 1 4
0.50349 1.21947 0.5 50000 3 50 1000 5 1 8
0.562146 2.25202 0.65 10000 3 20 1500 10 1 10
0.594524 4.47109 0.6 10000 3 20 1000 5 0.5 4
0.463171 1.15637 0.5 100000 3 25 1500 10 1 10
0.818084 6.22909 0.65 100000 3 20 1000 10 2 4
0.611842 3.03275 0.6 100000 3 20 1500 5 0.5 4
0.50183 1.27309 0.65 100000 3 25 1000 10 0.5 4
0.316232 0.61344 0.5 50000 3 25 1000 10 0.5 8
0.576729 3.71359 0.6 50000 3 20 1500 10 0.5 4
0.531606 2.23312 0.65 100000 3 20 1000 5 0.5 4
0.751052 4.48887 0.5 10000 3 25 1500 5 2 6
0.722622 5.25593 0.5 100000 3 20 1000 5 2 6
0.393503 1.23048 0.5 10000 3 20 1000 10 1 10
0.406864 2.13124 0.6 10000 3 25 1000 10 0.5 8
0.850307 7.39147 0.6 10000 3 50 1000 5 2 4
0.518754 3.36273 0.65 10000 3 20 1000 5 0.5 8
0.679991 4.56715 0.65 100000 3 50 1000 5 1 4
0.408932 1.23457 0.5 10000 3 25 1000 10 0.5 4
0.573999 2.97644 0.6 10000 3 20 1500 10 1 6
0.466493 0.508234 0.5 10000 3 50 1000 5 1 10
0.648403 3.31717 0.65 100000 3 20 1500 10 1 4
0.690193 2.40452 0.5 100000 3 50 1500 5 2 8
0.732671 4.77481 0.6 50000 3 50 1000 10 2 6
0.745723 7.56152 0.65 50000 3 25 1000 5 1 4
0.837229 6.16884 0.65 50000 3 25 1500 10 2 4
0.855494 9.01784 0.65 100000 3 25 1500 5 2 4
0.814538 7.49588 0.65 100000 3 50 1500 10 2 4
0.761128 4.07356 0.65 10000 3 20 1000 10 2 8
0.468904 1.89471 0.65 50000 3 20 1000 10 0.5 4
0.822363 7.60605 0.6 10000 3 20 1000 10 2 4
0.486428 1.24316 0.5 50000 3 50 1000 5 1 10
0.603423 3.01733 0.6 100000 3 25 1000 10 1 6
0.54648 3.30313 0.6 10000 3 20 1000 5 0.5 6
0.859838 5.11343 0.65 10000 3 20 1500 10 2 4
0.227541 0.119265 0.5 50000 3 25 1000 10 0.5 10
0.585142 2.97716 0.6 100000 3 20 1500 5 0.5 6
0.806766 5.76148 0.65 100000 3 20 1000 10 2 6
0.718602 3.52869 0.5 100000 3 20 1000 5 2 8
0.374635 0.655741 0.65 100000 3 25 1000 10 0.5 6
0.744533 4.82505 0.5 10000 3 25 1500 5 2 8
0.716374 4.77092 0.5 10000 3 20 1000 10 2 4
0.438694 1.29421 0.6 50000 3 20 1500 10 0.5 6
0.49944 1.94315 0.65 100000 3 20 1000 5 0.5 6
0.276736 2.06586 0.6 10000 3 25 1000 10 0.5 10
0.356817 0.598892 0.5 10000 3 25 1000 10 0.5 6
0.754437 4.8049 0.5 10000 3 50 1000 5 2 4
0.836971 6.54294 0.6 10000 3 50 1000 5 2 6
0.686506 2.39233 0.5 100000 3 50 1500 5 2 10
0.496323 3.35076 0.65 10000 3 20 1000 5 0.5 10
0.540529 2.96002 0.6 10000 3 20 1500 10 1 8
0.58449 2.66288 0.65 100000 3 50 1000 5 1 6
0.623064 3.27957 0.65 100000 3 20 1500 10 1 6
0.692358 3.04464 0.6 50000 3 50 1000 10 2 8
0.715479 5.49547 0.65 50000 3 25 1000 5 1 6
0.791003 6.68787 0.65 50000 3 25 1500 10 2 6
0.464873 1.2224 0.65 50000 3 20 1000 10 0.5 6
0.743909 4.55512 0.6 10000 3 20 1000 10 2 6
0.851473 9.03093 0.65 100000 3 25 1500 5 2 6
0.76904 5.51668 0.65 100000 3 50 1500 10 2 6
0.742132 4.08842 0.65 10000 3 20 1000 10 2 10
0.542906 1.79207 0.6 100000 3 25 1000 10 1 8
0.481378 3.30112 0.6 10000 3 20 1000 5 0.5 8
0.709416 3.67349 0.5 100000 3 20 1000 5 2 10
0.69042 2.93431 0.5 10000 3 25 1500 5 2 10
0.79147 4.6932 0.65 10000 3 20 1500 10 2 6
0.359083 0.64178 0.65 100000 3 25 1000 10 0.5 8
0.537522 3.00891 0.6 100000 3 20 1500 5 0.5 8
0.765006 4.81485 0.65 100000 3 20 1000 10 2 8
0.341784 0.602556 0.5 10000 3 25 1000 10 0.5 8
0.341853 0.280667 0.6 50000 3 20 1500 10 0.5 8
0.651808 4.56169 0.6 10000 3 25 1000 10 1 4
0.452868 1.92725 0.65 100000 3 20 1000 5 0.5 8
0.829334 6.5599 0.6 10000 3 50 1000 5 2 8
0.532754 2.92182 0.6 10000 3 20 1500 10 1 10
0.697916 6.16419 0.65 10000 3 20 1000 5 1 4
0.579482 2.69239 0.65 100000 3 50 1000 5 1 8
0.575232 3.50517 0.65 100000 3 20 1500 10 1 8
0.668975 2.2347 0.6 50000 3 50 1000 10 2 10
0.634905 4.3324 0.65 50000 3 25 1000 5 1 8
0.379359 0.643398 0.65 50000 3 20 1000 10 0.5 8
0.773114 5.19883 0.65 50000 3 25 1500 10 2 8
0.727394 3.95591 0.6 10000 3 20 1000 10 2 8
0.836686 7.16538 0.65 100000 3 25 1500 5 2 8
0.734702 5.23946 0.65 100000 3 50 1500 10 2 8
0.671476 4.79185 0.65 10000 3 20 1500 5 0.5 4
0.512026 1.7833 0.6 100000 3 25 1000 10 1 10
0.297122 0.615246 0.65 100000 3 25 1000 10 0.5 10
0.422928 1.72591 0.6 100000 3 20 1500 5 0.5 10
0.717501 3.92501 0.65 100000 3 20 1000 10 2 10
0.605725 3.78515 0.6 10000 3 25 1000 10 1 6
0.769109 4.09224 0.65 10000 3 20 1500 10 2 8
0.443613 1.93407 0.65 100000 3 20 1000 5 0.5 10
0.321918 0.290122 0.6 50000 3 20 1500 10 0.5 10
0.818476 6.77164 0.6 10000 3 50 1000 5 2 10
0.826572 5.32191 0.6 10000 3 20 1500 10 2 4
0.702069 5.12426 0.65 10000 3 20 1000 5 1 6
0.567728 2.69155 0.65 100000 3 50 1000 5 1 10
0.478832 1.33895 0.65 100000 3 20 1500 10 1 10
0.579323 3.60058 0.65 50000 3 25 1000 5 1 10
0.755896 5.19928 0.65 50000 3 25 1500 10 2 10
0.329765 0.642204 0.65 50000 3 20 1000 10 0.5 10
0.708231 3.97279 0.6 10000 3 20 1000 10 2 10
0.802665 6.69863 0.65 100000 3 25 1500 5 2 10
0.57949 3.87377 0.65 10000 3 20 1500 5 0.5 6
0.679024 3.2575 0.65 100000 3 50 1500 10 2 10
0.747224 3.60711 0.65 10000 3 20 1500 10 2 10
0.530541 2.19547 0.65 10000 3 20 1500 5 0.5 8
