# Testing 192 configurations 
# Reading [30] trace.out files from [../parrot-traces/polybench-v0.1-normal/]
# -> Parrot_l1_2mm.latency_trace.out
# -> Parrot_l1_jacobi-2d.latency_trace.out
# -> Parrot_l1_mvt.latency_trace.out
# -> Parrot_l1_floyd-warshall.latency_trace.out
# -> Parrot_l1_trisolv.latency_trace.out
# -> Parrot_l1_deriche.latency_trace.out
# -> Parrot_l1_symm.latency_trace.out
# -> Parrot_l1_syr2k.latency_trace.out
# -> Parrot_l1_nussinov.latency_trace.out
# -> Parrot_l1_heat-3d.latency_trace.out
# -> Parrot_l1_doitgen.latency_trace.out
# -> Parrot_l1_covariance.latency_trace.out
# -> Parrot_l1_trmm.latency_trace.out
# -> Parrot_l1_lu.latency_trace.out
# -> Parrot_l1_bicg.latency_trace.out
# -> Parrot_l1_3mm.latency_trace.out
# -> Parrot_l1_cholesky.latency_trace.out
# -> Parrot_l1_seidel-2d.latency_trace.out
# -> Parrot_l1_jacobi-1d.latency_trace.out
# -> Parrot_l1_gemver.latency_trace.out
# Done loading files.
pct acc threshold phase_length stable_min window_start summarize proj_dist proj_delta p_j
0.564841 1.91572 0.6 50000 3 25 1500 5 0.5 10
0.520038 0.471201 0.65 50000 3 20 1000 10 0.5 10
0.598248 2.99902 0.6 50000 3 20 1500 5 0.5 4
0.520038 0.471201 0.6 50000 3 20 1000 10 0.5 10
0.475819 0.502223 0.6 50000 3 20 1500 10 0.5 10
0.475819 0.502223 0.65 50000 3 20 1500 10 0.5 10
0.417965 0.244749 0.6 50000 3 25 1500 10 0.5 10
0.417965 0.244749 0.65 50000 3 25 1500 10 0.5 10
0.603454 2.58226 0.65 50000 3 20 1500 10 0.5 4
0.603454 2.58226 0.6 50000 3 20 1500 10 0.5 4
0.591841 2.69185 0.65 50000 3 20 1500 5 0.5 4
0.564841 1.91572 0.65 50000 3 25 1500 5 0.5 10
0.678264 5.23006 0.6 50000 3 25 1500 5 1 4
0.61356 4.39718 0.6 50000 3 20 1500 10 1 4
0.619686 3.02922 0.65 50000 3 20 1000 10 1 4
0.607453 4.02613 0.65 50000 3 20 1500 10 1 4
0.592793 2.6843 0.6 50000 3 20 1500 5 0.5 6
0.614637 3.13704 0.6 50000 3 20 1000 10 1 4
0.551825 1.22625 0.65 50000 3 20 1500 10 0.5 6
0.685141 5.41035 0.6 50000 3 25 1500 10 1 4
0.551825 1.22625 0.6 50000 3 20 1500 10 0.5 6
0.680381 4.7253 0.65 50000 3 25 1500 10 1 4
0.592793 2.6843 0.65 50000 3 20 1500 5 0.5 6
0.682703 5.48035 0.65 50000 3 25 1500 5 1 4
0.65725 4.71009 0.6 50000 3 25 1500 5 1 6
0.606894 2.69697 0.6 50000 3 20 1500 10 1 6
0.606894 2.69697 0.65 50000 3 20 1500 10 1 6
0.476814 0.507964 0.65 50000 3 20 1500 10 0.5 8
0.476814 0.507964 0.6 50000 3 20 1500 10 0.5 8
0.608083 2.70753 0.6 50000 3 20 1000 10 1 6
0.574197 2.07551 0.6 50000 3 20 1500 5 0.5 8
0.608083 2.70753 0.65 50000 3 20 1000 10 1 6
0.617639 3.31269 0.6 50000 3 25 1500 10 1 6
0.61288 2.62477 0.65 50000 3 25 1500 10 1 6
0.574197 2.07551 0.65 50000 3 20 1500 5 0.5 8
0.661689 4.96038 0.65 50000 3 25 1500 5 1 6
0.627194 4.51643 0.6 50000 3 20 1000 5 1 8
0.596453 3.1624 0.6 50000 3 25 1000 5 0.5 4
0.674014 5.60233 0.6 50000 3 20 1500 10 2 6
0.653242 4.07273 0.6 50000 3 20 1000 10 2 6
0.60802 2.65691 0.6 50000 3 20 1000 10 1 8
0.620149 2.87533 0.6 50000 3 20 1500 5 1 8
0.587362 1.97133 0.65 50000 3 25 1500 10 1 8
0.605173 2.73207 0.6 50000 3 25 1500 10 0.5 4
0.600382 2.64406 0.6 50000 3 20 1000 10 0.5 4
0.570475 1.9559 0.65 50000 3 20 1000 5 0.5 10
0.605173 2.73207 0.65 50000 3 25 1500 10 0.5 4
0.601466 2.68598 0.6 50000 3 25 1000 10 0.5 4
0.573464 2.09814 0.65 50000 3 25 1000 5 0.5 10
0.587362 1.97133 0.6 50000 3 25 1500 10 1 8
0.587565 2.05611 0.65 50000 3 20 1500 10 1 8
0.763516 6.57004 0.65 50000 3 20 1000 5 2 6
0.680029 4.92647 0.65 50000 3 25 1500 10 2 6
0.639769 4.83027 0.65 50000 3 25 1000 10 2 6
0.592124 2.73889 0.65 50000 3 25 1000 5 0.5 4
0.795583 5.72663 0.65 50000 3 25 1500 5 2 6
0.673607 5.44009 0.65 50000 3 20 1500 10 2 6
0.619742 2.71309 0.65 50000 3 20 1500 5 1 8
0.591523 2.08182 0.6 50000 3 25 1500 5 1 8
0.587565 2.05611 0.6 50000 3 20 1500 10 1 8
0.523987 0.555397 0.65 50000 3 25 1000 10 0.5 10
0.605407 2.56214 0.65 50000 3 20 1000 10 0.5 4
0.607306 2.79545 0.6 50000 3 25 1000 10 1 8
0.574197 2.07551 0.6 50000 3 20 1500 5 0.5 10
0.620134 4.6804 0.65 50000 3 25 1000 5 1 8
0.669969 4.45929 0.65 50000 3 20 1000 10 2 6
0.783019 6.19055 0.6 50000 3 25 1000 5 2 6
0.607306 2.79545 0.65 50000 3 25 1000 10 1 8
0.523987 0.555397 0.6 50000 3 25 1000 10 0.5 10
0.790507 5.21068 0.6 50000 3 25 1500 5 2 6
0.60677 2.61923 0.65 50000 3 25 1500 5 1 8
0.620647 3.71999 0.65 50000 3 20 1000 5 0.5 4
0.601466 2.68598 0.65 50000 3 25 1000 10 0.5 4
0.68012 4.91307 0.6 50000 3 25 1500 10 2 6
0.617974 4.43747 0.6 50000 3 25 1000 5 1 8
0.815536 6.33226 0.65 50000 3 20 1500 5 2 6
0.805576 6.07841 0.6 50000 3 20 1500 5 2 6
0.7526 6.16276 0.6 50000 3 20 1000 5 2 6
0.632591 4.93194 0.65 50000 3 20 1000 5 1 8
0.616323 4.52221 0.65 50000 3 25 1500 5 0.5 4
0.619303 4.42181 0.6 50000 3 25 1500 5 0.5 4
0.634516 4.80457 0.6 50000 3 25 1000 10 2 6
0.573464 2.09814 0.6 50000 3 25 1000 5 0.5 10
0.574197 2.07551 0.65 50000 3 20 1500 5 0.5 10
0.570475 1.9559 0.6 50000 3 20 1000 5 0.5 10
0.792024 6.3475 0.65 50000 3 25 1000 5 2 6
0.60802 2.65691 0.65 50000 3 20 1000 10 1 8
0.608945 3.24231 0.6 50000 3 20 1000 5 0.5 4
0.580992 1.94659 0.65 50000 3 25 1500 10 1 10
0.594779 2.67439 0.6 50000 3 20 1000 10 0.5 6
0.581646 2.48837 0.6 50000 3 25 1500 5 0.5 6
0.597391 2.48251 0.65 50000 3 25 1000 5 1 10
0.610975 3.99469 0.6 50000 3 20 1000 10 2 8
0.588457 2.07755 0.6 50000 3 25 1500 5 1 10
0.702287 4.39419 0.6 50000 3 25 1500 5 2 8
0.587565 2.05611 0.6 50000 3 20 1500 10 1 10
0.632971 4.83046 0.6 50000 3 25 1000 10 2 8
0.541984 1.09033 0.65 50000 3 25 1500 10 0.5 6
0.661027 4.95497 0.6 50000 3 25 1000 10 1 4
0.592204 2.75265 0.6 50000 3 25 1000 5 0.5 6
0.633199 4.93877 0.65 50000 3 25 1000 10 2 8
0.722092 6.70893 0.65 50000 3 20 1000 5 2 8
0.587565 2.05611 0.65 50000 3 20 1500 10 1 10
0.718698 5.27488 0.6 50000 3 20 1500 5 1 4
0.596951 2.5105 0.65 50000 3 20 1500 5 1 10
0.573356 2.06342 0.65 50000 3 25 1500 5 0.5 6
0.597358 2.67275 0.6 50000 3 20 1500 5 1 10
0.544553 1.21894 0.6 50000 3 25 1000 10 0.5 6
0.599816 4.00546 0.65 50000 3 25 1500 10 2 8
0.589347 2.13228 0.6 50000 3 25 1000 10 1 10
0.600251 3.86315 0.65 50000 3 20 1500 10 2 8
0.726048 5.54366 0.6 50000 3 25 1000 5 2 8
0.616372 4.4102 0.65 50000 3 20 1000 10 2 8
0.580992 1.94659 0.6 50000 3 25 1500 10 1 10
0.656699 4.53145 0.65 50000 3 25 1000 10 1 4
0.588965 2.05397 0.6 50000 3 20 1000 10 1 10
0.699845 5.9897 0.65 50000 3 20 1000 5 1 4
0.710533 5.60125 0.65 50000 3 25 1000 5 1 4
0.602378 4.04647 0.6 50000 3 20 1500 10 2 8
0.588457 2.07755 0.65 50000 3 25 1500 5 1 10
0.707363 4.99726 0.65 50000 3 25 1500 5 2 8
0.592204 2.75265 0.65 50000 3 25 1000 5 0.5 6
0.602215 4.03228 0.6 50000 3 25 1500 10 2 8
0.594779 2.67439 0.65 50000 3 20 1000 10 0.5 6
0.589347 2.13228 0.65 50000 3 25 1000 10 1 10
0.596751 2.43988 0.65 50000 3 20 1000 5 1 10
0.59025 2.63742 0.65 50000 3 20 1000 5 0.5 6
0.591353 2.02437 0.6 50000 3 20 1000 5 1 10
0.711447 6.36558 0.6 50000 3 20 1000 5 2 8
0.541984 1.09033 0.6 50000 3 25 1500 10 0.5 6
0.597382 2.45277 0.6 50000 3 25 1000 5 1 10
0.745144 5.67843 0.6 50000 3 20 1500 5 2 8
0.725827 5.40679 0.65 50000 3 20 1500 5 1 4
0.544553 1.21894 0.65 50000 3 25 1000 10 0.5 6
0.735053 5.70145 0.65 50000 3 25 1000 5 2 8
0.588965 2.05397 0.65 50000 3 20 1000 10 1 10
0.754654 6.0841 0.65 50000 3 20 1500 5 2 8
0.694397 5.83531 0.6 50000 3 20 1000 5 1 4
0.704212 5.66645 0.6 50000 3 25 1000 5 1 4
0.645661 5.51811 0.6 50000 3 20 1500 5 1 6
0.607484 2.78627 0.6 50000 3 25 1000 10 1 6
0.598594 3.78352 0.6 50000 3 25 1000 10 2 10
0.571212 1.94046 0.6 50000 3 25 1500 5 0.5 8
0.598603 3.81326 0.65 50000 3 25 1000 10 2 10
0.59276 3.36131 0.6 50000 3 20 1000 10 2 10
0.591423 2.76131 0.6 50000 3 25 1000 5 0.5 8
0.598157 3.77682 0.65 50000 3 20 1000 10 2 10
0.712013 6.02514 0.65 50000 3 20 1500 10 2 4
0.727448 4.64873 0.6 50000 3 25 1500 5 2 10
0.698004 6.06011 0.65 50000 3 20 1000 5 2 10
0.545486 1.212 0.6 50000 3 20 1000 10 0.5 8
0.541946 1.21857 0.6 50000 3 25 1000 10 0.5 8
0.466191 0.28278 0.65 50000 3 25 1500 10 0.5 8
0.861079 6.13899 0.65 50000 3 25 1000 5 2 4
0.760133 5.60992 0.6 50000 3 25 1500 10 2 4
0.881869 5.96681 0.65 50000 3 20 1500 5 2 4
0.837556 5.99208 0.6 50000 3 25 1500 5 2 4
0.765353 5.6566 0.65 50000 3 25 1500 10 2 4
0.733556 5.36419 0.65 50000 3 25 1500 5 2 10
0.751104 6.14892 0.6 50000 3 20 1000 10 2 4
0.817155 6.84864 0.65 50000 3 20 1000 5 2 4
0.591481 2.19551 0.65 50000 3 25 1500 10 2 10
0.545486 1.212 0.65 50000 3 20 1000 10 0.5 8
0.701682 5.91651 0.6 50000 3 20 1500 10 2 4
0.571212 1.94046 0.65 50000 3 25 1500 5 0.5 8
0.599771 2.62046 0.6 50000 3 25 1500 10 2 10
0.876591 5.52523 0.6 50000 3 20 1500 5 2 4
0.607484 2.78627 0.65 50000 3 25 1000 10 1 6
0.598158 3.85768 0.65 50000 3 20 1500 10 2 10
0.600285 4.04099 0.6 50000 3 20 1500 10 2 10
0.636906 5.48107 0.6 50000 3 20 1000 5 1 6
0.807312 6.43207 0.6 50000 3 20 1000 5 2 4
0.845433 6.29317 0.65 50000 3 25 1500 5 2 4
0.75901 6.36841 0.65 50000 3 20 1000 10 2 4
0.646087 5.29887 0.65 50000 3 20 1500 5 1 6
0.71372 5.15792 0.6 50000 3 25 1000 10 2 4
0.668223 5.12865 0.65 50000 3 25 1000 5 1 6
0.68717 4.99899 0.6 50000 3 20 1500 5 2 10
0.591423 2.76131 0.65 50000 3 25 1000 5 0.5 8
0.689733 5.36366 0.6 50000 3 20 1000 5 2 10
0.541946 1.21857 0.65 50000 3 25 1000 10 0.5 8
0.59007 2.69559 0.65 50000 3 20 1000 5 0.5 8
0.644779 5.56851 0.65 50000 3 20 1000 5 1 6
0.686048 5.30857 0.65 50000 3 25 1000 5 2 10
0.696679 5.44257 0.65 50000 3 20 1500 5 2 10
0.850581 5.9228 0.6 50000 3 25 1000 5 2 4
0.682578 5.15999 0.6 50000 3 25 1000 5 2 10
0.711807 5.28212 0.65 50000 3 25 1000 10 2 4
0.466191 0.28278 0.6 50000 3 25 1500 10 0.5 8
0.667995 5.02034 0.6 50000 3 25 1000 5 1 6
0.59025 2.63742 0.6 50000 3 20 1000 5 0.5 6
0.59007 2.69559 0.6 50000 3 20 1000 5 0.5 8
